number,value,datetime_start,datetime_complete,duration,params_attn_dropout,params_clip_layer,params_dim_feedforward,params_lr,params_lr_scheduler,params_mlp_dropout,params_mlp_hidden_dim,params_n_heads,params_num_layers,params_optimizer_type,params_weight_decay,system_attrs_completed_rung_0,system_attrs_completed_rung_1,system_attrs_completed_rung_2,system_attrs_completed_rung_3,state
926,0.8164923469387755,2026-04-22 05:37:32.270025,2026-04-22 05:37:39.110424,0 days 00:00:06.840399,0.20265614847405378,block_16,1024,3.662258754250726e-05,cosine,0.3683735887096218,512,32,9,adam,1.3462029184657377e-05,0.8164923469387755,,,,PRUNED
927,0.8241581632653061,2026-04-22 05:37:39.269231,2026-04-22 05:37:45.684796,0 days 00:00:06.415565,0.27407611086438943,block_16,1024,0.00042431373385897543,cosine,0.06224299681548036,512,32,8,adam,0.01045524674805126,0.8241581632653061,,,,PRUNED
928,0.8394387755102041,2026-04-22 05:37:45.842264,2026-04-22 05:37:52.703419,0 days 00:00:06.861155,0.29650337845950714,block_16,1024,0.0001448142029967963,cosine,0.13491369020577007,1024,2,11,adam,0.019448951067497326,0.8394387755102041,,,,PRUNED
929,0.8413010204081632,2026-04-22 05:37:52.857501,2026-04-22 05:37:59.035567,0 days 00:00:06.178066,0.26514151817485765,block_16,1024,9.201483224904387e-05,cosine,0.24437732464787928,1024,8,6,adam,0.07841520767302378,0.8413010204081632,,,,PRUNED
930,0.9538520408163266,2026-04-22 05:37:59.183214,2026-04-22 05:40:48.509099,0 days 00:02:49.325885,0.5681571216093277,block_16,1024,0.00020396074112171737,cosine,0.010935962657400964,1024,32,14,adam,0.018319618533777702,0.9372448979591836,0.951186224489796,,,COMPLETE
931,0.8319260204081633,2026-04-22 05:40:48.634779,2026-04-22 05:40:54.825664,0 days 00:00:06.190885,0.5244838145511447,block_16,1024,0.00028761505000382206,cosine,0.3375245313779778,512,8,6,adam,1.1931474802245928e-06,0.8319260204081633,,,,PRUNED
932,0.8294387755102041,2026-04-22 05:40:54.978324,2026-04-22 05:41:01.435270,0 days 00:00:06.456946,0.25187839802654044,block_16,1024,0.00014324962377076068,cosine,0.3376205193883688,2048,16,9,adam,0.004319836801313041,0.8294387755102041,,,,PRUNED
933,0.9005612244897959,2026-04-22 05:41:01.591445,2026-04-22 05:41:14.143298,0 days 00:00:12.551853,0.5909262147404568,block_16,1024,9.182801277348651e-05,cosine,0.16800139893166138,1024,8,10,adam,0.09917421538618629,0.8495535714285714,0.9005612244897959,,,PRUNED
934,0.911607142857143,2026-04-22 05:41:14.307069,2026-04-22 05:41:26.407065,0 days 00:00:12.099996,0.5533514250301674,block_16,1024,7.336883965165737e-05,cosine,0.07008646157688526,1024,32,6,adam,0.007436776953923414,0.8687117346938776,0.911607142857143,,,PRUNED
935,0.7804591836734694,2026-04-22 05:41:26.552835,2026-04-22 05:41:33.435485,0 days 00:00:06.882650,0.2974222750013792,block_16,1024,0.00030564314547651503,cosine,0.16689036447602507,3072,2,11,adam,0.00030007907072727085,0.7804591836734694,,,,PRUNED
936,0.8347448979591837,2026-04-22 05:41:33.578024,2026-04-22 05:41:40.153860,0 days 00:00:06.575836,0.4040436915881944,block_16,1024,0.0002463881446481122,cosine,0.07331127799763207,1024,2,10,adam,0.07781410004003872,0.8347448979591837,,,,PRUNED
937,0.9440816326530612,2026-04-22 05:41:40.303850,2026-04-22 05:43:37.764934,0 days 00:01:57.461084,0.358682584709502,block_16,1024,0.0001338263656552516,cosine,0.3242942760709426,512,32,14,adam,1.3922449617363782e-05,0.9365688775510204,0.9440816326530612,,,PRUNED
938,0.9061989795918367,2026-04-22 05:43:37.924959,2026-04-22 05:43:53.097170,0 days 00:00:15.172211,0.246339809351173,block_16,1024,0.00017117780556152992,cosine,0.1942827374386769,1024,8,14,adam,0.026423491254060325,0.9061989795918367,,,,PRUNED
939,0.8317857142857142,2026-04-22 05:43:53.301362,2026-04-22 05:44:00.628477,0 days 00:00:07.327115,0.6132517326292848,block_16,1024,0.00014146384976004178,cosine,0.020880841976936855,3072,32,10,adam,0.006925023056383222,0.8317857142857142,,,,PRUNED
940,0.9315688775510204,2026-04-22 05:44:00.777021,2026-04-22 05:44:37.225299,0 days 00:00:36.448278,0.5850063627771636,block_16,1024,0.00026259195575754527,cosine,0.39794815519874005,1024,32,11,adam,1.1066874525032638e-05,0.9315688775510204,,,,PRUNED
941,0.8019642857142857,2026-04-22 05:44:37.365900,2026-04-22 05:44:43.610693,0 days 00:00:06.244793,0.25288842873759065,block_16,1024,0.0005546720736431081,cosine,0.1988376531466997,1024,32,7,adam,0.05944334560750711,0.8019642857142857,,,,PRUNED
942,0.9360969387755103,2026-04-22 05:44:43.754210,2026-04-22 05:45:15.884615,0 days 00:00:32.130405,0.4928963503095941,block_16,1024,0.00026911690055552915,cosine,0.11436547623708085,1024,16,10,adam,0.002555461691574434,0.8657397959183674,0.9194642857142857,0.9360969387755103,,PRUNED
943,0.8457270408163267,2026-04-22 05:45:16.025562,2026-04-22 05:45:23.283713,0 days 00:00:07.258151,0.39428136135125913,block_16,1024,0.0001446099977775328,cosine,0.15001017073559006,3072,2,12,adam,0.028261478783118067,0.8457270408163267,,,,PRUNED
944,0.9343494897959184,2026-04-22 05:45:23.463278,2026-04-22 05:46:03.777093,0 days 00:00:40.313815,0.5503487300185118,block_16,1024,0.0001930103621775234,cosine,0.0026253408987337414,1024,32,13,adam,0.0038921461090544104,0.8694005102040816,0.9186224489795918,0.9343494897959184,,PRUNED
945,0.913469387755102,2026-04-22 05:46:03.928963,2026-04-22 05:46:19.188022,0 days 00:00:15.259059,0.4196397084550135,block_16,1024,9.851090579454632e-05,cosine,0.36558479625236945,1024,16,13,adam,1.5038496409131793e-05,0.8578954081632654,0.913469387755102,,,PRUNED
946,0.9460714285714285,2026-04-22 05:46:19.333324,2026-04-22 05:48:01.775652,0 days 00:01:42.442328,0.31693987151430153,block_16,1024,8.826453222092191e-05,cosine,0.2048538366623761,1024,2,14,adam,0.0006317877149999219,0.9139158163265305,0.9379209183673469,0.9460714285714285,,PRUNED
947,0.9141326530612245,2026-04-22 05:48:01.944459,2026-04-22 05:48:15.854998,0 days 00:00:13.910539,0.6210901869367331,block_16,1024,0.0002319653663642298,cosine,0.18584067932165796,1024,32,10,adam,0.0016104795001730028,0.8773979591836735,0.9141326530612245,,,PRUNED
948,0.9046301020408162,2026-04-22 05:48:15.999734,2026-04-22 05:48:30.574830,0 days 00:00:14.575096,0.30081815839536075,block_16,1024,0.0002132943705545289,cosine,0.11554850646882205,1024,2,13,adam,0.0738241237845459,0.9046301020408162,,,,PRUNED
949,0.8191326530612245,2026-04-22 05:48:30.727335,2026-04-22 05:48:37.267779,0 days 00:00:06.540444,0.6226917809519913,block_16,1024,0.0003279387817749338,cosine,0.2512105024221635,512,8,10,adam,3.876996925986003e-06,0.8191326530612245,,,,PRUNED
950,0.948405612244898,2026-04-22 05:48:37.412625,2026-04-22 05:49:58.746731,0 days 00:01:21.334106,0.5046129214280831,block_16,1024,0.00021970598362972465,cosine,0.09600681943674946,1024,32,7,adam,0.003465659106618047,0.888762755102041,0.9266709183673469,0.938954081632653,0.948405612244898,PRUNED
951,0.8243750000000001,2026-04-22 05:49:58.896538,2026-04-22 05:50:07.829374,0 days 00:00:08.932836,0.5243724575628945,block_16,1024,0.0002897689341224987,cosine,0.1115571438960835,1024,32,14,adam,0.005057905822279989,0.8243750000000001,,,,PRUNED
952,0.9505739795918368,2026-04-22 05:50:07.980288,2026-04-22 05:51:29.323251,0 days 00:01:21.342963,0.24824778460713387,block_16,1024,0.000234261635386623,cosine,0.14187573337371243,1024,2,7,adam,0.008053595971936545,0.9192602040816326,0.9384183673469388,0.9505739795918368,,PRUNED
953,0.8308545918367347,2026-04-22 05:51:29.464382,2026-04-22 05:51:37.332356,0 days 00:00:07.867974,0.31509311205437424,block_16,1024,0.00016319532317439717,cosine,0.22669656294144844,1024,8,14,adam,0.03963632271495474,0.8308545918367347,,,,PRUNED
954,0.8840688775510205,2026-04-22 05:51:37.492949,2026-04-22 05:51:49.595685,0 days 00:00:12.102736,0.529688750205647,block_16,1024,0.0001270378772938281,cosine,0.033189449790424874,3072,32,6,adam,0.05464488448165678,0.8840688775510205,,,,PRUNED
955,0.8955102040816326,2026-04-22 05:51:49.734365,2026-04-22 05:52:06.984892,0 days 00:00:17.250527,0.20042449418071145,block_16,1024,7.9032413690346e-05,cosine,0.1615655150430691,3072,32,14,adam,0.023850768250573518,0.8955102040816326,,,,PRUNED
956,0.954094387755102,2026-04-22 05:52:07.149490,2026-04-22 05:54:36.002467,0 days 00:02:28.852977,0.3463163352030396,block_16,1024,0.00021987237207419995,cosine,0.02034296831467465,1024,8,14,adam,0.03409122577288106,0.9519770408163265,,,,COMPLETE
957,0.8151658163265306,2026-04-22 05:54:36.140482,2026-04-22 05:54:43.700265,0 days 00:00:07.559783,0.36077409457902176,block_16,1024,0.0005097340253243,cosine,0.003972480169658205,1024,8,13,adam,0.03953539556128223,0.8151658163265306,,,,PRUNED
958,0.9335459183673469,2026-04-22 05:54:43.861243,2026-04-22 05:55:22.760188,0 days 00:00:38.898945,0.2142417158843878,block_16,1024,0.00025545564316064386,cosine,0.20482228654886117,2048,16,14,adam,0.020252061162501524,0.9335459183673469,,,,PRUNED
959,0.916390306122449,2026-04-22 05:55:22.916183,2026-04-22 05:55:37.760945,0 days 00:00:14.844762,0.605817876792535,block_16,1024,0.00014390124647811818,cosine,0.0016413035829007487,1024,32,11,adam,0.02691836673976698,0.8569770408163265,0.916390306122449,,,PRUNED
960,0.9065688775510203,2026-04-22 05:55:37.913358,2026-04-22 05:55:50.624672,0 days 00:00:12.711314,0.6874743007177839,block_16,1024,4.6785890809047546e-05,cosine,0.13369104434513657,1024,2,10,adam,6.4391812544937e-05,0.9065688775510203,,,,PRUNED
961,0.9343367346938776,2026-04-22 05:55:50.780887,2026-04-22 05:56:32.898076,0 days 00:00:42.117189,0.5415611161826716,block_16,1024,0.0004969471348189762,cosine,0.02946270518095696,1024,32,14,adam,0.00498866259312908,0.9343367346938776,,,,PRUNED
962,0.9094515306122449,2026-04-22 05:56:33.058769,2026-04-22 05:56:47.737017,0 days 00:00:14.678248,0.36654313043116066,block_16,1024,0.00017916538958577215,cosine,0.004793491769572016,1024,8,13,adam,0.013464272666473156,0.9094515306122449,,,,PRUNED
963,0.8373979591836733,2026-04-22 05:56:47.915823,2026-04-22 05:56:55.309835,0 days 00:00:07.394012,0.36482962995743257,block_16,1024,0.00018460480064061592,cosine,0.04826365026471014,1024,8,12,adam,0.08416594183730088,0.8373979591836733,,,,PRUNED
964,0.8126913265306122,2026-04-22 05:56:55.461831,2026-04-22 05:57:07.423103,0 days 00:00:11.961272,0.273708339179403,block_16,1024,0.0005871506480192892,cosine,0.07480648499626678,3072,2,7,adam,0.028898789612885396,0.8126913265306122,,,,PRUNED
965,0.8345918367346938,2026-04-22 05:57:07.619936,2026-04-22 05:57:13.833385,0 days 00:00:06.213449,0.25841143830894037,block_16,1024,0.000322084406060578,cosine,0.13126276008975465,1024,2,6,adam,0.04291127888943084,0.8345918367346938,,,,PRUNED
966,0.9066964285714285,2026-04-22 05:57:13.986162,2026-04-22 05:57:28.555093,0 days 00:00:14.568931,0.5645784802174421,block_16,1024,6.60988937180233e-05,cosine,0.39760970897566017,2048,2,13,adam,1.862607956396285e-06,0.8523596938775511,0.9066964285714285,,,PRUNED
967,0.7005803571428572,2026-04-22 05:57:28.724323,2026-04-22 05:57:41.266248,0 days 00:00:12.541925,0.2840065341348946,block_16,1024,0.00040504812946105155,cosine,0.10547181717345755,1024,32,8,adam,0.08640921825427597,0.7005803571428572,,,,PRUNED
968,0.9541071428571428,2026-04-22 05:57:41.429939,2026-04-22 06:00:14.693672,0 days 00:02:33.263733,0.4575849966167825,block_16,1024,0.00025535778136966445,cosine,0.01048742958200497,1024,32,12,adam,0.033702330021508096,0.9377933673469387,0.9519132653061224,,,COMPLETE
969,0.9353061224489797,2026-04-22 06:00:14.825167,2026-04-22 06:00:51.822890,0 days 00:00:36.997723,0.21897686641505693,block_16,1024,0.00024658318201912344,cosine,0.0008673832123741315,1024,8,14,adam,0.044267404968926234,0.8688137755102042,0.9207525510204082,0.9353061224489797,,PRUNED
970,0.9542091836734694,2026-04-22 06:00:51.978206,2026-04-22 06:03:25.390229,0 days 00:02:33.412023,0.4837580973249233,block_16,1024,0.00017071861891683587,cosine,0.02533442072740142,1024,32,12,adam,0.03854982358460468,0.9512244897959183,,,,COMPLETE
971,0.9371045918367347,2026-04-22 06:03:25.524323,2026-04-22 06:04:03.567055,0 days 00:00:38.042732,0.5714081871223288,block_16,1024,0.0002072848302423315,cosine,0.038899425829717386,1024,32,12,adam,0.025396314315699185,0.8755484693877551,0.9182397959183672,0.9371045918367347,,PRUNED
972,0.8228571428571428,2026-04-22 06:04:03.767959,2026-04-22 06:04:11.028585,0 days 00:00:07.260626,0.22702397394975546,block_16,1024,0.00012867681298059592,cosine,0.3305598085091028,2048,8,12,adam,0.04058571037893009,0.8228571428571428,,,,PRUNED
973,0.8348979591836735,2026-04-22 06:04:11.169391,2026-04-22 06:04:17.668450,0 days 00:00:06.499059,0.3690968585672356,block_16,1024,0.00018750504498550165,cosine,3.932029807451887e-05,3072,8,10,adam,0.0743920413554495,0.8348979591836735,,,,PRUNED
974,0.9539285714285715,2026-04-22 06:04:17.821427,2026-04-22 06:06:51.216231,0 days 00:02:33.394804,0.4067116167515585,block_16,1024,0.00025649162226884205,cosine,0.08605767076605943,1024,32,12,adam,0.012792240882076745,0.8543367346938776,0.9206122448979591,0.9380357142857143,0.9520918367346938,COMPLETE
975,0.9349489795918368,2026-04-22 06:06:51.382105,2026-04-22 06:07:28.529938,0 days 00:00:37.147833,0.376684666712207,block_16,1024,0.0002869427926964944,cosine,0.007698933718030515,3072,8,14,adam,0.06630640275627346,0.9349489795918368,,,,PRUNED
976,0.9492729591836735,2026-04-22 06:07:28.688728,2026-04-22 06:09:20.236901,0 days 00:01:51.548173,0.3537599683960244,block_16,1024,0.00048087652862937566,cosine,0.1545024527693698,1024,32,13,adam,0.003526833373282222,0.9492729591836735,,,,PRUNED
977,0.9077295918367347,2026-04-22 06:09:20.384208,2026-04-22 06:09:35.188500,0 days 00:00:14.804292,0.3390220354141747,block_16,1024,0.00022741733430834766,cosine,0.05403515349783565,2048,32,11,adam,0.011628968887422987,0.8505357142857144,0.9077295918367347,,,PRUNED
978,0.937219387755102,2026-04-22 06:09:35.333292,2026-04-22 06:10:07.550105,0 days 00:00:32.216813,0.4883931699294186,block_16,1024,0.00020421189875001943,cosine,0.013559605798611268,1024,32,9,adam,0.04651965117704533,0.8863520408163266,0.9203188775510204,0.937219387755102,,PRUNED
979,0.9482142857142857,2026-04-22 06:10:07.699168,2026-04-22 06:11:59.304490,0 days 00:01:51.605322,0.3659783069474245,block_16,1024,0.00019947185794359407,cosine,0.07072375009186509,1024,32,13,adam,0.00457281341652484,0.9482142857142857,,,,PRUNED
980,0.934859693877551,2026-04-22 06:11:59.480643,2026-04-22 06:12:35.664576,0 days 00:00:36.183933,0.4213139005159784,block_16,1024,8.11645442354789e-05,cosine,0.012295149994404763,1024,32,11,adam,0.03253632398069458,0.8748341836734694,0.9173341836734694,0.934859693877551,,PRUNED
981,0.933469387755102,2026-04-22 06:12:35.821915,2026-04-22 06:13:08.059128,0 days 00:00:32.237213,0.3051991199682922,block_16,1024,3.513722240432253e-05,cosine,0.03999917237776504,2048,8,11,adam,0.00011106349861297772,0.933469387755102,,,,PRUNED
982,0.9136607142857143,2026-04-22 06:13:08.216348,2026-04-22 06:13:37.500051,0 days 00:00:29.283703,0.4238049617945635,block_16,1024,0.0007599385408206773,cosine,0.2641090975737371,2048,2,8,adam,6.305790728748272e-05,0.9136607142857143,,,,PRUNED
983,0.9360841836734693,2026-04-22 06:13:37.641432,2026-04-22 06:14:06.973615,0 days 00:00:29.332183,0.2102783150783872,block_16,1024,6.558075373785557e-05,cosine,0.36447461194985653,1024,8,8,adam,0.0018273018301155474,0.882780612244898,0.9179719387755102,0.9360841836734693,,PRUNED
984,0.9525382653061224,2026-04-22 06:14:07.120039,2026-04-22 06:16:32.123830,0 days 00:02:25.003791,0.42039132270305485,block_16,1024,0.0005473783780389866,cosine,0.09553125414871845,512,32,11,adam,0.010641923738227779,0.9514923469387755,,,,COMPLETE
985,0.9360841836734693,2026-04-22 06:16:32.257880,2026-04-22 06:17:10.471463,0 days 00:00:38.213583,0.3402395822509087,block_16,1024,0.0001808762028286971,cosine,0.07948576396688453,1024,32,12,adam,0.0434692739680777,0.9360841836734693,,,,PRUNED
986,0.9167857142857142,2026-04-22 06:17:10.628898,2026-04-22 06:17:27.103820,0 days 00:00:16.474922,0.4538250702041375,block_16,1024,0.0002952483835116502,cosine,0.016492452358683095,1024,32,13,adam,0.026352102768400068,0.8519132653061224,0.9167857142857142,,,PRUNED
987,0.9539795918367348,2026-04-22 06:17:27.260325,2026-04-22 06:20:01.057443,0 days 00:02:33.797118,0.4104092120781829,block_16,1024,0.000289720895133229,cosine,0.07115425235722968,1024,32,12,adam,0.01432164690115989,0.9173214285714285,0.9371683673469388,0.9518622448979592,,COMPLETE
988,0.837984693877551,2026-04-22 06:20:01.191507,2026-04-22 06:20:09.316525,0 days 00:00:08.125018,0.40126969049440386,block_16,1024,0.0001706438443541903,cosine,0.010706251867493159,1024,32,12,adam,0.041219350038538424,0.837984693877551,,,,PRUNED
989,0.8372193877551021,2026-04-22 06:20:09.461777,2026-04-22 06:20:17.593188,0 days 00:00:08.131411,0.5055634763768249,block_16,1024,0.0001764748162481266,cosine,0.1266507632015109,1024,32,12,adam,0.07444724536329755,0.8372193877551021,,,,PRUNED
990,0.8950765306122449,2026-04-22 06:20:17.789088,2026-04-22 06:20:32.449959,0 days 00:00:14.660871,0.26599262391605094,block_16,1024,0.00011136437789836288,cosine,0.33859621131712914,3072,8,13,adam,6.636908994122946e-05,0.8704081632653062,0.8950765306122449,,,PRUNED
991,0.9341071428571429,2026-04-22 06:20:32.596055,2026-04-22 06:21:06.851723,0 days 00:00:34.255668,0.38933758638888316,block_16,1024,0.00036576045884515753,cosine,0.05676625126318916,1024,32,10,adam,0.02722702886845875,0.9341071428571429,,,,PRUNED
992,0.93125,2026-04-22 06:21:06.997832,2026-04-22 06:21:37.806633,0 days 00:00:30.808801,0.32189499800106813,block_16,1024,7.946274091302981e-05,cosine,0.06678059810158876,512,2,10,adam,4.35133309861567e-05,0.93125,,,,PRUNED
993,0.7577551020408163,2026-04-22 06:21:37.964406,2026-04-22 06:21:45.694794,0 days 00:00:07.730388,0.2964916703329429,block_16,1024,0.0006656687745823236,cosine,0.3664900729399102,2048,32,11,adam,1.7925567015356016e-05,0.7577551020408163,,,,PRUNED
994,0.9355867346938775,2026-04-22 06:21:45.856028,2026-04-22 06:22:26.210913,0 days 00:00:40.354885,0.4055891257665834,block_16,1024,0.00031094183761922275,cosine,0.03621313327176231,1024,32,13,adam,0.03885001849830655,0.8563647959183673,0.9185714285714286,0.9355867346938775,,PRUNED
995,0.949719387755102,2026-04-22 06:22:26.365064,2026-04-22 06:24:12.732439,0 days 00:01:46.367375,0.42088485607272413,block_16,1024,0.00021352244028563096,cosine,0.0512074410356501,1024,32,12,adam,0.004989866487985205,0.9216071428571428,0.9372448979591836,0.949719387755102,,PRUNED
996,0.9161224489795917,2026-04-22 06:24:12.881715,2026-04-22 06:24:30.127952,0 days 00:00:17.246237,0.5169421865954215,block_16,1024,0.00021442188574191358,cosine,0.040845189578333024,1024,32,14,adam,0.039125356790022776,0.8575510204081632,0.9161224489795917,,,PRUNED
997,0.8246556122448979,2026-04-22 06:24:30.286569,2026-04-22 06:24:39.108975,0 days 00:00:08.822406,0.3843603669164253,block_16,1024,0.00024310466374618525,cosine,0.00746090878992668,2048,32,14,adam,0.07488547999059499,0.8246556122448979,,,,PRUNED
998,0.7802423469387756,2026-04-22 06:24:39.264345,2026-04-22 06:24:45.738076,0 days 00:00:06.473731,0.6627237883590626,block_16,1024,3.18214536506175e-05,cosine,0.04077427792393415,512,32,8,adam,0.003164042603752027,0.7802423469387756,,,,PRUNED
999,0.9355994897959183,2026-04-22 06:24:45.887181,2026-04-22 06:25:22.211464,0 days 00:00:36.324283,0.4654454666301735,block_16,1024,0.00020014679623354593,cosine,0.1242245216548427,1024,32,11,adam,0.006904112780682345,0.8700765306122449,0.9173469387755102,0.9355994897959183,,PRUNED
