number,value,datetime_start,datetime_complete,duration,params_attn_dropout,params_clip_layer,params_dim_feedforward,params_lr,params_lr_scheduler,params_mlp_dropout,params_mlp_hidden_dim,params_n_heads,params_num_layers,params_optimizer_type,params_weight_decay,system_attrs_completed_rung_0,system_attrs_completed_rung_1,system_attrs_completed_rung_2,system_attrs_completed_rung_3,state
757,0.9105102040816326,2026-04-22 04:11:32.508244,2026-04-22 04:11:48.308915,0 days 00:00:15.800671,0.20771967534119218,block_16,1024,3.3467484989938404e-05,cosine,0.19072819180048944,2048,16,14,adam,2.7292015765860658e-06,0.8629464285714287,0.9105102040816326,,,PRUNED
758,0.9084566326530613,2026-04-22 04:11:48.474077,2026-04-22 04:12:03.635881,0 days 00:00:15.161804,0.21877056643711656,block_16,1024,0.00032718888164984055,cosine,0.09763078197668737,1024,8,14,adam,0.009501537052756439,0.9084566326530613,,,,PRUNED
759,0.9111989795918366,2026-04-22 04:12:03.786608,2026-04-22 04:12:18.381445,0 days 00:00:14.594837,0.25582164772750415,block_16,1024,6.428335205487968e-05,cosine,0.18172526765701524,1024,8,13,adam,0.0007256844437404865,0.8523724489795919,0.9111989795918366,,,PRUNED
760,0.9356887755102041,2026-04-22 04:12:18.532116,2026-04-22 04:12:47.696595,0 days 00:00:29.164479,0.4833029023291648,block_16,1024,0.0003543348845800161,cosine,0.25638367811124585,1024,8,6,adam,0.010345091026540675,0.920420918367347,0.9356887755102041,,,PRUNED
761,0.9104081632653062,2026-04-22 04:12:47.835107,2026-04-22 04:13:02.276503,0 days 00:00:14.441396,0.28686834401281763,block_16,1024,0.00016539460626884697,cosine,0.2758144721767473,1024,8,13,adam,0.002985346445834212,0.9104081632653062,,,,PRUNED
762,0.8290816326530612,2026-04-22 04:13:02.421288,2026-04-22 04:13:10.280293,0 days 00:00:07.859005,0.340094574607188,block_16,1024,0.00012772555492227735,cosine,0.2362502263231917,1024,8,14,adam,0.013465087794018971,0.8290816326530612,,,,PRUNED
763,0.8922704081632653,2026-04-22 04:13:10.432402,2026-04-22 04:13:23.424725,0 days 00:00:12.992323,0.47449980538756453,block_16,1024,0.00016873318589482938,cosine,0.2158130691614557,3072,16,10,adam,0.06681518104700765,0.8539668367346939,0.8922704081632653,,,PRUNED
764,0.8386607142857143,2026-04-22 04:13:23.637849,2026-04-22 04:13:30.825850,0 days 00:00:07.188001,0.2095922928152548,block_16,1024,0.00014484326854663612,cosine,0.20631588868169648,1024,8,12,adam,0.03930692771892407,0.8386607142857143,,,,PRUNED
765,0.9538010204081633,2026-04-22 04:13:31.037193,2026-04-22 04:15:40.848455,0 days 00:02:09.811262,0.2568281258778404,block_16,1024,0.00022844426012658998,cosine,0.18881694793432424,1024,2,11,adam,0.03445941599052159,0.9184566326530612,0.9372321428571428,0.9514540816326531,,COMPLETE
766,0.9348341836734694,2026-04-22 04:15:40.985547,2026-04-22 04:16:10.519865,0 days 00:00:29.534318,0.20810443072906432,block_16,1024,8.081519343149432e-05,cosine,0.23559381707041732,2048,2,6,adam,0.0025894285939742825,0.9348341836734694,,,,PRUNED
767,0.902780612244898,2026-04-22 04:16:10.650115,2026-04-22 04:16:24.603090,0 days 00:00:13.952975,0.30064892926717235,block_16,1024,0.0003795296371266092,cosine,0.16747702958307573,1024,2,12,adam,0.00043201568101707314,0.902780612244898,,,,PRUNED
768,0.6984056122448979,2026-04-22 04:16:24.765317,2026-04-22 04:16:57.195086,0 days 00:00:32.429769,0.23531215598681643,block_16,1024,0.0002832481066227225,cosine,0.2570440262712058,1024,2,11,adam,0.09264667851352788,0.6984056122448979,,,,PRUNED
769,0.9147448979591837,2026-04-22 04:16:57.339915,2026-04-22 04:17:11.349179,0 days 00:00:14.009264,0.3257050493702214,block_16,1024,7.186531950627188e-05,cosine,0.12834112254743663,1024,2,12,adam,0.01708574806894708,0.864030612244898,0.9147448979591837,,,PRUNED
770,0.8488520408163265,2026-04-22 04:17:11.515674,2026-04-22 04:17:17.766512,0 days 00:00:06.250838,0.5951855129366687,block_16,1024,0.0001637609636758596,cosine,0.29902030749057235,1024,32,7,adam,0.06177668844648217,0.8488520408163265,,,,PRUNED
771,0.9369260204081633,2026-04-22 04:17:17.921151,2026-04-22 04:17:50.463616,0 days 00:00:32.542465,0.2488174898225604,block_16,1024,0.00024174606708187978,cosine,0.27270504640212934,1024,2,11,adam,0.006001542393273003,0.862704081632653,0.9188010204081634,0.9369260204081633,,PRUNED
772,0.8144897959183672,2026-04-22 04:17:50.620715,2026-04-22 04:18:02.664840,0 days 00:00:12.044125,0.41988517273921105,block_16,1024,0.0002734239420613123,cosine,0.13907538200734645,1024,32,6,adam,0.08878473307666328,0.8144897959183672,,,,PRUNED
773,0.9361479591836734,2026-04-22 04:18:02.810262,2026-04-22 04:18:32.223876,0 days 00:00:29.413614,0.3295948357961369,block_16,1024,0.00012935999594080726,cosine,0.22580677410152258,1024,2,8,adam,0.03424476116626869,0.8609183673469387,0.9177933673469388,0.9361479591836734,,PRUNED
774,0.841811224489796,2026-04-22 04:18:32.366559,2026-04-22 04:18:40.256545,0 days 00:00:07.889986,0.24156251140858065,block_16,1024,0.00010594529861254375,cosine,0.09471822677831546,1024,8,14,adam,0.018434015146770004,0.841811224489796,,,,PRUNED
775,0.8261479591836736,2026-04-22 04:18:40.414344,2026-04-22 04:18:46.568740,0 days 00:00:06.154396,0.4900462848262462,block_16,1024,0.00020253863326283704,cosine,0.10760334152735018,512,32,6,adam,0.0863414564452086,0.8261479591836736,,,,PRUNED
776,0.8186096938775511,2026-04-22 04:18:46.705431,2026-04-22 04:18:52.932358,0 days 00:00:06.226927,0.354162633146634,block_16,1024,0.00036628310592612683,cosine,0.292598899299694,1024,8,8,adam,0.062217645138159625,0.8186096938775511,,,,PRUNED
777,0.9078316326530612,2026-04-22 04:18:53.066810,2026-04-22 04:19:06.985105,0 days 00:00:13.918295,0.20137212456976994,block_16,1024,0.0003264285919846724,cosine,0.1262938287965181,1024,2,12,adam,0.09322618885747229,0.8614158163265307,0.9078316326530612,,,PRUNED
778,0.8153188775510204,2026-04-22 04:19:07.176125,2026-04-22 04:19:15.022729,0 days 00:00:07.846604,0.23942776281144817,block_16,1024,0.00036334456403559686,cosine,0.27810966053352904,3072,8,14,adam,0.028622640959406333,0.8153188775510204,,,,PRUNED
779,0.9022448979591836,2026-04-22 04:19:15.187142,2026-04-22 04:19:29.712243,0 days 00:00:14.525101,0.2416186932535153,block_16,1024,0.0003361769199714479,cosine,0.29955985395336826,1024,8,13,adam,0.06705532417122229,0.9022448979591836,,,,PRUNED
780,0.9458035714285715,2026-04-22 04:19:29.879445,2026-04-22 04:21:02.917002,0 days 00:01:33.037557,0.25486724986597475,block_16,1024,0.0001020988707334297,cosine,0.0023221077579441973,1024,16,11,adam,5.878852866799206e-05,0.9381632653061225,0.9458035714285715,,,PRUNED
781,0.8408801020408162,2026-04-22 04:21:03.060962,2026-04-22 04:21:09.600347,0 days 00:00:06.539385,0.523571670187861,block_16,1024,0.00016208433178698602,cosine,0.25510452062792593,1024,2,10,adam,0.01850926918563861,0.8408801020408162,,,,PRUNED
782,0.9537244897959185,2026-04-22 04:21:09.741993,2026-04-22 04:23:13.311818,0 days 00:02:03.569825,0.3074170765623631,block_16,1024,0.00023726876795384847,cosine,0.22113700821924798,1024,2,10,adam,0.02351233349886836,0.8687372448979592,0.9182397959183674,0.9380229591836734,0.9517219387755103,COMPLETE
783,0.7949107142857144,2026-04-22 04:23:13.444811,2026-04-22 04:23:19.907321,0 days 00:00:06.462510,0.24197249095620574,block_16,1024,0.0004092204235917193,cosine,0.1762608698650966,1024,2,10,adam,0.008951555911905227,0.7949107142857144,,,,PRUNED
784,0.9151020408163265,2026-04-22 04:23:20.102938,2026-04-22 04:23:33.433060,0 days 00:00:13.330122,0.21060351234525448,block_16,1024,7.664419610127033e-05,cosine,0.27518448500386145,1024,2,11,adam,0.006624438328719626,0.8756887755102041,0.9151020408163265,,,PRUNED
785,0.8020025510204082,2026-04-22 04:23:33.644893,2026-04-22 04:23:40.523059,0 days 00:00:06.878166,0.21623089367777848,block_16,1024,0.0007694383245259412,cosine,0.14346069418202745,1024,32,9,adam,0.0033383981971253757,0.8020025510204082,,,,PRUNED
786,0.9167474489795919,2026-04-22 04:23:40.678174,2026-04-22 04:23:57.799690,0 days 00:00:17.121516,0.46767312727086646,block_16,1024,0.00019597446636683243,cosine,0.006641695768987296,1024,32,14,adam,0.002184704256418767,0.8756760204081632,0.9167474489795919,,,PRUNED
787,0.9539285714285715,2026-04-22 04:23:57.950684,2026-04-22 04:26:47.126901,0 days 00:02:49.176217,0.5928493597322733,block_16,1024,0.0002272200201809924,cosine,0.01655784256444293,1024,32,14,adam,0.02532101909629696,0.9370535714285715,0.9519897959183673,,,COMPLETE
788,0.9314158163265306,2026-04-22 04:26:47.271137,2026-04-22 04:27:19.655529,0 days 00:00:32.384392,0.22590638366399063,block_16,1024,0.00020757365561020448,cosine,0.04083072698330589,1024,32,9,adam,0.06511603398395675,0.9314158163265306,,,,PRUNED
789,0.9346428571428571,2026-04-22 04:27:19.798176,2026-04-22 04:28:01.923946,0 days 00:00:42.125770,0.569275888078498,block_16,1024,0.0005462602152666238,cosine,0.03803518921978632,1024,32,14,adam,0.00046002348436182034,0.9346428571428571,,,,PRUNED
790,0.9282142857142857,2026-04-22 04:28:02.081780,2026-04-22 04:28:34.588368,0 days 00:00:32.506588,0.5228123508657344,block_16,1024,4.012235431214603e-05,cosine,0.23129810976263215,2048,2,11,adam,4.032333768893646e-05,0.9282142857142857,,,,PRUNED
791,0.8491454081632653,2026-04-22 04:28:34.742444,2026-04-22 04:28:42.634750,0 days 00:00:07.892306,0.25344883774101024,block_16,1024,5.581374160515529e-05,cosine,0.3852099186746981,3072,16,13,adam,1.0895644081313111e-05,0.8491454081632653,,,,PRUNED
792,0.9063647959183673,2026-04-22 04:28:42.780078,2026-04-22 04:28:58.354307,0 days 00:00:15.574229,0.5852570412906831,block_16,1024,0.0004007255233274748,cosine,0.07168526608573125,1024,32,12,adam,0.0049318910748023005,0.9063647959183673,,,,PRUNED
793,0.9489158163265305,2026-04-22 04:28:58.501218,2026-04-22 04:30:20.540025,0 days 00:01:22.038807,0.3592254765230978,block_16,1024,0.00013285011570222745,cosine,0.049821657649800205,3072,32,6,adam,0.02269484359602912,0.9489158163265305,,,,PRUNED
794,0.9092602040816327,2026-04-22 04:30:20.690427,2026-04-22 04:30:35.162400,0 days 00:00:14.471973,0.26917267903577935,block_16,1024,0.00017597606503336083,cosine,0.17516658253658704,2048,8,13,adam,0.012743156474214062,0.9092602040816327,,,,PRUNED
795,0.8284183673469387,2026-04-22 04:30:35.309501,2026-04-22 04:30:43.469787,0 days 00:00:08.160286,0.6059669794952538,block_16,1024,0.0003251877326666916,cosine,0.012741887829029871,1024,32,12,adam,0.019356628752706412,0.8284183673469387,,,,PRUNED
796,0.9454081632653062,2026-04-22 04:30:43.640569,2026-04-22 04:32:04.751961,0 days 00:01:21.111392,0.6734391845782479,block_16,1024,4.238254816353822e-05,cosine,0.0026026002848401064,2048,8,8,adam,3.5724862735666495e-06,0.9454081632653062,,,,PRUNED
797,0.8327678571428572,2026-04-22 04:32:04.895209,2026-04-22 04:32:13.352945,0 days 00:00:08.457736,0.5246439774170492,block_16,1024,0.00035025433355198365,cosine,0.07239297384495136,1024,32,13,adam,0.03500254680159147,0.8327678571428572,,,,PRUNED
798,0.8361352040816327,2026-04-22 04:32:13.518346,2026-04-22 04:32:20.087639,0 days 00:00:06.569293,0.32854805464053266,block_16,1024,0.00034023035083581717,cosine,0.2087816208970292,1024,2,10,adam,0.02450262888868993,0.8361352040816327,,,,PRUNED
799,0.9482780612244898,2026-04-22 04:32:20.225740,2026-04-22 04:34:06.519005,0 days 00:01:46.293265,0.2971415284084974,block_16,1024,6.132746654018073e-05,cosine,0.05597196760027759,1024,32,12,adam,5.771543843802728e-06,0.9399617346938776,0.9482780612244898,,,PRUNED
800,0.9120535714285715,2026-04-22 04:34:06.663288,2026-04-22 04:34:19.041831,0 days 00:00:12.378543,0.21317420584582703,block_16,1024,7.127081211961491e-05,cosine,0.08626909993456783,2048,16,9,adam,0.012499243016677148,0.865625,0.9120535714285715,,,PRUNED
801,0.9546811224489796,2026-04-22 04:34:19.193801,2026-04-22 04:36:47.629151,0 days 00:02:28.435350,0.326248021312128,block_16,1024,0.00015833299497862243,cosine,0.13333602559093,1024,8,14,adam,0.053145446973280955,0.9517219387755101,,,,COMPLETE
802,0.8414795918367347,2026-04-22 04:36:47.785225,2026-04-22 04:36:55.364321,0 days 00:00:07.579096,0.2541160031474979,block_16,1024,0.00026335247290220655,cosine,0.16438447954456997,1024,8,13,adam,0.0103585838948303,0.8414795918367347,,,,PRUNED
803,0.9066709183673469,2026-04-22 04:36:55.523908,2026-04-22 04:37:10.511226,0 days 00:00:14.987318,0.2623936188457652,block_16,1024,0.00013333290374618724,cosine,0.16407556929634576,1024,8,14,adam,0.049714045488205516,0.9066709183673469,,,,PRUNED
804,0.9095790816326531,2026-04-22 04:37:10.656587,2026-04-22 04:37:23.988364,0 days 00:00:13.331777,0.21545527478606488,block_16,1024,0.0001832209203922482,cosine,0.29385816297845874,2048,2,11,adam,0.009727334460843338,0.8549617346938775,0.9095790816326531,,,PRUNED
805,0.9353188775510204,2026-04-22 04:37:24.171987,2026-04-22 04:38:01.233135,0 days 00:00:37.061148,0.2157254974748072,block_16,1024,8.177078898942873e-05,cosine,0.2811480227213342,1024,8,14,adam,0.00570095057045773,0.9145918367346939,0.9353188775510204,,,PRUNED
806,0.8886989795918367,2026-04-22 04:38:01.380537,2026-04-22 04:38:16.543442,0 days 00:00:15.162905,0.21743764813050015,block_16,1024,0.00021707515436545787,cosine,0.10642253443036717,1024,8,14,adam,0.09786530631312149,0.8886989795918367,,,,PRUNED
807,0.8477551020408165,2026-04-22 04:38:16.711159,2026-04-22 04:38:25.568577,0 days 00:00:08.857418,0.5678727750666832,block_16,1024,0.00012788939900163981,cosine,0.018523512588096955,1024,32,14,adam,0.04803214090357885,0.8477551020408165,,,,PRUNED
808,0.9373214285714285,2026-04-22 04:38:25.729121,2026-04-22 04:39:07.848032,0 days 00:00:42.118911,0.6089716738306967,block_16,1024,0.00017989358966544707,cosine,0.11637792686277804,1024,32,14,adam,0.019953999572905882,0.8689540816326531,0.9171301020408164,0.9373214285714285,,PRUNED
809,0.8414285714285715,2026-04-22 04:39:08.007556,2026-04-22 04:39:15.876943,0 days 00:00:07.869387,0.3599828313612047,block_16,1024,0.00015220581176186293,cosine,0.107908092313829,1024,8,14,adam,0.09058517498514895,0.8414285714285715,,,,PRUNED
810,0.7258163265306123,2026-04-22 04:39:16.037476,2026-04-22 04:39:24.221490,0 days 00:00:08.184014,0.5120355835225393,block_16,1024,0.0007548970126782873,cosine,0.012157147905258486,512,16,14,adam,2.2871753632918846e-06,0.7258163265306123,,,,PRUNED
811,0.882295918367347,2026-04-22 04:39:24.386601,2026-04-22 04:39:40.800399,0 days 00:00:16.413798,0.6881545500440231,block_16,1024,0.0002661364147653791,cosine,0.00517522190226356,1024,32,13,adam,0.09860591381637153,0.882295918367347,,,,PRUNED
812,0.9340688775510204,2026-04-22 04:39:40.966261,2026-04-22 04:40:14.813590,0 days 00:00:33.847329,0.6046815265501153,block_16,1024,0.00017769641158954343,cosine,0.034703648756542,1024,2,12,adam,0.006283499054246344,0.9340688775510204,,,,PRUNED
813,0.8053954081632654,2026-04-22 04:40:14.962886,2026-04-22 04:40:21.829513,0 days 00:00:06.866627,0.301614705299373,block_16,1024,0.00014470480478712532,cosine,0.17621687590701632,2048,2,11,adam,0.020930255312625587,0.8053954081632654,,,,PRUNED
814,0.7304591836734694,2026-04-22 04:40:21.991288,2026-04-22 04:40:29.939805,0 days 00:00:07.948517,0.6993459540650828,block_16,1024,0.00024052156676437626,cosine,0.3805536455422837,3072,2,14,adam,0.0003137386559764164,0.7304591836734694,,,,PRUNED
815,0.9346428571428571,2026-04-22 04:40:30.101320,2026-04-22 04:41:08.716754,0 days 00:00:38.615434,0.6811774571294287,block_16,1024,0.00015341426006243891,cosine,0.1031230066687994,1024,16,14,adam,0.0628673874004885,0.9346428571428571,,,,PRUNED
816,0.8453316326530613,2026-04-22 04:41:08.870213,2026-04-22 04:41:15.761291,0 days 00:00:06.891078,0.3416408784296066,block_16,1024,0.0003189285288600801,cosine,0.18251446573761548,1024,2,11,adam,0.08995783480811968,0.8453316326530613,,,,PRUNED
817,0.9492091836734693,2026-04-22 04:41:15.920715,2026-04-22 04:43:12.490552,0 days 00:01:56.569837,0.20604167230037812,block_16,1024,0.00037622215622924835,cosine,0.22064814114123915,1024,32,14,adam,0.07077929445149314,0.9492091836734693,,,,PRUNED
818,0.9367091836734693,2026-04-22 04:43:12.661924,2026-04-22 04:43:42.058337,0 days 00:00:29.396413,0.3224501054007723,block_16,1024,0.00018580160384910684,cosine,0.20681815484526805,1024,2,9,adam,0.00664621588044728,0.8892091836734695,0.9220663265306122,0.9367091836734693,,PRUNED
819,0.9430484693877551,2026-04-22 04:43:42.270681,2026-04-22 04:45:11.936160,0 days 00:01:29.665479,0.2686576675680842,block_16,1024,0.000444432622726394,cosine,0.048921438037901,512,32,9,adam,5.4621458967282055e-06,0.9377933673469387,0.9430484693877551,,,PRUNED
820,0.900625,2026-04-22 04:45:12.081990,2026-04-22 04:45:27.247866,0 days 00:00:15.165876,0.3593245446809437,block_16,1024,8.868627258951751e-05,cosine,0.1715189991233717,3072,8,14,adam,0.06184728723770363,0.8664668367346939,0.900625,,,PRUNED
821,0.9113520408163265,2026-04-22 04:45:27.405611,2026-04-22 04:45:42.516118,0 days 00:00:15.110507,0.6640230442497005,block_16,1024,0.00012262475471789628,cosine,0.007856378688599834,1024,2,14,adam,0.07765730089323888,0.9113520408163265,,,,PRUNED
822,0.9363010204081633,2026-04-22 04:45:42.671230,2026-04-22 04:46:16.551033,0 days 00:00:33.879803,0.32348740259423425,block_16,1024,0.00030624120055930155,cosine,0.23058204955881867,1024,2,12,adam,0.004009831826631192,0.9162244897959184,0.9363010204081633,,,PRUNED
823,0.6772576530612245,2026-04-22 04:46:16.690669,2026-04-22 04:46:24.191313,0 days 00:00:07.500644,0.4416489598099701,block_16,1024,0.0008135242381058828,cosine,0.36738961303334583,512,16,12,adam,0.0027708948092377826,0.6772576530612245,,,,PRUNED
824,0.9460204081632654,2026-04-22 04:46:24.339101,2026-04-22 04:47:49.813057,0 days 00:01:25.473956,0.6174452803775111,block_16,1024,8.18945759913105e-05,cosine,0.06479776678859923,3072,2,10,adam,0.04296647745818532,0.9460204081632654,,,,PRUNED
825,0.935548469387755,2026-04-22 04:47:49.961568,2026-04-22 04:48:26.967258,0 days 00:00:37.005690,0.4680226387562209,block_16,1024,0.0002816854072659077,cosine,0.0010531418106761448,1024,8,14,adam,0.004102351976972574,0.9138137755102042,0.935548469387755,,,PRUNED
826,0.9335204081632653,2026-04-22 04:48:27.130240,2026-04-22 04:49:07.321472,0 days 00:00:40.191232,0.3051021814350825,block_16,1024,0.00018425032484671944,cosine,0.21373444920152826,1024,32,13,adam,0.010071606383808001,0.9335204081632653,,,,PRUNED
827,0.9103571428571429,2026-04-22 04:49:07.465430,2026-04-22 04:49:19.627128,0 days 00:00:12.161698,0.3690038741221397,block_16,1024,2.5715359745083224e-05,cosine,0.15685899784698953,1024,8,9,adam,2.9688914894753655e-06,0.8627168367346939,0.9103571428571429,,,PRUNED
828,0.9302168367346939,2026-04-22 04:49:19.805640,2026-04-22 04:50:01.969507,0 days 00:00:42.163867,0.6507243046247437,block_16,1024,6.726387460005192e-05,cosine,0.2939521357954918,2048,32,14,adam,0.00024940875597919597,0.9302168367346939,,,,PRUNED
829,0.9533418367346939,2026-04-22 04:50:02.117088,2026-04-22 04:52:05.964763,0 days 00:02:03.847675,0.20719876128390172,block_16,1024,0.0002186132403194797,cosine,0.09944042039301812,1024,2,10,adam,0.020077556581502887,0.924094387755102,0.9390688775510204,0.9517091836734693,,COMPLETE
830,0.9365688775510205,2026-04-22 04:52:06.088727,2026-04-22 04:52:43.097259,0 days 00:00:37.008532,0.28196644686984706,block_16,1024,0.00013048866033023594,cosine,0.14582491615998205,1024,8,14,adam,0.006095703971212971,0.9129209183673469,0.9365688775510205,,,PRUNED
831,0.9283035714285715,2026-04-22 04:52:43.242610,2026-04-22 04:53:20.260023,0 days 00:00:37.017413,0.3701569160934938,block_16,1024,0.0005071622203215041,cosine,0.3253721721983265,2048,8,14,adam,0.0001431899895161435,0.9283035714285715,,,,PRUNED
832,0.8185969387755102,2026-04-22 04:53:20.429532,2026-04-22 04:53:27.243777,0 days 00:00:06.814245,0.2631257447916037,block_16,1024,0.00040198971759658497,cosine,0.1802087498247597,2048,32,9,adam,0.057543809592962056,0.8185969387755102,,,,PRUNED
833,0.9535586734693877,2026-04-22 04:53:27.385548,2026-04-22 04:56:16.254232,0 days 00:02:48.868684,0.6251164306401396,block_16,1024,0.0003233034720527398,cosine,0.009343174713192987,1024,32,14,adam,0.03952002675457458,0.9523086734693877,,,,COMPLETE
834,0.6164668367346939,2026-04-22 04:56:16.394934,2026-04-22 04:56:22.569225,0 days 00:00:06.174291,0.5922031548623237,block_16,1024,0.0009872614171787062,cosine,0.247434300681252,3072,2,7,adam,5.022525585813791e-05,0.6164668367346939,,,,PRUNED
835,0.8262755102040816,2026-04-22 04:56:22.723147,2026-04-22 04:56:30.865958,0 days 00:00:08.142811,0.3646067880440354,block_16,1024,0.0001986879182512859,cosine,0.04339732868521988,1024,16,14,adam,0.04345356862544205,0.8262755102040816,,,,PRUNED
836,0.8397576530612245,2026-04-22 04:56:31.015830,2026-04-22 04:56:38.210621,0 days 00:00:07.194791,0.35885692225278043,block_16,1024,0.00014714668118322478,cosine,0.10453613137087273,1024,2,12,adam,0.03300530674649746,0.8397576530612245,,,,PRUNED
837,0.8153188775510204,2026-04-22 04:56:38.364676,2026-04-22 04:56:46.345629,0 days 00:00:07.980953,0.6501424152763855,block_16,1024,0.00021094557995144825,cosine,0.023926314790404468,512,32,12,adam,5.40152354729757e-06,0.8153188775510204,,,,PRUNED
838,0.8426020408163266,2026-04-22 04:56:46.494770,2026-04-22 04:56:52.690747,0 days 00:00:06.195977,0.31625532716126925,block_16,1024,0.00022492727036759882,cosine,0.21724624909880655,1024,2,6,adam,0.08073061307126089,0.8426020408163266,,,,PRUNED
839,0.914094387755102,2026-04-22 04:56:52.829948,2026-04-22 04:57:05.410142,0 days 00:00:12.580194,0.25841527864890446,block_16,1024,0.00021631312723866387,cosine,0.1807250159253253,1024,2,10,adam,0.05636526625612042,0.8497321428571429,0.914094387755102,,,PRUNED
840,0.9275127551020408,2026-04-22 04:57:05.569993,2026-04-22 04:57:34.748298,0 days 00:00:29.178305,0.6354675693236985,block_16,1024,0.0003601626696348448,cosine,0.07074564810634937,1024,16,6,adam,0.0443642291651079,0.9275127551020408,,,,PRUNED
