number,value,datetime_start,datetime_complete,duration,params_attn_dropout,params_clip_layer,params_dim_feedforward,params_lr,params_lr_scheduler,params_mlp_dropout,params_mlp_hidden_dim,params_n_heads,params_num_layers,params_optimizer_type,params_weight_decay,system_attrs_completed_rung_0,system_attrs_completed_rung_1,system_attrs_completed_rung_2,system_attrs_completed_rung_3,state
587,0.8472193877551021,2026-04-22 02:59:07.003429,2026-04-22 02:59:14.825373,0 days 00:00:07.821944,0.39533725578704393,block_16,1024,9.648317858692944e-05,cosine,0.009301587561031182,512,8,14,adam,0.04676501832013318,0.8472193877551021,,,,PRUNED
588,0.8514413265306122,2026-04-22 02:59:14.983212,2026-04-22 02:59:21.837122,0 days 00:00:06.853910,0.4858233538435792,block_16,1024,9.291245428362483e-05,cosine,0.0007639718100667797,1024,8,11,adam,0.08421966202091022,0.8514413265306122,,,,PRUNED
589,0.8209693877551019,2026-04-22 02:59:21.983271,2026-04-22 02:59:29.950502,0 days 00:00:07.967231,0.31827286356059364,block_16,1024,0.00021075370309708434,cosine,0.17971943536003077,1024,2,14,adam,0.03833692164634104,0.8209693877551019,,,,PRUNED
590,0.5947704081632653,2026-04-22 02:59:30.145041,2026-04-22 02:59:37.328395,0 days 00:00:07.183354,0.5545242440216811,block_16,1024,0.0009094306268553376,cosine,0.23981481382739575,1024,2,12,adam,0.0001325222718606735,0.5947704081632653,,,,PRUNED
591,0.801594387755102,2026-04-22 02:59:37.478405,2026-04-22 02:59:43.895017,0 days 00:00:06.416612,0.6569065167671411,block_16,1024,0.0005201032653027941,cosine,0.12718699305146328,1024,16,9,adam,0.023297018854336275,0.801594387755102,,,,PRUNED
592,0.9075765306122449,2026-04-22 02:59:44.121167,2026-04-22 02:59:59.260900,0 days 00:00:15.139733,0.3530172638190428,block_16,1024,0.00018036898933220416,cosine,0.0745767212216115,512,2,14,adam,0.016337681809326886,0.8753698979591836,0.9075765306122449,,,PRUNED
593,0.8874234693877551,2026-04-22 02:59:59.440100,2026-04-22 03:00:14.733728,0 days 00:00:15.293628,0.4933390398373712,block_16,1024,0.00021433475005440376,cosine,0.2581118845117696,3072,8,14,adam,0.012240113877014003,0.8874234693877551,,,,PRUNED
594,0.9108290816326531,2026-04-22 03:00:14.896901,2026-04-22 03:00:26.945289,0 days 00:00:12.048388,0.4292592749782871,block_16,1024,0.000271087292769751,cosine,0.3036799915764371,512,32,7,adam,0.0019235193340553301,0.9108290816326531,,,,PRUNED
595,0.9114795918367347,2026-04-22 03:00:27.085793,2026-04-22 03:00:39.119411,0 days 00:00:12.033618,0.21753194334108467,block_16,1024,0.00013453120006658032,cosine,0.15438103000125303,512,8,8,adam,2.3837492514832897e-06,0.8695025510204082,0.9114795918367347,,,PRUNED
596,0.9330229591836735,2026-04-22 03:00:39.253958,2026-04-22 03:01:16.410553,0 days 00:00:37.156595,0.3658769159550397,block_16,1024,3.201884846778179e-05,cosine,0.2438434366491201,3072,8,14,adam,1.5802008842972941e-06,0.9330229591836735,,,,PRUNED
597,0.8439030612244898,2026-04-22 03:01:16.560578,2026-04-22 03:01:23.683850,0 days 00:00:07.123272,0.5039265461848391,block_16,1024,0.00012215488811255013,cosine,0.08625907708943072,1024,8,12,adam,0.012221206216266668,0.8439030612244898,,,,PRUNED
598,0.9366581632653062,2026-04-22 03:01:23.820993,2026-04-22 03:01:53.243514,0 days 00:00:29.422521,0.2336624355698561,block_16,1024,0.00010781498115566421,cosine,0.23224356788682407,1024,2,7,adam,0.0028527045947786896,0.8626658163265306,0.9170408163265306,0.9366581632653062,,PRUNED
599,0.8311607142857144,2026-04-22 03:01:53.397800,2026-04-22 03:01:59.620242,0 days 00:00:06.222442,0.4140490860524383,block_16,1024,0.00016235606510210643,cosine,0.2017469350782027,3072,8,7,adam,0.0685835754509869,0.8311607142857144,,,,PRUNED
600,0.9546428571428571,2026-04-22 03:01:59.775829,2026-04-22 03:04:09.854252,0 days 00:02:10.078423,0.25730778443214314,block_16,1024,0.00031421275742657065,cosine,0.11483009643559347,1024,32,9,adam,0.02337373927392268,0.924030612244898,0.9370790816326531,0.9528061224489797,,COMPLETE
601,0.8966581632653061,2026-04-22 03:04:10.000423,2026-04-22 03:04:24.671973,0 days 00:00:14.671550,0.22942916102276464,block_16,1024,3.0821189371808126e-05,cosine,0.365611997505599,512,2,13,adam,0.00010102576776476563,0.8966581632653061,,,,PRUNED
602,0.9500127551020408,2026-04-22 03:04:24.832109,2026-04-22 03:05:50.388564,0 days 00:01:25.556455,0.5273470603542575,block_16,1024,0.00012897693490694387,cosine,0.10732070001447068,1024,8,10,adam,0.03589734570500773,0.9500127551020408,,,,PRUNED
603,0.8264668367346939,2026-04-22 03:05:50.535364,2026-04-22 03:05:57.760230,0 days 00:00:07.224866,0.26935684840791885,block_16,1024,0.0005004496427323371,cosine,0.11478165772478767,1024,32,10,adam,0.04189650880965565,0.8264668367346939,,,,PRUNED
604,0.9462755102040816,2026-04-22 03:05:57.927187,2026-04-22 03:07:33.057646,0 days 00:01:35.130459,0.26963856982814516,block_16,1024,0.0002518400189564016,cosine,0.1508280848764469,1024,32,10,adam,0.0011472796408022639,0.879579081632653,0.9210714285714285,0.9380229591836734,0.9462755102040816,PRUNED
605,0.797920918367347,2026-04-22 03:07:33.211283,2026-04-22 03:07:41.072967,0 days 00:00:07.861684,0.6712755237038108,block_16,1024,0.00040437795993758833,cosine,0.005364952103741622,1024,16,13,adam,0.004985798454654013,0.797920918367347,,,,PRUNED
606,0.8485586734693877,2026-04-22 03:07:41.232595,2026-04-22 03:07:48.033434,0 days 00:00:06.800839,0.40042118255316805,block_16,1024,0.0001835661605490698,cosine,0.040818872898073885,1024,16,10,adam,0.03385194910997718,0.8485586734693877,,,,PRUNED
607,0.806594387755102,2026-04-22 03:07:48.174011,2026-04-22 03:07:55.415399,0 days 00:00:07.241388,0.3779765958725298,block_16,1024,0.0002581428248980035,cosine,0.13968599894169423,2048,2,12,adam,0.006624207799031656,0.806594387755102,,,,PRUNED
608,0.8061479591836734,2026-04-22 03:07:55.573418,2026-04-22 03:08:01.771380,0 days 00:00:06.197962,0.3254119963562615,block_16,1024,0.00036364658216506325,cosine,0.10352939373037466,2048,2,6,adam,0.0004796943517977808,0.8061479591836734,,,,PRUNED
609,0.9092474489795919,2026-04-22 03:08:01.926481,2026-04-22 03:08:19.134466,0 days 00:00:17.207985,0.5923787324650329,block_16,1024,0.0003819884317747191,cosine,0.006598627997014226,1024,32,14,adam,0.016565186133497008,0.9092474489795919,,,,PRUNED
610,0.9019642857142858,2026-04-22 03:08:19.298648,2026-04-22 03:08:31.207110,0 days 00:00:11.908462,0.43756351888187706,block_16,1024,0.00010280150040798029,cosine,0.007990952075730015,3072,32,6,adam,0.00044101485691622314,0.8799489795918368,0.9019642857142858,,,PRUNED
611,0.8299617346938775,2026-04-22 03:08:31.349556,2026-04-22 03:08:38.116597,0 days 00:00:06.767041,0.27122993106307136,block_16,1024,0.0002675426553086367,cosine,0.3433180179792677,1024,16,10,adam,0.07545602685738254,0.8299617346938775,,,,PRUNED
612,0.7867984693877552,2026-04-22 03:08:38.276959,2026-04-22 03:08:46.291823,0 days 00:00:08.014864,0.2420899386574,block_16,1024,0.0006460727899355726,cosine,0.24512909607305405,2048,32,12,adam,0.05344772920352763,0.7867984693877552,,,,PRUNED
613,0.830765306122449,2026-04-22 03:08:46.449455,2026-04-22 03:08:54.682161,0 days 00:00:08.232706,0.3137422299660184,block_16,1024,0.00019505894556142887,cosine,0.22442939667956574,1024,16,14,adam,0.035523804126118115,0.830765306122449,,,,PRUNED
614,0.8465433673469388,2026-04-22 03:08:54.851596,2026-04-22 03:09:02.435474,0 days 00:00:07.583878,0.5449128730389075,block_16,1024,4.5122279554564765e-05,cosine,0.11383376655488361,1024,8,13,adam,0.0688115298436909,0.8465433673469388,,,,PRUNED
615,0.8505867346938776,2026-04-22 03:09:02.593314,2026-04-22 03:09:10.183259,0 days 00:00:07.589945,0.5442919415394546,block_16,1024,0.0001511405269821952,cosine,0.0967882115333113,3072,2,13,adam,0.003839264764003942,0.8505867346938776,,,,PRUNED
616,0.8265816326530613,2026-04-22 03:09:10.344570,2026-04-22 03:09:16.527805,0 days 00:00:06.183235,0.6769690344837462,block_16,1024,0.00040598304737762234,cosine,0.2667028760658118,2048,16,7,adam,0.013265975409839042,0.8265816326530613,,,,PRUNED
617,0.8400000000000001,2026-04-22 03:09:16.667731,2026-04-22 03:09:24.728191,0 days 00:00:08.060460,0.6008642682419452,block_16,1024,0.00011056666577228798,cosine,0.04238395709342631,2048,32,12,adam,0.093323028356935,0.8400000000000001,,,,PRUNED
618,0.8194897959183673,2026-04-22 03:09:24.876021,2026-04-22 03:09:31.027902,0 days 00:00:06.151881,0.6742393573473713,block_16,1024,3.7991835809879866e-05,cosine,0.008523854673581355,3072,2,6,adam,7.085962015219455e-05,0.8194897959183673,,,,PRUNED
619,0.8432908163265307,2026-04-22 03:09:31.171068,2026-04-22 03:09:38.775585,0 days 00:00:07.604517,0.22360753126868582,block_16,1024,0.0003052953423049029,cosine,0.20227093132335583,1024,32,11,adam,0.06139146847722591,0.8432908163265307,,,,PRUNED
620,0.9270535714285715,2026-04-22 03:09:38.927423,2026-04-22 03:10:12.524255,0 days 00:00:33.596832,0.5730700842501786,block_16,1024,0.0001540901530654741,cosine,0.08337946210926542,512,8,12,adam,0.07357563756760518,0.9270535714285715,,,,PRUNED
621,0.8261862244897958,2026-04-22 03:10:12.677382,2026-04-22 03:10:19.952311,0 days 00:00:07.274929,0.28950532454831435,block_16,1024,0.00032255312927768025,cosine,0.1800712069525208,512,32,10,adam,0.011076691321561737,0.8261862244897958,,,,PRUNED
622,0.8147959183673469,2026-04-22 03:10:20.084469,2026-04-22 03:10:26.608072,0 days 00:00:06.523603,0.5341755337787116,block_16,1024,0.00024827770441074803,cosine,0.3331932211728408,2048,8,10,adam,3.963900907491443e-05,0.8147959183673469,,,,PRUNED
623,0.949579081632653,2026-04-22 03:10:26.745402,2026-04-22 03:12:00.859685,0 days 00:01:34.114283,0.37218274556630554,block_16,1024,0.00010746568996924652,cosine,0.11853851061181893,3072,8,12,adam,0.004931790313344792,0.949579081632653,,,,PRUNED
624,0.8324489795918368,2026-04-22 03:12:01.006883,2026-04-22 03:12:08.194896,0 days 00:00:07.188013,0.6941509159910534,block_16,1024,0.00017390504696004433,cosine,0.12786305641112178,1024,8,12,adam,0.011441717979654124,0.8324489795918368,,,,PRUNED
625,0.8961607142857142,2026-04-22 03:12:08.346930,2026-04-22 03:12:22.961758,0 days 00:00:14.614828,0.6138336701821009,block_16,1024,0.00017682116499185692,cosine,0.2163646255526895,2048,8,13,adam,0.020057736966249264,0.8961607142857142,,,,PRUNED
626,0.7839285714285714,2026-04-22 03:12:23.112022,2026-04-22 03:12:29.335726,0 days 00:00:06.223704,0.6747199385153615,block_16,1024,2.9690753649087218e-05,cosine,0.12408016281284523,2048,2,8,adam,2.4310128697782428e-05,0.7839285714285714,,,,PRUNED
627,0.9504974489795919,2026-04-22 03:12:29.475630,2026-04-22 03:14:02.959447,0 days 00:01:33.483817,0.4127719927087711,block_16,1024,0.00020965403017280217,cosine,0.06690273369417415,1024,2,12,adam,0.012564141080989633,0.9375255102040817,0.9504974489795919,,,PRUNED
628,0.9335586734693877,2026-04-22 03:14:03.098155,2026-04-22 03:14:36.547419,0 days 00:00:33.449264,0.5159241521144555,block_16,1024,8.901559767988996e-05,cosine,0.19523003905567857,1024,16,11,adam,0.009605930627830212,0.8764668367346938,0.9171938775510204,0.9335586734693877,,PRUNED
629,0.9322831632653061,2026-04-22 03:14:36.694653,2026-04-22 03:15:10.382616,0 days 00:00:33.687963,0.5145407312240889,block_16,1024,0.00021921515219491727,cosine,0.14623775275892523,1024,8,12,adam,0.07240398265236841,0.9322831632653061,,,,PRUNED
630,0.8342474489795918,2026-04-22 03:15:10.543856,2026-04-22 03:15:18.348206,0 days 00:00:07.804350,0.6407858942413459,block_16,1024,6.159029314626503e-05,cosine,0.3920179251527396,3072,16,13,adam,0.013393907553608773,0.8342474489795918,,,,PRUNED
631,0.899655612244898,2026-04-22 03:15:18.488870,2026-04-22 03:15:33.594206,0 days 00:00:15.105336,0.5415386045438962,block_16,1024,6.933443200368881e-05,cosine,0.2967944964797875,3072,16,13,adam,2.980778734831382e-06,0.899655612244898,,,,PRUNED
632,0.9347066326530612,2026-04-22 03:15:33.759162,2026-04-22 03:16:15.651717,0 days 00:00:41.892555,0.6953767180116869,block_16,1024,0.0003412703757389075,cosine,0.07494284934657257,1024,32,14,adam,0.022098420533376163,0.9347066326530612,,,,PRUNED
633,0.9033673469387755,2026-04-22 03:16:15.871753,2026-04-22 03:16:30.311946,0 days 00:00:14.440193,0.6292795375902077,block_16,1024,6.702360870418767e-05,cosine,0.1993327519702252,3072,8,13,adam,0.010401246085361082,0.8555102040816328,0.9033673469387755,,,PRUNED
634,0.9347704081632653,2026-04-22 03:16:30.453503,2026-04-22 03:17:00.838210,0 days 00:00:30.384707,0.2054689801612875,block_16,1024,0.00032220428468859066,cosine,0.11503715811899165,1024,32,8,adam,0.012019293435939606,0.917359693877551,0.9347704081632653,,,PRUNED
635,0.8384566326530613,2026-04-22 03:17:00.979970,2026-04-22 03:17:09.794151,0 days 00:00:08.814181,0.4831862301245684,block_16,1024,0.0002066292859926542,cosine,0.25152050016333555,2048,32,14,adam,4.32788988698883e-06,0.8384566326530613,,,,PRUNED
636,0.947563775510204,2026-04-22 03:17:09.953213,2026-04-22 03:18:30.554905,0 days 00:01:20.601692,0.39585348039484664,block_16,1024,0.00021530824953038986,cosine,0.23632973176652822,1024,2,6,adam,0.0014913251730940469,0.9151785714285714,0.9377040816326531,0.947563775510204,,PRUNED
637,0.9351658163265306,2026-04-22 03:18:30.688250,2026-04-22 03:19:07.525025,0 days 00:00:36.836775,0.2492548853403163,block_16,1024,0.0002335300859078763,cosine,0.1162700478230528,1024,8,14,adam,1.6514550095714306e-06,0.8657780612244897,0.919094387755102,0.9351658163265306,,PRUNED
638,0.9434566326530612,2026-04-22 03:19:07.687127,2026-04-22 03:20:29.123080,0 days 00:01:21.435953,0.5536195666340987,block_16,1024,0.000158524969234853,cosine,0.3184212281449829,512,16,6,adam,6.967300088105705e-05,0.9378826530612245,0.9434566326530612,,,PRUNED
639,0.8339158163265307,2026-04-22 03:20:29.275002,2026-04-22 03:20:36.561726,0 days 00:00:07.286724,0.2600917305141389,block_16,1024,0.00011585568910125717,cosine,0.15802918246756564,1024,2,12,adam,0.001812817900344078,0.8339158163265307,,,,PRUNED
640,0.8163265306122449,2026-04-22 03:20:36.715162,2026-04-22 03:20:42.962034,0 days 00:00:06.246872,0.2753459715518092,block_16,1024,0.00044983174527472495,cosine,0.0025058627905898134,2048,16,8,adam,2.6390693034412957e-06,0.8163265306122449,,,,PRUNED
641,0.9533035714285714,2026-04-22 03:20:43.115898,2026-04-22 03:22:46.023404,0 days 00:02:02.907506,0.26212970441105754,block_16,1024,0.00027930352865514267,cosine,0.19315038791722774,1024,32,8,adam,0.021574809982878466,0.8895918367346939,0.9229081632653061,0.9374872448979592,0.9515433673469387,COMPLETE
642,0.8415433673469388,2026-04-22 03:22:46.147478,2026-04-22 03:22:52.371711,0 days 00:00:06.224233,0.27445763136247703,block_16,1024,0.0001948761396928128,cosine,0.09202653731622182,1024,2,8,adam,0.006709618861999242,0.8415433673469388,,,,PRUNED
643,0.9356122448979591,2026-04-22 03:22:52.514210,2026-04-22 03:23:22.053902,0 days 00:00:29.539692,0.20647605602900104,block_16,1024,0.00019288374403508441,cosine,0.342927806016925,1024,16,7,adam,0.027197677482777675,0.9156632653061224,0.9356122448979591,,,PRUNED
644,0.9364413265306122,2026-04-22 03:23:22.189415,2026-04-22 03:23:54.644863,0 days 00:00:32.455448,0.33015004652301483,block_16,1024,0.00026336695528526453,cosine,0.07935537276705062,1024,32,9,adam,0.049247561537113446,0.8747448979591838,0.9198596938775511,0.9364413265306122,,PRUNED
645,0.84375,2026-04-22 03:23:54.808005,2026-04-22 03:24:02.705151,0 days 00:00:07.897146,0.2237812946347448,block_16,1024,0.00017653993910106213,cosine,0.3308470355884222,2048,16,13,adam,0.0004313406900958539,0.84375,,,,PRUNED
646,0.9354974489795919,2026-04-22 03:24:02.853068,2026-04-22 03:24:32.585663,0 days 00:00:29.732595,0.3725291568163178,block_16,1024,0.0004016816610242616,cosine,0.307134308173287,1024,8,9,adam,0.01003468880948285,0.9140433673469388,0.9354974489795919,,,PRUNED
647,0.9351530612244898,2026-04-22 03:24:32.772180,2026-04-22 03:25:07.156070,0 days 00:00:34.383890,0.2549813868584711,block_16,1024,0.00038318083240833725,cosine,0.02377941336432235,1024,32,10,adam,0.006433844161351808,0.9138647959183673,0.9351530612244898,,,PRUNED
648,0.8953698979591836,2026-04-22 03:25:07.359481,2026-04-22 03:25:20.546999,0 days 00:00:13.187518,0.38363858407836643,block_16,1024,2.7660057197503816e-05,cosine,0.0625508670202409,512,32,9,adam,0.0001308817936789636,0.8953698979591836,,,,PRUNED
649,0.8443750000000001,2026-04-22 03:25:20.690117,2026-04-22 03:25:26.877795,0 days 00:00:06.187678,0.4360554373395965,block_16,1024,0.0003645259299347568,cosine,0.10208692152703505,1024,8,6,adam,0.025621814338487453,0.8443750000000001,,,,PRUNED
650,0.934859693877551,2026-04-22 03:25:27.028853,2026-04-22 03:26:01.045571,0 days 00:00:34.016718,0.6243994370058168,block_16,1024,0.00018678361679425788,cosine,0.13517453723884143,1024,8,12,adam,0.04621815997722858,0.934859693877551,,,,PRUNED
651,0.9358928571428572,2026-04-22 03:26:01.196626,2026-04-22 03:26:32.095628,0 days 00:00:30.899002,0.41296384377793155,block_16,1024,0.00012146473504309798,cosine,0.14226185376621747,1024,2,10,adam,0.03551908871342296,0.9168622448979592,0.9358928571428572,,,PRUNED
652,0.912908163265306,2026-04-22 03:26:32.235589,2026-04-22 03:26:44.231646,0 days 00:00:11.996057,0.5051897592382887,block_16,1024,6.93989473724624e-05,cosine,0.0535856040931037,2048,32,7,adam,5.444741065921764e-06,0.8680229591836734,0.912908163265306,,,PRUNED
653,0.8278188775510206,2026-04-22 03:26:44.383683,2026-04-22 03:26:51.118745,0 days 00:00:06.735062,0.2904411182175999,block_16,1024,0.00032517932861058426,cosine,0.06667238402995165,512,16,10,adam,0.0052393076373359136,0.8278188775510206,,,,PRUNED
654,0.8314030612244897,2026-04-22 03:26:51.274507,2026-04-22 03:26:58.237648,0 days 00:00:06.963141,0.4747634159148003,block_16,1024,0.00017210512760364955,cosine,0.030476918010474717,512,2,11,adam,0.013058780785265548,0.8314030612244897,,,,PRUNED
655,0.8252933673469388,2026-04-22 03:26:58.384079,2026-04-22 03:27:06.045861,0 days 00:00:07.661782,0.4338892298478765,block_16,1024,0.00041638767993343496,cosine,0.11675480458411035,1024,32,11,adam,0.0812164622436618,0.8252933673469388,,,,PRUNED
656,0.9095790816326531,2026-04-22 03:27:06.185452,2026-04-22 03:27:19.487105,0 days 00:00:13.301653,0.442865115421867,block_16,1024,0.00013471917915458849,cosine,0.14158075837681766,2048,8,11,adam,0.03887207391853872,0.9095790816326531,,,,PRUNED
657,0.9072704081632653,2026-04-22 03:27:19.637786,2026-04-22 03:27:31.947318,0 days 00:00:12.309532,0.2232597642943131,block_16,1024,4.994176984364921e-05,cosine,0.32429460897880175,1024,16,9,adam,0.033250318720816574,0.9072704081632653,,,,PRUNED
658,0.935063775510204,2026-04-22 03:27:32.084708,2026-04-22 03:28:01.389350,0 days 00:00:29.304642,0.21269145972704648,block_16,1024,0.00035939700445246337,cosine,0.24222187904889758,3072,2,7,adam,1.1726676047119662e-06,0.935063775510204,,,,PRUNED
659,0.8285076530612245,2026-04-22 03:28:01.574262,2026-04-22 03:28:09.700385,0 days 00:00:08.126123,0.5407755747386973,block_16,1024,2.603531982304688e-05,cosine,0.13938970597150732,2048,16,14,adam,0.0350964715449605,0.8285076530612245,,,,PRUNED
660,0.9349999999999999,2026-04-22 03:28:09.861310,2026-04-22 03:28:43.588542,0 days 00:00:33.727232,0.42061368291042456,block_16,1024,0.00013351165469118126,cosine,0.13361129826805196,1024,16,11,adam,0.06638704373018739,0.9349999999999999,,,,PRUNED
661,0.8290051020408163,2026-04-22 03:28:43.739196,2026-04-22 03:28:51.309540,0 days 00:00:07.570344,0.5445819581280658,block_16,1024,0.0002473859063609254,cosine,0.39451712983361054,512,32,11,adam,0.010972335886770752,0.8290051020408163,,,,PRUNED
662,0.909655612244898,2026-04-22 03:28:51.463229,2026-04-22 03:29:04.030852,0 days 00:00:12.567623,0.5570273183042767,block_16,1024,0.00033912164908922823,cosine,0.027329920046689507,1024,8,10,adam,0.004602519224593384,0.909655612244898,,,,PRUNED
663,0.833826530612245,2026-04-22 03:29:04.175795,2026-04-22 03:29:13.089324,0 days 00:00:08.913529,0.5392349194678614,block_16,1024,0.00013977028666569666,cosine,0.07719811862058934,1024,32,14,adam,0.02040303183876488,0.833826530612245,,,,PRUNED
664,0.8496811224489795,2026-04-22 03:29:13.233750,2026-04-22 03:29:20.951665,0 days 00:00:07.717915,0.4232783280942584,block_16,1024,0.00012962493937432808,cosine,0.11534603911491602,1024,2,13,adam,0.09386842299072398,0.8496811224489795,,,,PRUNED
665,0.820420918367347,2026-04-22 03:29:21.100162,2026-04-22 03:29:33.204288,0 days 00:00:12.104126,0.36706105350178336,block_16,1024,0.0004468371422073699,cosine,0.384665251753181,512,8,8,adam,0.029853971628781253,0.820420918367347,,,,PRUNED
666,0.9286734693877551,2026-04-22 03:29:33.350474,2026-04-22 03:30:08.904554,0 days 00:00:35.554080,0.5295772513336591,block_16,1024,0.00011038341600441159,cosine,0.12383467462222658,2048,16,12,adam,4.771177376615552e-05,0.9286734693877551,,,,PRUNED
667,0.9061479591836735,2026-04-22 03:30:09.049900,2026-04-22 03:30:21.113875,0 days 00:00:12.063975,0.4763822463121895,block_16,1024,0.00014927186906273595,cosine,0.05133251415480464,3072,8,8,adam,0.0004978111505727254,0.8561989795918368,0.9061479591836735,,,PRUNED
668,0.8096811224489795,2026-04-22 03:30:21.262753,2026-04-22 03:30:29.133733,0 days 00:00:07.870980,0.3318654139175451,block_16,1024,0.00015093531819480188,cosine,0.2620318552187486,3072,2,14,adam,4.539996124488901e-06,0.8096811224489795,,,,PRUNED
669,0.7565306122448979,2026-04-22 03:30:29.293809,2026-04-22 03:30:37.511593,0 days 00:00:08.217784,0.23843712809968265,block_16,1024,0.0003746953559773719,cosine,0.21419110946067638,2048,16,14,adam,1.046576381423831e-05,0.7565306122448979,,,,PRUNED
670,0.9492857142857143,2026-04-22 03:30:37.681844,2026-04-22 03:31:59.063787,0 days 00:01:21.381943,0.28528972229266486,block_16,1024,9.936413096164056e-05,cosine,0.2856149169534091,1024,16,8,adam,0.0025534928976406303,0.8857780612244899,0.9195918367346939,0.9387627551020408,0.9492857142857143,PRUNED
671,0.5,2026-04-22 03:31:59.212916,2026-04-22 03:33:20.306169,0 days 00:01:21.093253,0.552797424221293,block_16,1024,0.0009188171774911571,cosine,0.28084022790841384,3072,8,8,adam,0.03620515593005962,0.5,,,,PRUNED
