number,value,datetime_start,datetime_complete,duration,params_attn_dropout,params_clip_layer,params_dim_feedforward,params_lr,params_lr_scheduler,params_mlp_dropout,params_mlp_hidden_dim,params_n_heads,params_num_layers,params_optimizer_type,params_weight_decay,system_attrs_completed_rung_0,system_attrs_completed_rung_1,system_attrs_completed_rung_2,system_attrs_completed_rung_3,state
672,0.8391836734693878,2026-04-22 03:33:20.454392,2026-04-22 03:33:26.583991,0 days 00:00:06.129599,0.3370103068491645,block_16,1024,0.00026250165266543385,cosine,0.14538138685379934,1024,2,6,adam,0.011592697184220062,0.8391836734693878,,,,PRUNED
673,0.9363647959183674,2026-04-22 03:33:26.725855,2026-04-22 03:33:55.838634,0 days 00:00:29.112779,0.42290603441870195,block_16,1024,0.00023554830027585605,cosine,0.24769283412240867,1024,8,7,adam,0.005639186510797547,0.9216836734693877,0.9363647959183674,,,PRUNED
674,0.9372448979591836,2026-04-22 03:33:55.984416,2026-04-22 03:34:31.338925,0 days 00:00:35.354509,0.5674747523294096,block_16,1024,0.00019518719147145925,cosine,0.07012971050612127,1024,8,13,adam,0.0272824056011832,0.8784438775510204,0.9189795918367346,0.9372448979591836,,PRUNED
675,0.9059566326530613,2026-04-22 03:34:31.493147,2026-04-22 03:34:44.644549,0 days 00:00:13.151402,0.5147259375215233,block_16,1024,0.0001859419779254425,cosine,0.22270540858302193,1024,16,10,adam,0.08970288474113998,0.9059566326530613,,,,PRUNED
676,0.8169770408163265,2026-04-22 03:34:44.810355,2026-04-22 03:34:51.625716,0 days 00:00:06.815361,0.6430368598877143,block_16,1024,0.00021037306610377076,cosine,0.10515261484138082,512,16,10,adam,0.0039689803444669935,0.8169770408163265,,,,PRUNED
677,0.9316071428571429,2026-04-22 03:34:51.772652,2026-04-22 03:35:28.772886,0 days 00:00:37.000234,0.30491732644092284,block_16,1024,0.00013834189146860957,cosine,0.221710300591544,512,2,14,adam,0.035094977635589164,0.9316071428571429,,,,PRUNED
678,0.9450510204081632,2026-04-22 03:35:28.926696,2026-04-22 03:37:12.038768,0 days 00:01:43.112072,0.2759237123400511,block_16,1024,9.372144221244028e-05,cosine,0.20473000957268106,3072,2,14,adam,0.0007590872104667693,0.9366326530612245,0.9450510204081632,,,PRUNED
679,0.9484821428571428,2026-04-22 03:37:12.230909,2026-04-22 03:38:33.189608,0 days 00:01:20.958699,0.39887758046727884,block_16,1024,0.00029698715966158904,cosine,0.192706246814152,2048,8,6,adam,0.008246163422377979,0.9484821428571428,,,,PRUNED
680,0.8063392857142858,2026-04-22 03:38:33.383845,2026-04-22 03:38:39.979524,0 days 00:00:06.595679,0.47089650780861725,block_16,1024,0.0005270185720817022,cosine,0.06447941791899303,2048,8,10,adam,0.015905088039310077,0.8063392857142858,,,,PRUNED
681,0.6971492346938777,2026-04-22 03:38:40.129890,2026-04-22 03:38:48.008707,0 days 00:00:07.878817,0.5442072517365284,block_16,1024,0.0009456401752430288,cosine,0.1036194216819773,2048,16,13,adam,6.902624918380892e-05,0.6971492346938777,,,,PRUNED
682,0.9101147959183673,2026-04-22 03:38:48.161743,2026-04-22 03:39:00.615429,0 days 00:00:12.453686,0.24620090214752152,block_16,1024,3.921015190779669e-05,cosine,0.09349528240940341,2048,32,8,adam,6.060752385963654e-06,0.9101147959183673,,,,PRUNED
683,0.9330994897959184,2026-04-22 03:39:00.803685,2026-04-22 03:39:43.130617,0 days 00:00:42.326932,0.6432276559950489,block_16,1024,0.0001595057189217647,cosine,0.1336292864583928,3072,32,14,adam,0.013885714777771608,0.9330994897959184,,,,PRUNED
684,0.8049617346938776,2026-04-22 03:39:43.297165,2026-04-22 03:39:50.907344,0 days 00:00:07.610179,0.37030645712315174,block_16,1024,0.0002460172943152316,cosine,0.16074636055366368,3072,16,12,adam,1.8504970589566727e-05,0.8049617346938776,,,,PRUNED
685,0.8160586734693878,2026-04-22 03:39:51.050051,2026-04-22 03:39:57.538188,0 days 00:00:06.488137,0.46803568869695505,block_16,1024,2.6674648172996476e-05,cosine,0.18101019976269814,512,2,10,adam,0.0005435446922666604,0.8160586734693878,,,,PRUNED
686,0.8323979591836734,2026-04-22 03:39:57.736760,2026-04-22 03:40:04.025147,0 days 00:00:06.288387,0.565733701460943,block_16,1024,0.0003002865034844958,cosine,0.16068471739147597,1024,8,6,adam,0.05856704311073664,0.8323979591836734,,,,PRUNED
687,0.8134948979591836,2026-04-22 03:40:04.167021,2026-04-22 03:40:10.413044,0 days 00:00:06.246023,0.3675653932617262,block_16,1024,0.00043302054950869733,cosine,0.20869898781684224,1024,8,6,adam,0.05958642440271723,0.8134948979591836,,,,PRUNED
688,0.8480739795918367,2026-04-22 03:40:10.550356,2026-04-22 03:40:17.819236,0 days 00:00:07.268880,0.5387426102628392,block_16,1024,2.815408315877599e-05,cosine,0.001558417910510479,2048,2,12,adam,0.0008805184697073,0.8480739795918367,,,,PRUNED
689,0.8213647959183673,2026-04-22 03:40:17.979558,2026-04-22 03:40:24.159645,0 days 00:00:06.180087,0.3052394967452885,block_16,1024,0.0004520985162023784,cosine,0.12558831558160835,512,2,6,adam,0.06512507390424903,0.8213647959183673,,,,PRUNED
690,0.830420918367347,2026-04-22 03:40:24.311413,2026-04-22 03:40:30.839073,0 days 00:00:06.527660,0.34169502478037017,block_16,1024,0.00036718465858098,cosine,0.2003753490941929,512,2,10,adam,0.02425316938685524,0.830420918367347,,,,PRUNED
691,0.9533418367346939,2026-04-22 03:40:30.992324,2026-04-22 03:42:53.566862,0 days 00:02:22.574538,0.3943082584350378,block_16,1024,0.00024128196252879604,cosine,0.10312281560958604,1024,2,13,adam,0.010587685354659714,0.9217474489795918,0.9373086734693878,0.9513520408163265,,COMPLETE
692,0.5,2026-04-22 03:42:53.701884,2026-04-22 03:44:44.976812,0 days 00:01:51.274928,0.6981442151456351,block_16,1024,0.0004998175997084661,cosine,0.011859391804106664,512,32,13,adam,0.04425998669196775,0.5,,,,PRUNED
693,0.9345025510204081,2026-04-22 03:44:45.129247,2026-04-22 03:45:25.319691,0 days 00:00:40.190444,0.6898446441696903,block_16,1024,0.00016708764481982517,cosine,0.05589897865150953,1024,32,13,adam,0.004172678609566905,0.9345025510204081,,,,PRUNED
694,0.9022448979591837,2026-04-22 03:45:25.476760,2026-04-22 03:45:38.052777,0 days 00:00:12.576017,0.43805273885961943,block_16,1024,8.54073295282562e-05,cosine,0.19620808477033488,1024,8,10,adam,0.08787136666833509,0.8543367346938775,0.9022448979591837,,,PRUNED
695,0.5911607142857143,2026-04-22 03:45:38.221144,2026-04-22 03:45:44.451040,0 days 00:00:06.229896,0.2442261953507866,block_16,1024,0.000993080819919024,cosine,0.22033363362944455,2048,16,8,adam,0.0032052544674114414,0.5911607142857143,,,,PRUNED
696,0.9071301020408163,2026-04-22 03:45:44.607117,2026-04-22 03:45:57.758300,0 days 00:00:13.151183,0.5827366803505756,block_16,1024,8.7446852286779e-05,cosine,0.073460413700092,2048,8,11,adam,0.0590237758170341,0.9071301020408163,,,,PRUNED
697,0.9011862244897959,2026-04-22 03:45:57.911308,2026-04-22 03:46:13.055111,0 days 00:00:15.143803,0.6838169347049157,block_16,1024,0.00019705509485442693,cosine,0.03747893432065896,2048,2,14,adam,0.005070172264630963,0.9011862244897959,,,,PRUNED
698,0.9502551020408163,2026-04-22 03:46:13.207142,2026-04-22 03:48:09.806160,0 days 00:01:56.599018,0.6902026429449829,block_16,1024,0.00021530653163285963,cosine,0.002205809188372654,3072,32,14,adam,0.018156634789937204,0.9373469387755102,0.9502551020408163,,,PRUNED
699,0.9106377551020409,2026-04-22 03:48:09.966261,2026-04-22 03:48:24.408653,0 days 00:00:14.442392,0.6621500491775891,block_16,1024,6.471864163384272e-05,cosine,0.1366827760129912,1024,16,12,adam,0.013616086752078392,0.9106377551020409,,,,PRUNED
700,0.8307397959183673,2026-04-22 03:48:24.560578,2026-04-22 03:48:32.444184,0 days 00:00:07.883606,0.2425883890182932,block_16,1024,0.00013785973716526643,cosine,0.07306493181427189,1024,2,14,adam,0.03175298100499574,0.8307397959183673,,,,PRUNED
701,0.7783801020408163,2026-04-22 03:48:32.619904,2026-04-22 03:48:38.929200,0 days 00:00:06.309296,0.6516504497102003,block_16,1024,0.0004121723518260726,cosine,0.12062071915787494,3072,8,9,adam,0.0016911998038801424,0.7783801020408163,,,,PRUNED
702,0.8275765306122449,2026-04-22 03:48:39.083611,2026-04-22 03:48:45.971761,0 days 00:00:06.888150,0.2566473720666269,block_16,1024,0.0003432871241446644,cosine,0.10785427851264648,3072,32,9,adam,0.003606862066388556,0.8275765306122449,,,,PRUNED
703,0.816313775510204,2026-04-22 03:48:46.117724,2026-04-22 03:48:53.299535,0 days 00:00:07.181811,0.29927255121818636,block_16,1024,0.00014267732209661052,cosine,0.0885305173846364,1024,2,12,adam,0.0027976797309956884,0.816313775510204,,,,PRUNED
704,0.9047066326530613,2026-04-22 03:48:53.457783,2026-04-22 03:49:07.219861,0 days 00:00:13.762078,0.3881170838094693,block_16,1024,9.776290528146468e-05,cosine,0.2646271242079987,1024,16,11,adam,0.09638494024716923,0.8552423469387754,0.9047066326530613,,,PRUNED
705,0.936045918367347,2026-04-22 03:49:07.391600,2026-04-22 03:49:37.741698,0 days 00:00:30.350098,0.42668459685175275,block_16,1024,0.0001847678284847955,cosine,0.17768606820326055,1024,32,8,adam,0.004804666138762358,0.936045918367347,,,,PRUNED
706,0.9532780612244899,2026-04-22 03:49:37.893611,2026-04-22 03:51:39.648412,0 days 00:02:01.754801,0.5039887625911055,block_16,1024,0.000371931833558838,cosine,0.2857076589163131,1024,32,8,adam,0.014821770583246718,0.9508928571428572,,,,COMPLETE
707,0.827219387755102,2026-04-22 03:51:39.793700,2026-04-22 03:51:45.999448,0 days 00:00:06.205748,0.4891390085381339,block_16,1024,0.00029283801094667853,cosine,0.07315053520991228,3072,16,6,adam,0.024379779512527643,0.827219387755102,,,,PRUNED
708,0.8417602040816325,2026-04-22 03:51:46.147447,2026-04-22 03:51:52.680663,0 days 00:00:06.533216,0.31272623396764326,block_16,1024,0.00019001413793922996,cosine,0.0906256435001967,1024,8,10,adam,0.06867054023327729,0.8417602040816325,,,,PRUNED
709,0.8421938775510204,2026-04-22 03:51:52.822544,2026-04-22 03:51:59.165340,0 days 00:00:06.342796,0.21281616875419268,block_16,1024,3.975636547192714e-05,cosine,0.2239240628232495,3072,8,9,adam,3.749626109031301e-06,0.8421938775510204,,,,PRUNED
710,0.5876785714285715,2026-04-22 03:51:59.299141,2026-04-22 03:52:06.230101,0 days 00:00:06.930960,0.5126372358139896,block_16,1024,0.0007368562758677687,cosine,0.1333702610755339,2048,8,11,adam,2.3382039751376104e-05,0.5876785714285715,,,,PRUNED
711,0.9091964285714285,2026-04-22 03:52:06.369110,2026-04-22 03:52:21.554373,0 days 00:00:15.185263,0.25137729428337574,block_16,1024,4.2904848016048267e-05,cosine,0.10138390281451225,2048,2,14,adam,0.007761142595437242,0.9091964285714285,,,,PRUNED
712,0.9119005102040817,2026-04-22 03:52:21.708624,2026-04-22 03:52:33.559643,0 days 00:00:11.851019,0.570883844024662,block_16,1024,0.00013376133595560587,cosine,0.19080454632164234,1024,32,6,adam,0.046521886023303524,0.8526530612244898,0.9119005102040817,,,PRUNED
713,0.9116454081632652,2026-04-22 03:52:33.698454,2026-04-22 03:52:48.226876,0 days 00:00:14.528422,0.4078666213614905,block_16,1024,0.00010370463780828997,cosine,0.08804671175969891,1024,8,13,adam,0.045277173547369355,0.9116454081632652,,,,PRUNED
714,0.8496045918367346,2026-04-22 03:52:48.378616,2026-04-22 03:52:54.589437,0 days 00:00:06.210821,0.23811392501702855,block_16,1024,0.00016656041732199332,cosine,0.28612476619510624,1024,2,8,adam,0.0833705770415428,0.8496045918367346,,,,PRUNED
715,0.8967474489795919,2026-04-22 03:52:54.725667,2026-04-22 03:53:09.524864,0 days 00:00:14.799197,0.6836309268777152,block_16,1024,3.8036425916727444e-05,cosine,0.2654655219492683,3072,32,11,adam,0.005142457212053126,0.8967474489795919,,,,PRUNED
716,0.8209566326530612,2026-04-22 03:53:09.684414,2026-04-22 03:53:16.012189,0 days 00:00:06.327775,0.6098999852479521,block_16,1024,0.0005734502654970107,cosine,0.15770765990996183,1024,32,8,adam,0.04742644149434822,0.8209566326530612,,,,PRUNED
717,0.8940433673469388,2026-04-22 03:53:16.172675,2026-04-22 03:53:30.965860,0 days 00:00:14.793185,0.33430158004640437,block_16,1024,0.00017491444674679914,cosine,0.018159798305480562,3072,32,11,adam,4.177858925417032e-06,0.8532908163265306,0.8940433673469388,,,PRUNED
718,0.8329209183673469,2026-04-22 03:53:31.120235,2026-04-22 03:53:37.284757,0 days 00:00:06.164522,0.6889224226240245,block_16,1024,0.00018648742173619674,cosine,0.3754248143614507,2048,2,7,adam,6.817593744380405e-05,0.8329209183673469,,,,PRUNED
719,0.8308163265306122,2026-04-22 03:53:37.434424,2026-04-22 03:53:43.692557,0 days 00:00:06.258133,0.5750660488347318,block_16,1024,0.0002969506701067109,cosine,0.10274385646923699,1024,8,9,adam,0.07215013625840867,0.8308163265306122,,,,PRUNED
720,0.9031760204081632,2026-04-22 03:53:43.858875,2026-04-22 03:54:00.287284,0 days 00:00:16.428409,0.3390510040908282,block_16,1024,0.00012059184989836036,cosine,0.11737880874764768,512,32,13,adam,0.010797530999928221,0.8528316326530613,0.9031760204081632,,,PRUNED
721,0.8401403061224489,2026-04-22 03:54:00.440898,2026-04-22 03:54:06.628141,0 days 00:00:06.187243,0.20385735863562815,block_16,1024,3.656831750825432e-05,cosine,0.1522047807232604,512,2,8,adam,0.000842530105819686,0.8401403061224489,,,,PRUNED
722,0.8398852040816326,2026-04-22 03:54:06.795800,2026-04-22 03:54:14.363835,0 days 00:00:07.568035,0.29870579287183696,block_16,1024,0.00026509998637084945,cosine,0.0198312785411167,1024,2,13,adam,0.09139717935992066,0.8398852040816326,,,,PRUNED
723,0.8055867346938774,2026-04-22 03:54:14.502220,2026-04-22 03:54:20.714683,0 days 00:00:06.212463,0.3425841144323326,block_16,1024,7.27936738290081e-05,cosine,0.05397604227198947,3072,16,6,adam,0.0722822217414417,0.8055867346938774,,,,PRUNED
724,0.5080357142857143,2026-04-22 03:54:20.849187,2026-04-22 03:54:53.171405,0 days 00:00:32.322218,0.34497560610709094,block_16,1024,0.0005425644312282615,cosine,0.0948755089950024,1024,2,11,adam,0.09815616851045994,0.5080357142857143,,,,PRUNED
725,0.9162499999999999,2026-04-22 03:54:53.327562,2026-04-22 03:55:07.998626,0 days 00:00:14.671064,0.47906105724285014,block_16,1024,0.0002661772497372494,cosine,0.021282049026939864,1024,16,12,adam,4.5712811415190333e-05,0.8556377551020409,0.9162499999999999,,,PRUNED
726,0.6423469387755102,2026-04-22 03:55:08.149704,2026-04-22 03:55:14.372539,0 days 00:00:06.222835,0.6703083890601865,block_16,1024,0.0009474389959234137,cosine,0.16792672210605994,512,2,8,adam,1.929607029445302e-06,0.6423469387755102,,,,PRUNED
727,0.9451530612244897,2026-04-22 03:55:14.514135,2026-04-22 03:56:36.064946,0 days 00:01:21.550811,0.36019417306693896,block_16,1024,0.0005591212163805392,cosine,0.3179626493832396,3072,8,7,adam,0.0006756501206918306,0.9451530612244897,,,,PRUNED
728,0.8299872448979593,2026-04-22 03:56:36.220743,2026-04-22 03:56:48.274225,0 days 00:00:12.053482,0.6894443878639578,block_16,1024,0.0008549431461528423,cosine,0.0031736396859941562,3072,2,7,adam,0.0017659890787401211,0.8299872448979593,,,,PRUNED
729,0.782359693877551,2026-04-22 03:56:48.406215,2026-04-22 03:56:54.659967,0 days 00:00:06.253752,0.6245499547595889,block_16,1024,0.0005626824023553237,cosine,0.18636475046994885,1024,8,8,adam,0.004786040466589968,0.782359693877551,,,,PRUNED
730,0.9509821428571429,2026-04-22 03:56:54.797936,2026-04-22 03:58:16.706543,0 days 00:01:21.908607,0.4020894499991081,block_16,1024,0.00016807514242108025,cosine,0.033800666974274605,1024,32,6,adam,0.022630395055609626,0.9197448979591837,0.9393367346938777,0.9509821428571429,,PRUNED
731,0.929515306122449,2026-04-22 03:58:16.844411,2026-04-22 03:58:46.217297,0 days 00:00:29.372886,0.56340414345098,block_16,1024,2.5117390171442752e-05,cosine,0.31359857393587487,3072,16,7,adam,2.6392966375173318e-05,0.929515306122449,,,,PRUNED
732,0.8256760204081632,2026-04-22 03:58:46.354509,2026-04-22 03:58:52.524400,0 days 00:00:06.169891,0.2946170018002167,block_16,1024,0.0004496684659631128,cosine,0.22188596130572885,1024,2,7,adam,0.052496364963598295,0.8256760204081632,,,,PRUNED
733,0.9486224489795918,2026-04-22 03:58:52.659040,2026-04-22 04:00:22.329785,0 days 00:01:29.670745,0.29386286313744153,block_16,1024,0.00042235931657124245,cosine,0.0036986028100706586,2048,32,9,adam,0.01002419050870134,0.9486224489795918,,,,PRUNED
734,0.9042602040816325,2026-04-22 04:00:22.477277,2026-04-22 04:00:36.385087,0 days 00:00:13.907810,0.5145686565556353,block_16,1024,0.00017175428719157275,cosine,0.025977179820138696,1024,8,12,adam,0.09533990913571147,0.9042602040816325,,,,PRUNED
735,0.8637117346938775,2026-04-22 04:00:36.565401,2026-04-22 04:00:48.537534,0 days 00:00:11.972133,0.5085001000705611,block_16,1024,9.816174075339391e-05,cosine,0.20777135121595913,1024,8,6,adam,0.09960830149029137,0.8637117346938775,,,,PRUNED
736,0.9162372448979592,2026-04-22 04:00:48.677978,2026-04-22 04:01:01.978164,0 days 00:00:13.300186,0.527336739340807,block_16,1024,0.00016231774906655795,cosine,0.17760811874448046,1024,8,11,adam,0.0013636641423827927,0.8814285714285715,0.9162372448979592,,,PRUNED
737,0.9110969387755102,2026-04-22 04:01:02.185180,2026-04-22 04:01:18.619231,0 days 00:00:16.434051,0.6863926869996427,block_16,1024,0.00020066202802644163,cosine,0.05077505369226244,1024,32,13,adam,0.05895390002084837,0.9110969387755102,,,,PRUNED
738,0.8492729591836734,2026-04-22 04:01:18.774683,2026-04-22 04:01:25.121143,0 days 00:00:06.346460,0.4222498341210764,block_16,1024,4.965184789664812e-05,cosine,0.3601616253944626,1024,16,9,adam,0.03566487088794722,0.8492729591836734,,,,PRUNED
739,0.8433801020408164,2026-04-22 04:01:25.322369,2026-04-22 04:01:31.656657,0 days 00:00:06.334288,0.31211181539685645,block_16,1024,0.00018451851602961278,cosine,0.26313506831920797,1024,16,9,adam,0.06769445124308159,0.8433801020408164,,,,PRUNED
740,0.5682270408163265,2026-04-22 04:01:31.810625,2026-04-22 04:01:47.656429,0 days 00:00:15.845804,0.3353343530914121,block_16,1024,0.0009394805016534557,cosine,0.1505191656603344,512,16,14,adam,0.0007165883815004649,0.5682270408163265,,,,PRUNED
741,0.9533035714285714,2026-04-22 04:01:47.816094,2026-04-22 04:03:45.253095,0 days 00:01:57.437001,0.45064473152088375,block_16,1024,0.0001561070304602859,cosine,0.11957207815526888,1024,32,6,adam,0.013498672488490722,0.8677551020408163,0.9217474489795918,0.939719387755102,0.9506632653061224,COMPLETE
742,0.9154719387755103,2026-04-22 04:03:45.379658,2026-04-22 04:03:59.095969,0 days 00:00:13.716311,0.261256398214962,block_16,1024,0.0001349801255687841,cosine,0.21622465206276825,1024,16,11,adam,0.0016611716259497086,0.8570153061224489,0.9154719387755103,,,PRUNED
743,0.7910076530612246,2026-04-22 04:03:59.250888,2026-04-22 04:04:31.493250,0 days 00:00:32.242362,0.6655107059028041,block_16,1024,0.0009691216559944381,cosine,0.1353999111686791,3072,2,11,adam,1.6980883306023407e-06,0.7910076530612246,,,,PRUNED
744,0.8290688775510203,2026-04-22 04:04:31.644344,2026-04-22 04:04:43.611727,0 days 00:00:11.967383,0.42004919801971174,block_16,1024,0.00029562164641785813,cosine,0.08941848529296922,3072,8,7,adam,0.0919598199894072,0.8290688775510203,,,,PRUNED
745,0.902984693877551,2026-04-22 04:04:43.754181,2026-04-22 04:04:58.851050,0 days 00:00:15.096869,0.316260595334552,block_16,1024,0.00010982728995911185,cosine,0.09139342857798119,512,8,14,adam,6.722830048821892e-06,0.902984693877551,,,,PRUNED
746,0.8553443877551019,2026-04-22 04:04:59.005605,2026-04-22 04:05:11.662616,0 days 00:00:12.657011,0.3228408906196353,block_16,1024,0.0005061051152779353,cosine,0.24852922554162843,512,8,10,adam,0.0004834440323574192,0.8553443877551019,,,,PRUNED
747,0.9357270408163265,2026-04-22 04:05:11.807764,2026-04-22 04:05:41.153850,0 days 00:00:29.346086,0.485592630493352,block_16,1024,0.00046380395978973737,cosine,0.25870692792712635,1024,32,6,adam,0.004316481554033818,0.923125,0.9357270408163265,,,PRUNED
748,0.7936224489795918,2026-04-22 04:05:41.312777,2026-04-22 04:05:47.506862,0 days 00:00:06.194085,0.47252016499243665,block_16,1024,0.00032405763702687937,cosine,0.17913715520584153,1024,8,6,adam,0.09821932967730818,0.7936224489795918,,,,PRUNED
749,0.8157142857142857,2026-04-22 04:05:47.676678,2026-04-22 04:05:55.462290,0 days 00:00:07.785612,0.45292055130314635,block_16,1024,0.00027825820690104554,cosine,0.19354693345074636,2048,16,13,adam,0.004539096824018261,0.8157142857142857,,,,PRUNED
750,0.9547576530612245,2026-04-22 04:05:55.636753,2026-04-22 04:08:23.751930,0 days 00:02:28.115177,0.22557998967793771,block_16,1024,0.00018252596049465067,cosine,0.2085353238265854,1024,8,14,adam,0.029898146230391307,0.936313775510204,0.9519132653061224,,,COMPLETE
751,0.8903316326530613,2026-04-22 04:08:23.883935,2026-04-22 04:08:38.422971,0 days 00:00:14.539036,0.4881369967314475,block_16,1024,2.6865800635366965e-05,cosine,0.2704400001013696,512,8,13,adam,0.001773321790176801,0.8903316326530613,,,,PRUNED
752,0.9366964285714285,2026-04-22 04:08:38.561030,2026-04-22 04:09:15.647684,0 days 00:00:37.086654,0.20846161146459366,block_16,1024,0.0002503332899776657,cosine,0.258366583331465,1024,8,14,adam,0.011363530173578483,0.9146428571428572,0.9366964285714285,,,PRUNED
753,0.7936989795918368,2026-04-22 04:09:15.796314,2026-04-22 04:09:27.719476,0 days 00:00:11.923162,0.4045729569020936,block_16,1024,0.0009412560723508758,cosine,0.3957305719466152,2048,8,7,adam,0.035627493617493566,0.7936989795918368,,,,PRUNED
754,0.9451147959183673,2026-04-22 04:09:27.858125,2026-04-22 04:11:10.518121,0 days 00:01:42.659996,0.28854986035301794,block_16,1024,6.485660430658866e-05,cosine,0.14765888676086686,2048,8,14,adam,0.025243724624508582,0.9451147959183673,,,,PRUNED
755,0.9059821428571427,2026-04-22 04:11:10.742875,2026-04-22 04:11:25.966167,0 days 00:00:15.223292,0.26877714552342746,block_16,1024,5.63672311926928e-05,cosine,0.10267483670353343,1024,16,13,adam,0.07886342876137689,0.9059821428571427,,,,PRUNED
756,0.8051275510204082,2026-04-22 04:11:26.118968,2026-04-22 04:11:32.302595,0 days 00:00:06.183627,0.37879033772026427,block_16,1024,0.0004813661172273898,cosine,0.23032906044752638,1024,8,8,adam,0.0030255760058402583,0.8051275510204082,,,,PRUNED
