number,value,datetime_start,datetime_complete,duration,params_attn_dropout,params_clip_layer,params_dim_feedforward,params_lr,params_lr_scheduler,params_mlp_dropout,params_mlp_hidden_dim,params_n_heads,params_num_layers,params_optimizer_type,params_weight_decay,system_attrs_completed_rung_0,system_attrs_completed_rung_1,system_attrs_completed_rung_2,system_attrs_completed_rung_3,state
166,0.9080612244897959,2026-04-21 23:13:48.227269,2026-04-21 23:14:01.101065,0 days 00:00:12.873796,0.6968489626254434,block_16,1024,0.0001120387609296513,cosine,0.28329544902941256,2048,2,9,adam,0.004526885049638195,0.9080612244897959,,,,PRUNED
167,0.7988520408163265,2026-04-21 23:14:01.245046,2026-04-21 23:14:09.455639,0 days 00:00:08.210593,0.20976093747121619,block_16,1024,0.00034832217473204185,cosine,0.05262879840378483,1024,2,13,adam,0.0008859678751761092,0.7988520408163265,,,,PRUNED
168,0.8330484693877551,2026-04-21 23:14:09.626169,2026-04-21 23:14:17.892681,0 days 00:00:08.266512,0.491070672018432,block_16,1024,0.00012350117785041363,cosine,0.33978592412473657,3072,2,14,adam,0.0034154477196354817,0.8330484693877551,,,,PRUNED
169,0.8386224489795919,2026-04-21 23:14:18.060876,2026-04-21 23:14:25.444359,0 days 00:00:07.383483,0.40561818481520184,block_16,1024,0.0002578290016602077,cosine,0.016180892573615484,1024,8,12,adam,0.028179269110181246,0.8386224489795919,,,,PRUNED
170,0.9355994897959184,2026-04-21 23:14:25.605892,2026-04-21 23:15:00.298566,0 days 00:00:34.692674,0.31582153464377594,block_16,1024,0.00039632568074961857,cosine,0.32732356719440936,1024,16,11,adam,0.02344217849574462,0.9125000000000001,0.9355994897959184,,,PRUNED
171,0.8371938775510204,2026-04-21 23:15:00.456984,2026-04-21 23:15:08.532820,0 days 00:00:08.075836,0.6728733631121878,block_16,1024,0.00012369260287315933,cosine,0.18699659562259185,512,2,14,adam,0.02580050968994586,0.8371938775510204,,,,PRUNED
172,0.953954081632653,2026-04-21 23:15:08.726800,2026-04-21 23:17:15.412531,0 days 00:02:06.685731,0.6086542050348551,block_16,1024,0.00014986523234176172,cosine,0.1009285212604363,1024,8,10,adam,0.04611925355403664,0.8542729591836735,0.9181760204081633,0.9375765306122449,0.9510459183673469,COMPLETE
173,0.9526275510204081,2026-04-21 23:17:15.562156,2026-04-21 23:19:29.450117,0 days 00:02:13.887961,0.6962793588953153,block_16,1024,0.00026442857325023736,cosine,0.10423417254118102,2048,8,11,adam,0.0428249712562358,0.9503826530612245,,,,COMPLETE
174,0.9119260204081633,2026-04-21 23:19:29.594041,2026-04-21 23:19:41.984824,0 days 00:00:12.390783,0.6578532225978867,block_16,1024,8.834169340462773e-05,cosine,0.15966327356732507,1024,8,9,adam,0.012152713791533506,0.8592346938775511,0.9119260204081633,,,PRUNED
175,0.5,2026-04-21 23:19:42.137617,2026-04-21 23:21:14.165242,0 days 00:01:32.027625,0.6840754978131681,block_16,1024,0.00039800376427292464,cosine,0.11644534153846281,1024,8,11,adam,0.07741942016021737,0.5,,,,PRUNED
176,0.8280229591836734,2026-04-21 23:21:14.330045,2026-04-21 23:21:21.348010,0 days 00:00:07.017965,0.6732997409112815,block_16,1024,0.0003424203345336606,cosine,0.14073708478273655,2048,8,11,adam,0.03513413925441715,0.8280229591836734,,,,PRUNED
177,0.9074489795918368,2026-04-21 23:21:21.490256,2026-04-21 23:21:35.671354,0 days 00:00:14.181098,0.6778046650816756,block_16,1024,0.00012119185686310332,cosine,0.014996761761460656,2048,8,12,adam,0.03540607168775722,0.9074489795918368,,,,PRUNED
178,0.9084821428571428,2026-04-21 23:21:35.859545,2026-04-21 23:21:51.278667,0 days 00:00:15.419122,0.5327713956455783,block_16,1024,0.00038136510024676276,cosine,0.1928253272488618,1024,8,13,adam,0.0005293557456417383,0.9084821428571428,,,,PRUNED
179,0.8491071428571428,2026-04-21 23:21:51.443962,2026-04-21 23:21:58.398867,0 days 00:00:06.954905,0.2212489450816309,block_16,1024,0.00011529775864142953,cosine,0.1122846371589712,512,16,9,adam,0.06466375566434641,0.8491071428571428,,,,PRUNED
180,0.86125,2026-04-21 23:21:58.544073,2026-04-21 23:22:12.709097,0 days 00:00:14.165024,0.6603440794184997,block_16,1024,3.167310653043107e-05,cosine,0.3970332181439302,512,8,11,adam,0.000315600358562495,0.86125,,,,PRUNED
181,0.9129336734693877,2026-04-21 23:22:12.912408,2026-04-21 23:22:27.045925,0 days 00:00:14.133517,0.6028446212765894,block_16,1024,9.76724159176886e-05,cosine,0.32886982063620773,1024,32,9,adam,1.857132778286087e-05,0.861186224489796,0.9129336734693877,,,PRUNED
182,0.9312882653061225,2026-04-21 23:22:27.205565,2026-04-21 23:22:57.632844,0 days 00:00:30.427279,0.6221734146905196,block_16,1024,0.00029074898511967926,cosine,0.09853517441151566,2048,8,8,adam,0.0001891983427555056,0.9312882653061225,,,,PRUNED
183,0.8315688775510204,2026-04-21 23:22:57.782596,2026-04-21 23:23:05.302170,0 days 00:00:07.519574,0.6622979851632497,block_16,1024,0.00028290155537594554,cosine,0.029615695280378787,2048,32,10,adam,0.011358286881526885,0.8315688775510204,,,,PRUNED
184,0.8440943877551019,2026-04-21 23:23:05.474704,2026-04-21 23:23:12.216516,0 days 00:00:06.741812,0.4385154983134286,block_16,1024,0.00015291924990430364,cosine,0.24708122513733327,1024,8,10,adam,0.0052857602155419,0.8440943877551019,,,,PRUNED
185,0.8359438775510204,2026-04-21 23:23:12.367732,2026-04-21 23:23:20.580271,0 days 00:00:08.212539,0.20244074490643413,block_16,1024,0.00013046183976552384,cosine,1.5514556302304028e-06,512,2,14,adam,0.002228875303404119,0.8359438775510204,,,,PRUNED
186,0.9366709183673468,2026-04-21 23:23:20.748902,2026-04-21 23:23:52.555448,0 days 00:00:31.806546,0.3981888010859448,block_16,1024,8.524479255818183e-05,cosine,0.19200464891254218,1024,16,9,adam,0.001659850831934544,0.8652295918367348,0.9146683673469387,0.9366709183673468,,PRUNED
187,0.9536734693877551,2026-04-21 23:23:52.707891,2026-04-21 23:25:53.637767,0 days 00:02:00.929876,0.5595668083211834,block_16,1024,0.00027350741378488877,cosine,0.10495254780044469,1024,8,7,adam,0.01904040612874488,0.937844387755102,0.9520408163265306,,,COMPLETE
188,0.8458163265306122,2026-04-21 23:25:53.791744,2026-04-21 23:26:00.887410,0 days 00:00:07.095666,0.5915351907476679,block_16,1024,0.0002664410817739257,cosine,0.09489703273571004,1024,32,9,adam,0.05635241424698463,0.8458163265306122,,,,PRUNED
189,0.9235969387755102,2026-04-21 23:26:01.087704,2026-04-21 23:26:41.116157,0 days 00:00:40.028453,0.6284452361001533,block_16,1024,0.00024009352042621206,cosine,0.2220309427165669,512,16,14,adam,0.09320031988069134,0.9235969387755102,,,,PRUNED
190,0.953201530612245,2026-04-21 23:26:41.281317,2026-04-21 23:28:41.437883,0 days 00:02:00.156566,0.5627676390631322,block_16,1024,0.0002203992851299542,cosine,0.04863232521070837,1024,8,6,adam,0.01730813907896856,0.9208673469387755,0.9365433673469388,0.9512755102040817,,COMPLETE
191,0.9368494897959184,2026-04-21 23:28:41.593380,2026-04-21 23:29:12.892084,0 days 00:00:31.298704,0.3733823889757751,block_16,1024,0.0001261842003636409,cosine,0.29866503584717097,1024,16,9,adam,0.008342026596423883,0.8525892857142856,0.9172959183673469,0.9368494897959184,,PRUNED
192,0.9527551020408163,2026-04-21 23:29:13.076778,2026-04-21 23:31:13.244350,0 days 00:02:00.167572,0.44481434682761944,block_16,1024,0.0004297119555995787,cosine,0.2581042701370287,1024,8,6,adam,0.036836685158263084,0.9516198979591836,,,,COMPLETE
193,0.9342729591836735,2026-04-21 23:31:13.390118,2026-04-21 23:31:43.374525,0 days 00:00:29.984407,0.4936911394097136,block_16,1024,0.00012712064865028403,cosine,0.0913912295734027,1024,8,7,adam,0.016939054371855465,0.9135714285714286,0.9342729591836735,,,PRUNED
194,0.8303698979591836,2026-04-21 23:31:43.536740,2026-04-21 23:31:49.803414,0 days 00:00:06.266674,0.567635169775184,block_16,1024,0.0004860651064843276,cosine,0.10902572929698695,1024,2,6,adam,0.02360050776057521,0.8303698979591836,,,,PRUNED
195,0.8128188775510204,2026-04-21 23:31:49.962069,2026-04-21 23:31:56.310226,0 days 00:00:06.348157,0.5169155048011032,block_16,1024,0.0005546841202093343,cosine,0.13307632622847243,3072,8,7,adam,0.010102842743298158,0.8128188775510204,,,,PRUNED
196,0.9088265306122449,2026-04-21 23:31:56.474726,2026-04-21 23:32:08.672619,0 days 00:00:12.197893,0.6128401644119367,block_16,1024,0.00042995357481291944,cosine,0.01215962644272621,1024,8,6,adam,0.00037599086313790846,0.8589030612244898,0.9088265306122449,,,PRUNED
197,0.9474362244897958,2026-04-21 23:32:08.826225,2026-04-21 23:33:31.244738,0 days 00:01:22.418513,0.4907084888194657,block_16,1024,0.00031989304944394234,cosine,0.26071210125881655,1024,8,6,adam,0.002143984350277124,0.9362882653061225,0.9474362244897958,,,PRUNED
198,0.8453316326530612,2026-04-21 23:33:31.415025,2026-04-21 23:33:37.719667,0 days 00:00:06.304642,0.4836600531432919,block_16,1024,0.00028329364022430554,cosine,0.3393832580823135,1024,8,8,adam,0.08222921409246779,0.8453316326530612,,,,PRUNED
199,0.9470663265306123,2026-04-21 23:33:37.868810,2026-04-21 23:35:15.306102,0 days 00:01:37.437292,0.5552417763091244,block_16,1024,0.0002869573610143161,cosine,0.013263317769432462,3072,8,12,adam,0.0039791673688823505,0.9391198979591837,0.9470663265306123,,,PRUNED
200,0.840420918367347,2026-04-21 23:35:15.483216,2026-04-21 23:35:21.836292,0 days 00:00:06.353076,0.6039234231276664,block_16,1024,0.00033777959755633793,cosine,0.071815567614707,1024,8,6,adam,0.052681995506660285,0.840420918367347,,,,PRUNED
201,0.8886989795918366,2026-04-21 23:35:21.965086,2026-04-21 23:35:34.362567,0 days 00:00:12.397481,0.4094677348090931,block_16,1024,0.00017618481769322158,cosine,0.1349435806590787,1024,16,8,adam,0.09398477218481759,0.8886989795918366,,,,PRUNED
202,0.9478954081632653,2026-04-21 23:35:34.541352,2026-04-21 23:36:58.213845,0 days 00:01:23.672493,0.35254489538407613,block_16,1024,0.0005656744550934555,cosine,0.2924298749130545,1024,2,6,adam,0.0006406895744068233,0.9478954081632653,,,,PRUNED
203,0.9337755102040817,2026-04-21 23:36:58.374385,2026-04-21 23:37:39.995592,0 days 00:00:41.621207,0.35344253723195096,block_16,1024,0.00011153514500207043,cosine,0.3417176586794481,3072,32,13,adam,9.360073255012477e-05,0.9337755102040817,,,,PRUNED
204,0.5,2026-04-21 23:37:40.150650,2026-04-21 23:39:03.472944,0 days 00:01:23.322294,0.5008339392726147,block_16,1024,0.0007988796692983807,cosine,0.18076214665180335,1024,8,6,adam,0.07297546902081795,0.5,,,,PRUNED
205,0.9481887755102041,2026-04-21 23:39:03.631899,2026-04-21 23:40:42.195670,0 days 00:01:38.563771,0.31355256063760273,block_16,1024,9.936343912991681e-05,cosine,0.3668000994352838,1024,32,10,adam,0.002254331349531024,0.9481887755102041,,,,PRUNED
206,0.9473341836734694,2026-04-21 23:40:42.367636,2026-04-21 23:42:06.293271,0 days 00:01:23.925635,0.6044712383204529,block_16,1024,0.00021148963239937666,cosine,0.054276683583975256,1024,16,6,adam,0.002051122183392388,0.9229719387755102,0.9383928571428571,0.9473341836734694,,PRUNED
207,0.8191964285714285,2026-04-21 23:42:06.465402,2026-04-21 23:42:12.979693,0 days 00:00:06.514291,0.5524127733771662,block_16,1024,0.00024822162898225324,cosine,0.25263571075691504,2048,8,7,adam,0.012372855720658684,0.8191964285714285,,,,PRUNED
208,0.9349744897959184,2026-04-21 23:42:13.116157,2026-04-21 23:42:51.711274,0 days 00:00:38.595117,0.4791398944761759,block_16,1024,0.00017507054427071835,cosine,0.010630241374208454,2048,16,13,adam,0.024750853272028632,0.9109183673469388,0.9349744897959184,,,PRUNED
209,0.9320663265306123,2026-04-21 23:42:51.896901,2026-04-21 23:43:30.371071,0 days 00:00:38.474170,0.510992120744283,block_16,1024,0.00012332963517704506,cosine,0.06743882704057484,1024,8,14,adam,0.057334522110044465,0.9115178571428573,0.9320663265306123,,,PRUNED
210,0.8466454081632653,2026-04-21 23:43:30.527114,2026-04-21 23:43:38.085853,0 days 00:00:07.558739,0.6904142338885694,block_16,1024,8.709918894910543e-05,cosine,0.2763542233489771,2048,8,12,adam,0.000203406333088663,0.8466454081632653,,,,PRUNED
211,0.9526020408163265,2026-04-21 23:43:38.266430,2026-04-21 23:45:40.029914,0 days 00:02:01.763484,0.3479385524636727,block_16,1024,0.00031191316386786896,cosine,0.24973838491380862,1024,8,6,adam,0.01007483121956059,0.9231887755102041,0.9377933673469387,0.9508545918367348,,COMPLETE
212,0.9536607142857143,2026-04-21 23:45:40.181922,2026-04-21 23:47:42.309820,0 days 00:02:02.127898,0.3557256824430564,block_16,1024,0.0004050199170148958,cosine,0.2840069391457751,1024,8,7,adam,0.009957337760405796,0.9524107142857143,,,,COMPLETE
213,0.8894770408163266,2026-04-21 23:47:42.459648,2026-04-21 23:47:54.936313,0 days 00:00:12.476665,0.3099216708625295,block_16,1024,0.0006485040440291629,cosine,0.2174759897377194,1024,8,7,adam,0.0007022724193138283,0.8894770408163266,,,,PRUNED
214,0.7827997448979592,2026-04-21 23:47:55.088876,2026-04-21 23:48:01.477302,0 days 00:00:06.388426,0.33792465731697896,block_16,1024,0.0006310477519729596,cosine,0.3463161652120167,1024,8,6,adam,0.02975743991485751,0.7827997448979592,,,,PRUNED
215,0.9482397959183673,2026-04-21 23:48:01.640445,2026-04-21 23:49:25.692338,0 days 00:01:24.051893,0.36380313074043447,block_16,1024,0.00012045200136247362,cosine,0.23382656342864575,1024,8,6,adam,0.005762693298423374,0.9196938775510204,0.9364540816326531,0.9482397959183673,,PRUNED
216,0.9274107142857143,2026-04-21 23:49:25.880750,2026-04-21 23:49:57.756087,0 days 00:00:31.875337,0.3498195144324638,block_16,1024,0.0008876396087950903,cosine,0.3172280979423944,1024,8,10,adam,0.0038598734135335384,0.9274107142857143,,,,PRUNED
217,0.936045918367347,2026-04-21 23:49:57.914848,2026-04-21 23:50:31.362401,0 days 00:00:33.447553,0.5637823424202326,block_16,1024,0.00010812431569940344,cosine,0.12824036296494665,1024,8,11,adam,0.003696515587572862,0.8532270408163265,0.9169515306122449,0.936045918367347,,PRUNED
218,0.9358163265306122,2026-04-21 23:50:31.529827,2026-04-21 23:51:01.777942,0 days 00:00:30.248115,0.2799932698432596,block_16,1024,0.00029363999056628747,cosine,0.09593645558559594,1024,8,6,adam,0.0045612597332833175,0.9206632653061224,0.9358163265306122,,,PRUNED
219,0.9365816326530613,2026-04-21 23:51:01.930849,2026-04-21 23:51:38.234044,0 days 00:00:36.303195,0.3658122185426085,block_16,1024,7.218295982299603e-05,cosine,0.07075809431929754,1024,16,12,adam,0.010854493829997057,0.868469387755102,0.9192346938775511,0.9365816326530613,,PRUNED
220,0.8322448979591837,2026-04-21 23:51:38.409987,2026-04-21 23:51:44.818164,0 days 00:00:06.408177,0.38081074435359175,block_16,1024,0.00034259449862234913,cosine,0.19483359713193893,1024,8,9,adam,0.0646975853403452,0.8322448979591837,,,,PRUNED
221,0.8105102040816327,2026-04-21 23:51:44.960701,2026-04-21 23:51:51.359390,0 days 00:00:06.398689,0.3684013309772278,block_16,1024,0.00026135027672969887,cosine,0.1460436382265601,2048,16,8,adam,0.07053118260616287,0.8105102040816327,,,,PRUNED
222,0.9348086734693878,2026-04-21 23:51:51.527432,2026-04-21 23:52:24.908763,0 days 00:00:33.381331,0.45289019818155596,block_16,1024,0.00016897153998874018,cosine,0.09060287691059254,1024,8,11,adam,0.05148936249034695,0.913061224489796,0.9348086734693878,,,PRUNED
223,0.7978571428571428,2026-04-21 23:52:25.078632,2026-04-21 23:52:31.473017,0 days 00:00:06.394385,0.3349733396515118,block_16,1024,0.0005146764869206653,cosine,0.2611817136669098,3072,8,8,adam,0.04824106262834744,0.7978571428571428,,,,PRUNED
224,0.9127551020408163,2026-04-21 23:52:31.632777,2026-04-21 23:52:43.841880,0 days 00:00:12.209103,0.6189289572831025,block_16,1024,0.00012046910031733526,cosine,0.051217251341376335,1024,8,6,adam,0.006846446322163056,0.8661224489795918,0.9127551020408163,,,PRUNED
225,0.9492219387755102,2026-04-21 23:52:44.000553,2026-04-21 23:54:07.029293,0 days 00:01:23.028740,0.3344528814749949,block_16,1024,0.00023328698975720374,cosine,0.31375856971001526,1024,8,6,adam,0.0065356218996076125,0.8784183673469388,0.9249489795918368,0.9378698979591836,0.9492219387755102,PRUNED
226,0.9331377551020408,2026-04-21 23:54:07.204048,2026-04-21 23:54:42.006708,0 days 00:00:34.802660,0.5817585244142452,block_16,1024,7.456144262500087e-05,cosine,0.27794654731172763,1024,16,11,adam,1.7235466395005756e-05,0.9132142857142858,0.9331377551020408,,,PRUNED
227,0.9116326530612245,2026-04-21 23:54:42.175254,2026-04-21 23:54:54.460462,0 days 00:00:12.285208,0.32799376836377653,block_16,1024,0.00032863992505197196,cosine,0.3102282192564303,2048,8,6,adam,0.01711705687275501,0.9116326530612245,,,,PRUNED
228,0.9114413265306122,2026-04-21 23:54:54.651780,2026-04-21 23:55:12.464620,0 days 00:00:17.812840,0.3134613119596913,block_16,1024,7.393164536145958e-05,cosine,0.39363173240841637,1024,32,14,adam,0.0034184915172791137,0.8580739795918367,0.9114413265306122,,,PRUNED
229,0.9105867346938775,2026-04-21 23:55:12.636463,2026-04-21 23:55:26.419176,0 days 00:00:13.782713,0.6052440604063978,block_16,1024,0.00012950466499946458,cosine,0.21867633021443567,1024,8,11,adam,0.08575259164658317,0.9105867346938775,,,,PRUNED
230,0.7564859693877551,2026-04-21 23:55:26.579841,2026-04-21 23:55:32.909306,0 days 00:00:06.329465,0.3987810852992429,block_16,1024,0.0006986443259210777,cosine,0.301335653259799,1024,32,7,adam,0.08874225788874737,0.7564859693877551,,,,PRUNED
231,0.8626275510204082,2026-04-21 23:55:33.047862,2026-04-21 23:55:48.910059,0 days 00:00:15.862197,0.6640124966605704,block_16,1024,0.00035785232734253234,cosine,0.18008128172642304,3072,2,14,adam,0.00015595070623176927,0.8626275510204082,,,,PRUNED
232,0.9510714285714286,2026-04-21 23:55:49.073516,2026-04-21 23:57:12.352623,0 days 00:01:23.279107,0.5168322101431319,block_16,1024,0.0002794385770631169,cosine,0.08241519197227311,1024,8,7,adam,0.008755370224869942,0.9379081632653061,0.9510714285714286,,,PRUNED
233,0.911607142857143,2026-04-21 23:57:12.508206,2026-04-21 23:57:26.310313,0 days 00:00:13.802107,0.47255882792565534,block_16,1024,0.00010310349035849358,cosine,0.03528889192620242,2048,8,11,adam,0.003249595810396274,0.911607142857143,,,,PRUNED
234,0.8432780612244898,2026-04-21 23:57:26.480558,2026-04-21 23:57:34.647901,0 days 00:00:08.167343,0.3188158546381589,block_16,1024,0.0001063370052003579,cosine,0.0515945216501527,1024,2,14,adam,0.021612745206652472,0.8432780612244898,,,,PRUNED
235,0.9071556122448979,2026-04-21 23:57:34.796863,2026-04-21 23:57:47.075991,0 days 00:00:12.279128,0.5210613203678807,block_16,1024,6.0706249020535486e-05,cosine,0.04393510774584456,3072,16,6,adam,1.0531176367303357e-06,0.9071556122448979,,,,PRUNED
236,0.809311224489796,2026-04-21 23:57:47.250255,2026-04-21 23:57:53.714053,0 days 00:00:06.463798,0.6938377939656286,block_16,1024,0.00022112288694602463,cosine,0.0012991854037547462,2048,8,9,adam,0.014323410291273448,0.809311224489796,,,,PRUNED
237,0.7465242346938775,2026-04-21 23:57:53.866235,2026-04-21 23:58:00.243528,0 days 00:00:06.377293,0.35747965836421064,block_16,1024,0.0008508069031866544,cosine,0.2948260822030578,512,8,6,adam,0.007127459573410088,0.7465242346938775,,,,PRUNED
238,0.8325382653061224,2026-04-21 23:58:00.405451,2026-04-21 23:58:14.860037,0 days 00:00:14.454586,0.6118419998894736,block_16,1024,0.0003395826442097846,cosine,0.07633560363497757,2048,8,12,adam,0.07985663604375876,0.8325382653061224,,,,PRUNED
239,0.9532270408163265,2026-04-21 23:58:15.039128,2026-04-22 00:00:49.315271,0 days 00:02:34.276143,0.5909916664371613,block_16,1024,0.0002448495588572868,cosine,0.1707895300076916,1024,8,14,adam,0.01796520518111338,0.9513137755102041,,,,COMPLETE
240,0.7937117346938776,2026-04-22 00:00:49.516350,2026-04-22 00:00:58.715449,0 days 00:00:09.199099,0.6514229243150033,block_16,1024,0.0002990481664718118,cosine,0.21899496945129954,512,32,14,adam,0.011541110478840355,0.7937117346938776,,,,PRUNED
241,0.8317729591836736,2026-04-22 00:00:58.882530,2026-04-22 00:01:05.293036,0 days 00:00:06.410506,0.5367349405093189,block_16,1024,0.00019163811648459066,cosine,0.022629718125655084,2048,8,6,adam,0.007504290888372495,0.8317729591836736,,,,PRUNED
242,0.8283673469387755,2026-04-22 00:01:05.447725,2026-04-22 00:01:13.398863,0 days 00:00:07.951138,0.38831631167479863,block_16,1024,0.00029747209634819246,cosine,0.18135167052478554,1024,2,13,adam,0.008650112156350575,0.8283673469387755,,,,PRUNED
243,0.8330229591836733,2026-04-22 00:01:13.603664,2026-04-22 00:01:19.975133,0 days 00:00:06.371469,0.5920769851844842,block_16,1024,5.8199537161357376e-05,cosine,0.13335921069378792,3072,8,7,adam,2.6044326880686186e-06,0.8330229591836733,,,,PRUNED
244,0.8396938775510204,2026-04-22 00:01:20.133058,2026-04-22 00:01:26.531816,0 days 00:00:06.398758,0.48647516750729414,block_16,1024,0.00019506794114904546,cosine,0.14411880858439385,512,16,8,adam,0.05577983617228041,0.8396938775510204,,,,PRUNED
245,0.7920790816326531,2026-04-22 00:01:26.678482,2026-04-22 00:01:34.836724,0 days 00:00:08.158242,0.6340857048129374,block_16,1024,0.00016220442888015835,cosine,0.12263057960470392,2048,8,14,adam,0.0005799131756822897,0.7920790816326531,,,,PRUNED
246,0.9104591836734693,2026-04-22 00:01:35.002699,2026-04-22 00:01:48.100069,0 days 00:00:13.097370,0.46976824126045735,block_16,1024,5.014050478896451e-05,cosine,0.30608102686961275,1024,2,10,adam,0.005437690283208837,0.8710459183673469,0.9104591836734693,,,PRUNED
247,0.783360969387755,2026-04-22 00:01:48.248881,2026-04-22 00:01:54.598981,0 days 00:00:06.350100,0.5316239782731156,block_16,1024,0.0007921601276945247,cosine,0.33263025048381456,1024,8,6,adam,0.041097632876544644,0.783360969387755,,,,PRUNED
248,0.8954974489795919,2026-04-22 00:01:54.749827,2026-04-22 00:02:10.519192,0 days 00:00:15.769365,0.44297070686004675,block_16,1024,0.00019656231456665696,cosine,0.3584050068046756,2048,2,14,adam,0.0007900840480589639,0.8954974489795919,,,,PRUNED
249,0.954234693877551,2026-04-22 00:02:10.694502,2026-04-22 00:04:12.043152,0 days 00:02:01.348650,0.31368678012971163,block_16,1024,0.00033768269991298744,cosine,0.14303855763419243,1024,2,7,adam,0.02461159250634552,0.9366326530612245,0.952780612244898,,,COMPLETE
