number,value,datetime_start,datetime_complete,duration,params_attn_dropout,params_clip_layer,params_dim_feedforward,params_lr,params_lr_scheduler,params_mlp_dropout,params_mlp_hidden_dim,params_n_heads,params_num_layers,params_optimizer_type,params_weight_decay,system_attrs_completed_rung_0,system_attrs_completed_rung_1,system_attrs_completed_rung_2,system_attrs_completed_rung_3,state
417,0.9495280612244898,2026-04-22 01:41:57.375835,2026-04-22 01:43:40.086909,0 days 00:01:42.711074,0.539245856351529,block_16,1024,0.0002626431868274342,cosine,0.14743633516787522,1024,8,14,adam,0.0900256424716034,0.9495280612244898,,,,PRUNED
418,0.9060076530612244,2026-04-22 01:43:40.242198,2026-04-22 01:43:52.785658,0 days 00:00:12.543460,0.5234505860934144,block_16,1024,0.00012997123774562838,cosine,0.020926918255098483,2048,2,10,adam,0.03974249772090807,0.9060076530612244,,,,PRUNED
419,0.9360841836734693,2026-04-22 01:43:52.930915,2026-04-22 01:44:22.185925,0 days 00:00:29.255010,0.5682922817442999,block_16,1024,0.000313217661683145,cosine,0.04500645829351139,1024,8,6,adam,0.005158122931952613,0.882844387755102,0.9203316326530613,0.9360841836734693,,PRUNED
420,0.9444132653061224,2026-04-22 01:44:22.328546,2026-04-22 01:45:43.763796,0 days 00:01:21.435250,0.2795060303653918,block_16,1024,0.00020747928398578803,cosine,0.2810087921721687,1024,16,6,adam,2.513872122926729e-06,0.8736607142857142,0.9198341836734694,0.9382397959183674,0.9444132653061224,PRUNED
421,0.8224107142857143,2026-04-22 01:45:43.893953,2026-04-22 01:45:50.103735,0 days 00:00:06.209782,0.4782743382616327,block_16,1024,0.0003999952742937952,cosine,0.04115480477971764,1024,2,8,adam,0.0013543455043548802,0.8224107142857143,,,,PRUNED
422,0.9336352040816326,2026-04-22 01:45:50.245714,2026-04-22 01:46:22.604461,0 days 00:00:32.358747,0.37595451749036424,block_16,1024,0.00032244717161560076,cosine,0.08480707862886305,1024,2,11,adam,0.0025458769225527042,0.9336352040816326,,,,PRUNED
423,0.9166454081632652,2026-04-22 01:46:22.748522,2026-04-22 01:46:36.144172,0 days 00:00:13.395650,0.584525729357707,block_16,1024,0.00023460393186856403,cosine,0.09973141399973744,1024,8,11,adam,0.031598880606387644,0.8682908163265306,0.9166454081632652,,,PRUNED
424,0.922436224489796,2026-04-22 01:46:36.304791,2026-04-22 01:47:05.543732,0 days 00:00:29.238941,0.5542331558859609,block_16,1024,6.0708974383429006e-05,cosine,0.04044752539748485,2048,2,6,adam,0.07612495174735376,0.922436224489796,,,,PRUNED
425,0.9368622448979591,2026-04-22 01:47:05.687505,2026-04-22 01:47:34.940279,0 days 00:00:29.252774,0.5074490019775507,block_16,1024,0.0003050723578777062,cosine,0.182573054835924,1024,8,6,adam,0.010325955542819962,0.8847831632653061,0.9216071428571428,0.9368622448979591,,PRUNED
426,0.8170918367346938,2026-04-22 01:47:35.072053,2026-04-22 01:47:41.316966,0 days 00:00:06.244913,0.4359964026311561,block_16,1024,0.0005225927477701707,cosine,0.09882180503975393,2048,8,6,adam,0.034895678599141854,0.8170918367346938,,,,PRUNED
427,0.912142857142857,2026-04-22 01:47:41.457994,2026-04-22 01:47:53.562015,0 days 00:00:12.104021,0.3729717480958048,block_16,1024,6.40575044878621e-05,cosine,0.1384012683614254,1024,16,8,adam,0.0195568103812236,0.912142857142857,,,,PRUNED
428,0.9364285714285715,2026-04-22 01:47:53.701374,2026-04-22 01:48:23.177976,0 days 00:00:29.476602,0.30631801187279806,block_16,1024,0.00015817186396242447,cosine,0.07400943965131003,1024,32,7,adam,0.022285550912052435,0.9157525510204082,0.9364285714285715,,,PRUNED
429,0.8416454081632654,2026-04-22 01:48:23.316651,2026-04-22 01:48:29.583402,0 days 00:00:06.266751,0.5007740577286747,block_16,1024,0.00021806609192570893,cosine,0.04596119659946658,1024,32,6,adam,0.07060121181659007,0.8416454081632654,,,,PRUNED
430,0.9360586734693878,2026-04-22 01:48:29.777501,2026-04-22 01:48:59.103737,0 days 00:00:29.326236,0.42982220146076766,block_16,1024,0.0001242510597747652,cosine,0.11176479070180402,1024,8,6,adam,0.013425239937343495,0.8668112244897959,0.9185076530612245,0.9360586734693878,,PRUNED
431,0.8284821428571428,2026-04-22 01:48:59.238439,2026-04-22 01:49:05.393639,0 days 00:00:06.155200,0.3920483414510849,block_16,1024,0.0005003238040220639,cosine,0.13033434493918455,1024,32,6,adam,0.02450960584454336,0.8284821428571428,,,,PRUNED
432,0.8524872448979591,2026-04-22 01:49:05.528439,2026-04-22 01:49:12.781570,0 days 00:00:07.253131,0.3719663303566539,block_16,1024,0.00013123631077938412,cosine,0.11954461818999003,1024,32,10,adam,0.014137755531461637,0.8524872448979591,,,,PRUNED
433,0.9549744897959183,2026-04-22 01:49:12.938258,2026-04-22 01:51:35.322454,0 days 00:02:22.384196,0.35397724012772086,block_16,1024,0.00018140893355197266,cosine,0.1600345579286508,1024,2,13,adam,0.018727531859820307,0.9367984693877551,0.9519770408163266,,,COMPLETE
434,0.74640943877551,2026-04-22 01:51:35.459428,2026-04-22 01:51:43.319242,0 days 00:00:07.859814,0.3850252146192007,block_16,1024,0.0005438730339728315,cosine,0.06538986618363297,1024,2,14,adam,0.01102947321916599,0.74640943877551,,,,PRUNED
435,0.8400382653061225,2026-04-22 01:51:43.471590,2026-04-22 01:51:51.004203,0 days 00:00:07.532613,0.3964920372277718,block_16,1024,0.0001517851888386514,cosine,0.2470320375332638,1024,2,13,adam,0.059685767240359615,0.8400382653061225,,,,PRUNED
436,0.9094132653061223,2026-04-22 01:51:51.221228,2026-04-22 01:52:03.163581,0 days 00:00:11.942353,0.6809278571867479,block_16,1024,0.00018711790266892446,cosine,0.16749287822630482,1024,8,8,adam,0.04797287924087,0.9094132653061223,,,,PRUNED
437,0.8136734693877551,2026-04-22 01:52:03.352380,2026-04-22 01:52:09.522391,0 days 00:00:06.170011,0.5604454420299434,block_16,1024,0.00018414317944584572,cosine,0.21274412642115154,2048,32,6,adam,0.09214013909409559,0.8136734693877551,,,,PRUNED
438,0.9045663265306123,2026-04-22 01:52:09.683341,2026-04-22 01:52:21.649813,0 days 00:00:11.966472,0.36122182289849325,block_16,1024,0.00017935159874758839,cosine,0.2629355282028592,2048,2,7,adam,0.04309760069951704,0.9045663265306123,,,,PRUNED
439,0.9164285714285714,2026-04-22 01:52:21.800073,2026-04-22 01:52:33.773833,0 days 00:00:11.973760,0.34572038802053134,block_16,1024,0.00010193724165957722,cosine,0.0836938174672728,1024,32,6,adam,0.017089215609480627,0.8671428571428572,0.9164285714285714,,,PRUNED
440,0.6532142857142857,2026-04-22 01:52:33.914405,2026-04-22 01:52:40.136515,0 days 00:00:06.222110,0.3321921815631118,block_16,1024,0.0005080778894013917,cosine,0.017999654045973673,3072,2,8,adam,0.00020701106670228177,0.6532142857142857,,,,PRUNED
441,0.9360841836734693,2026-04-22 01:52:40.276765,2026-04-22 01:53:12.508454,0 days 00:00:32.231689,0.32286547171503965,block_16,1024,0.00018382879408275596,cosine,0.17036195112747396,1024,2,11,adam,0.007233875716711699,0.9360841836734693,,,,PRUNED
442,0.8464158163265307,2026-04-22 01:53:12.646734,2026-04-22 01:53:19.814177,0 days 00:00:07.167443,0.5236053076360061,block_16,1024,0.0002751686413058632,cosine,0.0748301855504384,1024,8,12,adam,0.045690268157885724,0.8464158163265307,,,,PRUNED
443,0.8272831632653062,2026-04-22 01:53:19.973043,2026-04-22 01:53:27.790650,0 days 00:00:07.817607,0.2847374588063625,block_16,1024,0.0003703153797446784,cosine,0.21644736032801662,1024,2,14,adam,0.03345702757114177,0.8272831632653062,,,,PRUNED
444,0.49910714285714286,2026-04-22 01:53:27.962863,2026-04-22 01:53:57.743654,0 days 00:00:29.780791,0.5328589393506016,block_16,1024,0.00037980331649192306,cosine,0.050590634931866954,1024,2,9,adam,0.07653971792042308,0.49910714285714286,,,,PRUNED
445,0.8487627551020408,2026-04-22 01:53:57.893526,2026-04-22 01:54:04.226367,0 days 00:00:06.332841,0.6095057503392032,block_16,1024,6.188934357118175e-05,cosine,0.0003903320305829877,1024,16,6,adam,0.03197413908095669,0.8487627551020408,,,,PRUNED
446,0.954579081632653,2026-04-22 01:54:04.375888,2026-04-22 01:56:52.528999,0 days 00:02:48.153111,0.5626193082817054,block_16,1024,0.00024536433409205044,cosine,0.0025051383558509777,1024,32,14,adam,0.029496018231018533,0.9370918367346939,0.952640306122449,,,COMPLETE
447,0.6643877551020407,2026-04-22 01:56:52.655152,2026-04-22 01:57:04.593309,0 days 00:00:11.938157,0.27288078285621253,block_16,1024,0.00041100235087291,cosine,0.12346040690401876,1024,2,8,adam,0.09741720007056597,0.6643877551020407,,,,PRUNED
448,0.9536862244897959,2026-04-22 01:57:04.738218,2026-04-22 01:59:53.000079,0 days 00:02:48.261861,0.6981215586470363,block_16,1024,0.0002256254691072234,cosine,0.025077317398766737,1024,32,14,adam,0.03441314670091336,0.9190433673469388,0.9371938775510205,0.9518494897959183,,COMPLETE
449,0.9347193877551021,2026-04-22 01:59:53.152167,2026-04-22 02:00:32.217375,0 days 00:00:39.065208,0.6635801557605393,block_16,1024,0.0002170823982101191,cosine,0.07209319235578174,1024,32,12,adam,0.059713975000061266,0.9347193877551021,,,,PRUNED
450,0.8184948979591836,2026-04-22 02:00:32.415187,2026-04-22 02:00:40.043040,0 days 00:00:07.627853,0.4265279475612973,block_16,1024,0.00015972201388063948,cosine,0.18639971723039853,1024,2,13,adam,0.0023403763747482202,0.8184948979591836,,,,PRUNED
451,0.9351530612244898,2026-04-22 02:00:40.171360,2026-04-22 02:01:23.212519,0 days 00:00:43.041159,0.5456636552938756,block_16,1024,0.0002316474565058886,cosine,0.024858500866177323,1024,32,14,adam,0.009541309185883863,0.9147321428571429,0.9351530612244898,,,PRUNED
452,0.9486352040816326,2026-04-22 02:01:23.335363,2026-04-22 02:03:08.483314,0 days 00:01:45.147951,0.5355764649354983,block_16,1024,0.00011836478601460286,cosine,0.2529308016919257,1024,8,14,adam,0.0023858095834877707,0.9486352040816326,,,,PRUNED
453,0.8044132653061224,2026-04-22 02:03:08.611100,2026-04-22 02:03:16.340696,0 days 00:00:07.729596,0.624301100425345,block_16,1024,0.0004920445739440351,cosine,0.037111860026518596,1024,32,11,adam,0.0005220516557032669,0.8044132653061224,,,,PRUNED
454,0.850127551020408,2026-04-22 02:03:16.471714,2026-04-22 02:03:24.249413,0 days 00:00:07.777699,0.3022197885593303,block_16,1024,0.00014219841949826833,cosine,0.07786862077950076,3072,32,11,adam,0.031084448959305316,0.850127551020408,,,,PRUNED
455,0.940765306122449,2026-04-22 02:03:24.380382,2026-04-22 02:04:47.877744,0 days 00:01:23.497362,0.4082159770411674,block_16,1024,0.00023554758967808535,cosine,0.10364243022157732,512,2,7,adam,3.201317792955243e-05,0.940765306122449,,,,PRUNED
456,0.9339795918367347,2026-04-22 02:04:48.014682,2026-04-22 02:05:30.662209,0 days 00:00:42.647527,0.6948954780375199,block_16,1024,0.00018015518494951855,cosine,0.007814626889325278,1024,32,14,adam,0.0071569150948617094,0.9196301020408163,0.9339795918367347,,,PRUNED
457,0.8858418367346939,2026-04-22 02:05:30.804597,2026-04-22 02:05:48.275734,0 days 00:00:17.471137,0.6139636749144276,block_16,1024,0.000296876746630599,cosine,0.03011390339537429,3072,32,14,adam,0.003500244002615877,0.8858418367346939,,,,PRUNED
458,0.8473214285714286,2026-04-22 02:05:48.402469,2026-04-22 02:05:54.679365,0 days 00:00:06.276896,0.317200486108243,block_16,1024,0.00019819151062089093,cosine,0.36586563679569273,1024,2,7,adam,0.030010534307971633,0.8473214285714286,,,,PRUNED
459,0.9334183673469387,2026-04-22 02:05:54.801165,2026-04-22 02:06:32.982115,0 days 00:00:38.180950,0.5894638514367777,block_16,1024,0.000281534222425343,cosine,0.011782848424848471,512,32,12,adam,0.00167650522842107,0.9334183673469387,,,,PRUNED
460,0.5896364795918367,2026-04-22 02:06:33.125901,2026-04-22 02:07:13.226985,0 days 00:00:40.101084,0.6574923343144934,block_16,1024,0.000437940539607284,cosine,0.01915490387441019,1024,32,13,adam,0.05161985963262049,0.5896364795918367,,,,PRUNED
461,0.8069770408163266,2026-04-22 02:07:13.424119,2026-04-22 02:07:21.311701,0 days 00:00:07.887582,0.2746666848681644,block_16,1024,0.00026397135309871465,cosine,0.13814414097128452,3072,2,14,adam,0.030971157094743643,0.8069770408163266,,,,PRUNED
462,0.7771683673469387,2026-04-22 02:07:21.470343,2026-04-22 02:07:27.684978,0 days 00:00:06.214635,0.46371289174709035,block_16,1024,0.0006106674169699078,cosine,0.2988529543709441,1024,8,8,adam,0.0048610300455826415,0.7771683673469387,,,,PRUNED
463,0.932219387755102,2026-04-22 02:07:27.818853,2026-04-22 02:08:09.775728,0 days 00:00:41.956875,0.6280383593837771,block_16,1024,0.00019671666875422853,cosine,0.052374612662045725,1024,32,14,adam,0.06643930062853035,0.9155229591836735,0.932219387755102,,,PRUNED
464,0.6246619897959182,2026-04-22 02:08:09.927470,2026-04-22 02:08:17.360623,0 days 00:00:07.433153,0.5717458290653074,block_16,1024,0.0007792622306516282,cosine,0.3741384257443341,512,16,12,adam,2.184344911574863e-05,0.6246619897959182,,,,PRUNED
465,0.9369642857142857,2026-04-22 02:08:17.523981,2026-04-22 02:08:46.603746,0 days 00:00:29.079765,0.2635041525428093,block_16,1024,0.00014156000306510838,cosine,0.04142552324478775,1024,32,6,adam,0.0005260807573393782,0.8636862244897959,0.9201403061224489,0.9369642857142857,,PRUNED
466,0.8367219387755102,2026-04-22 02:08:46.750642,2026-04-22 02:08:53.431036,0 days 00:00:06.680394,0.23809718779094002,block_16,1024,0.0002538974131553668,cosine,0.27071850660223123,2048,16,10,adam,0.07489300017984274,0.8367219387755102,,,,PRUNED
467,0.8140306122448979,2026-04-22 02:08:53.577406,2026-04-22 02:09:01.519655,0 days 00:00:07.942249,0.5226192202864738,block_16,1024,0.000581677478469703,cosine,0.005483675335820436,1024,32,12,adam,0.01700697984686048,0.8140306122448979,,,,PRUNED
468,0.9369132653061225,2026-04-22 02:09:01.663108,2026-04-22 02:09:39.659153,0 days 00:00:37.996045,0.583747062186292,block_16,1024,9.004215574080044e-05,cosine,0.05232728988124878,1024,32,12,adam,0.006980446052946116,0.8769005102040816,0.919375,0.9369132653061225,,PRUNED
469,0.821186224489796,2026-04-22 02:09:39.805752,2026-04-22 02:09:56.948604,0 days 00:00:17.142852,0.5132814207840742,block_16,1024,0.0005853173500916755,cosine,0.09268102725740071,2048,32,14,adam,0.025839899457754112,0.821186224489796,,,,PRUNED
470,0.9544770408163266,2026-04-22 02:09:57.117419,2026-04-22 02:12:25.233539,0 days 00:02:28.116120,0.31846954126816496,block_16,1024,0.00016987751565765332,cosine,0.11795894753509734,1024,2,14,adam,0.021730282986929115,0.9513520408163265,,,,COMPLETE
471,0.8406760204081634,2026-04-22 02:12:25.366581,2026-04-22 02:12:32.889495,0 days 00:00:07.522914,0.29120614695793806,block_16,1024,0.0002206714156675173,cosine,0.11821445102362449,1024,2,13,adam,0.06564829585600745,0.8406760204081634,,,,PRUNED
472,0.912704081632653,2026-04-22 02:12:33.050684,2026-04-22 02:12:48.163542,0 days 00:00:15.112858,0.3391740561879047,block_16,1024,0.000165890932179444,cosine,0.039524935951495824,1024,2,14,adam,0.003042680201635453,0.912704081632653,,,,PRUNED
473,0.8404081632653061,2026-04-22 02:12:48.336209,2026-04-22 02:12:55.433980,0 days 00:00:07.097771,0.35459631763057947,block_16,1024,0.00019447508262396444,cosine,0.14538733363745174,1024,16,11,adam,0.07402525130950433,0.8404081632653061,,,,PRUNED
474,0.9323214285714285,2026-04-22 02:12:55.593983,2026-04-22 02:13:24.761573,0 days 00:00:29.167590,0.4300110703866538,block_16,1024,0.00012327634241893583,cosine,0.1399779401839635,2048,8,8,adam,0.0015592770401073013,0.913609693877551,0.9323214285714285,,,PRUNED
475,0.8345025510204082,2026-04-22 02:13:24.911841,2026-04-22 02:13:32.697629,0 days 00:00:07.785788,0.45523252055167923,block_16,1024,0.00022929256995055526,cosine,0.06557174995464718,2048,8,14,adam,0.07558200918661408,0.8345025510204082,,,,PRUNED
476,0.5535267857142857,2026-04-22 02:13:32.849321,2026-04-22 02:14:12.943421,0 days 00:00:40.094100,0.2573829929135664,block_16,1024,0.0004753173367307545,cosine,0.0887027593001338,1024,32,13,adam,0.05709345692437849,0.5535267857142857,,,,PRUNED
477,0.9453316326530612,2026-04-22 02:14:13.101097,2026-04-22 02:15:34.455324,0 days 00:01:21.354227,0.6496928532238032,block_16,1024,0.0001866113161564323,cosine,0.23338764739477874,1024,2,6,adam,0.001402366780067673,0.9453316326530612,,,,PRUNED
478,0.7642602040816326,2026-04-22 02:15:34.645731,2026-04-22 02:15:40.949132,0 days 00:00:06.303401,0.4959076562292576,block_16,1024,0.0002878657436929227,cosine,0.2602537764758756,3072,2,8,adam,0.013148738276368284,0.7642602040816326,,,,PRUNED
479,0.904311224489796,2026-04-22 02:15:41.080718,2026-04-22 02:15:54.296144,0 days 00:00:13.215426,0.30691942063867306,block_16,1024,0.00011828259695536829,cosine,0.271576289566578,1024,32,9,adam,0.06896676888340644,0.8607780612244899,0.904311224489796,,,PRUNED
480,0.8145025510204081,2026-04-22 02:15:54.445623,2026-04-22 02:16:00.546688,0 days 00:00:06.101065,0.47478339321322327,block_16,1024,0.0006112752207982619,cosine,0.07574184531686266,2048,32,6,adam,0.005420477985732836,0.8145025510204081,,,,PRUNED
481,0.8257142857142857,2026-04-22 02:16:00.731463,2026-04-22 02:16:09.092244,0 days 00:00:08.360781,0.6740513193326041,block_16,1024,0.0002984605313069256,cosine,0.051628542449665873,2048,32,13,adam,0.009182083894592578,0.8257142857142857,,,,PRUNED
482,0.8489540816326532,2026-04-22 02:16:09.260066,2026-04-22 02:16:15.538124,0 days 00:00:06.278058,0.40002042660759796,block_16,1024,0.00017768404898591138,cosine,0.21787872552485205,1024,8,8,adam,0.06334549556799506,0.8489540816326532,,,,PRUNED
483,0.9168877551020408,2026-04-22 02:16:15.673022,2026-04-22 02:16:27.679240,0 days 00:00:12.006218,0.6841836086596915,block_16,1024,9.472769372925835e-05,cosine,0.06132029244411331,1024,8,9,adam,0.004063642015347845,0.8753316326530612,0.9168877551020408,,,PRUNED
484,0.9102168367346938,2026-04-22 02:16:27.811255,2026-04-22 02:16:39.754695,0 days 00:00:11.943440,0.3999591018050228,block_16,1024,0.00019303766056937973,cosine,0.17697523976361235,1024,8,6,adam,0.06170203378516642,0.9102168367346938,,,,PRUNED
485,0.5,2026-04-22 02:16:39.897461,2026-04-22 02:18:00.801268,0 days 00:01:20.903807,0.3307635333518258,block_16,1024,0.0005079401606711149,cosine,0.0066036705698630654,3072,32,6,adam,0.06250394853632976,0.5,,,,PRUNED
486,0.9366454081632652,2026-04-22 02:18:00.945526,2026-04-22 02:18:37.914415,0 days 00:00:36.968889,0.390173640733721,block_16,1024,0.00019441744045753967,cosine,0.16742041068380153,1024,2,14,adam,0.0055029408281155835,0.8656505102040817,0.9182142857142858,0.9366454081632652,,PRUNED
487,0.8370153061224491,2026-04-22 02:18:38.067844,2026-04-22 02:18:44.814707,0 days 00:00:06.746863,0.6124789694025203,block_16,1024,0.00017675366992594282,cosine,0.26909292878508895,1024,16,10,adam,0.004430237641636377,0.8370153061224491,,,,PRUNED
488,0.8283163265306122,2026-04-22 02:18:44.969442,2026-04-22 02:18:53.803810,0 days 00:00:08.834368,0.3494784134776596,block_16,1024,9.213489929034511e-05,cosine,0.11010985598402884,1024,32,14,adam,0.0037793645811975305,0.8283163265306122,,,,PRUNED
489,0.9163265306122449,2026-04-22 02:18:53.966607,2026-04-22 02:19:07.736432,0 days 00:00:13.769825,0.4267282106683586,block_16,1024,9.914696836636873e-05,cosine,0.12713019998365577,1024,16,11,adam,0.009287148129429379,0.8574362244897958,0.9163265306122449,,,PRUNED
490,0.8419005102040816,2026-04-22 02:19:07.904165,2026-04-22 02:19:14.001740,0 days 00:00:06.097575,0.5204201302367015,block_16,1024,9.012553435573831e-05,cosine,0.09330297786228729,512,32,6,adam,0.01452057053090679,0.8419005102040816,,,,PRUNED
491,0.9059438775510203,2026-04-22 02:19:14.143688,2026-04-22 02:19:29.823698,0 days 00:00:15.680010,0.6608097272641067,block_16,1024,4.484360330612098e-05,cosine,0.000676197548708013,1024,16,14,adam,3.101495243963811e-06,0.8535841836734693,0.9059438775510203,,,PRUNED
492,0.8501275510204082,2026-04-22 02:19:29.973903,2026-04-22 02:19:36.541028,0 days 00:00:06.567125,0.6284000533255629,block_16,1024,9.304182266218869e-05,cosine,0.08565974309712385,1024,8,10,adam,0.08665504711382,0.8501275510204082,,,,PRUNED
493,0.915,2026-04-22 02:19:36.747073,2026-04-22 02:19:48.723727,0 days 00:00:11.976654,0.38665538960742224,block_16,1024,0.0002107796023183614,cosine,0.27079949263562403,1024,2,6,adam,0.03091992835349143,0.8561989795918368,0.915,,,PRUNED
494,0.8680612244897958,2026-04-22 02:19:48.852126,2026-04-22 02:20:04.546434,0 days 00:00:15.694308,0.2818087428880912,block_16,1024,0.0003887469066824632,cosine,0.2707559863927109,3072,32,12,adam,0.0018356383303229948,0.8680612244897958,,,,PRUNED
495,0.8482780612244898,2026-04-22 02:20:04.712162,2026-04-22 02:20:20.250677,0 days 00:00:15.538515,0.2180298409275613,block_16,1024,0.0005790046914639214,cosine,0.12368840294248688,3072,32,12,adam,1.9899959389047768e-06,0.8482780612244898,,,,PRUNED
496,0.8386096938775509,2026-04-22 02:20:20.407128,2026-04-22 02:20:26.586768,0 days 00:00:06.179640,0.4230011414098769,block_16,1024,0.0002889385546142449,cosine,0.20298659262751423,1024,32,6,adam,0.019729293888037697,0.8386096938775509,,,,PRUNED
497,0.8358035714285714,2026-04-22 02:20:26.734887,2026-04-22 02:20:34.260558,0 days 00:00:07.525671,0.30024282266354185,block_16,1024,0.00014210966049925177,cosine,0.15492585489390248,1024,2,13,adam,0.014514174795022528,0.8358035714285714,,,,PRUNED
498,0.8382780612244898,2026-04-22 02:20:34.412382,2026-04-22 02:20:42.268250,0 days 00:00:07.855868,0.4589122706215075,block_16,1024,0.00010811043688740464,cosine,0.05966790660222706,1024,2,14,adam,0.03352952248820305,0.8382780612244898,,,,PRUNED
499,0.8300510204081631,2026-04-22 02:20:42.425231,2026-04-22 02:20:48.694108,0 days 00:00:06.268877,0.3133216766869579,block_16,1024,0.00031455033217464296,cosine,0.206914860903955,1024,2,7,adam,0.020047146702547574,0.8300510204081631,,,,PRUNED
500,0.9157015306122449,2026-04-22 02:20:48.846282,2026-04-22 02:21:05.950176,0 days 00:00:17.103894,0.6364418442358929,block_16,1024,0.00012751412537280696,cosine,0.012515472966140927,1024,32,14,adam,0.052886822719802225,0.8806632653061225,0.9157015306122449,,,PRUNED
501,0.8408545918367346,2026-04-22 02:21:06.109864,2026-04-22 02:21:13.666654,0 days 00:00:07.556790,0.6887404959062731,block_16,1024,2.638493227559289e-05,cosine,0.22636825728674873,1024,8,13,adam,3.721827781437892e-05,0.8408545918367346,,,,PRUNED
