number,value,datetime_start,datetime_complete,duration,params_attn_dropout,params_clip_layer,params_dim_feedforward,params_lr,params_lr_scheduler,params_mlp_dropout,params_mlp_hidden_dim,params_n_heads,params_num_layers,params_optimizer_type,params_weight_decay,system_attrs_completed_rung_0,system_attrs_completed_rung_1,system_attrs_completed_rung_2,system_attrs_completed_rung_3,state
502,0.8945025510204082,2026-04-22 02:21:13.821845,2026-04-22 02:21:28.297429,0 days 00:00:14.475584,0.24563460596932402,block_16,1024,6.511819493927144e-05,cosine,0.1479297427838053,3072,16,12,adam,0.00019299216616807934,0.8945025510204082,,,,PRUNED
503,0.9510841836734694,2026-04-22 02:21:28.482263,2026-04-22 02:22:50.303726,0 days 00:01:21.821463,0.38313455943254215,block_16,1024,0.0002758510691402108,cosine,0.28830682499733157,1024,8,6,adam,0.018272753553297997,0.9209056122448981,0.9380739795918367,0.9510841836734694,,PRUNED
504,0.9079081632653061,2026-04-22 02:22:50.460465,2026-04-22 02:23:03.642781,0 days 00:00:13.182316,0.5159140940004029,block_16,1024,0.00010810443708623902,cosine,0.11029733616129152,2048,16,10,adam,0.05502953819410855,0.9079081632653061,,,,PRUNED
505,0.9477295918367348,2026-04-22 02:23:03.780179,2026-04-22 02:24:25.482583,0 days 00:01:21.702404,0.5824197938287198,block_16,1024,0.00018658337940258624,cosine,0.27553901421672794,1024,32,6,adam,0.003001508848761451,0.9245535714285714,0.9371556122448979,0.9477295918367348,,PRUNED
506,0.9093367346938775,2026-04-22 02:24:25.624763,2026-04-22 02:24:40.102981,0 days 00:00:14.478218,0.30696581246451554,block_16,1024,3.206391907791418e-05,cosine,0.3923083344665495,1024,8,13,adam,5.775192819074256e-06,0.8521428571428571,0.9093367346938775,,,PRUNED
507,0.8403188775510204,2026-04-22 02:24:40.262062,2026-04-22 02:24:49.022005,0 days 00:00:08.759943,0.693230007381778,block_16,1024,0.00013941339612688334,cosine,0.01811947351396473,512,32,14,adam,0.033450967251960895,0.8403188775510204,,,,PRUNED
508,0.8833290816326531,2026-04-22 02:24:49.179744,2026-04-22 02:25:01.195164,0 days 00:00:12.015420,0.43496802195196976,block_16,1024,0.0005256759638181829,cosine,0.2828197356327475,3072,32,7,adam,0.009783314617484811,0.8833290816326531,,,,PRUNED
509,0.9033801020408164,2026-04-22 02:25:01.338414,2026-04-22 02:25:16.611973,0 days 00:00:15.273559,0.3936994761317554,block_16,1024,6.489722745030436e-05,cosine,0.17111385128384501,3072,2,14,adam,0.04398199119130421,0.9033801020408164,,,,PRUNED
510,0.9082270408163265,2026-04-22 02:25:16.767113,2026-04-22 02:25:29.965912,0 days 00:00:13.198799,0.6922167732690759,block_16,1024,0.00011469282892668636,cosine,0.03600400844610922,512,8,11,adam,0.004559910413628322,0.863265306122449,0.9082270408163265,,,PRUNED
511,0.912015306122449,2026-04-22 02:25:30.118279,2026-04-22 02:25:42.102422,0 days 00:00:11.984143,0.44402069270124966,block_16,1024,0.0001734646859116266,cosine,0.09538563320043984,1024,32,6,adam,0.03945620264765992,0.8556887755102041,0.912015306122449,,,PRUNED
512,0.9531632653061224,2026-04-22 02:25:42.237555,2026-04-22 02:27:39.358948,0 days 00:01:57.121393,0.40033023671519696,block_16,1024,0.0001708420859324393,cosine,0.10145431854913581,512,8,6,adam,0.052629155559207906,0.9504081632653062,,,,COMPLETE
513,0.6737691326530612,2026-04-22 02:27:39.518270,2026-04-22 02:27:45.681919,0 days 00:00:06.163649,0.6203026539842098,block_16,1024,0.000916436580644311,cosine,0.3466156669379664,512,16,6,adam,0.0008068127889876953,0.6737691326530612,,,,PRUNED
514,0.8079719387755102,2026-04-22 02:27:45.821803,2026-04-22 02:27:51.932754,0 days 00:00:06.110951,0.5925589452155079,block_16,1024,0.0003737100784012781,cosine,0.31721568556545676,3072,32,6,adam,0.06857031480079112,0.8079719387755102,,,,PRUNED
515,0.9346428571428571,2026-04-22 02:27:52.086102,2026-04-22 02:28:21.256090,0 days 00:00:29.169988,0.3111215911298747,block_16,1024,0.0008703067900322403,cosine,0.2160079180674517,512,32,6,adam,0.000415734468395758,0.9346428571428571,,,,PRUNED
516,0.9526785714285715,2026-04-22 02:28:21.391897,2026-04-22 02:30:43.352633,0 days 00:02:21.960736,0.6327771565248529,block_16,1024,0.0002074128823293427,cosine,0.010656787836526065,1024,8,13,adam,0.013106609790816627,0.9506760204081632,,,,COMPLETE
517,0.793686224489796,2026-04-22 02:30:43.483997,2026-04-22 02:30:49.647579,0 days 00:00:06.163582,0.5543798438693645,block_16,1024,0.0007248058646399415,cosine,0.13120438343876129,512,16,6,adam,0.00021626079603515657,0.793686224489796,,,,PRUNED
518,0.9100127551020408,2026-04-22 02:30:49.796588,2026-04-22 02:31:04.329598,0 days 00:00:14.533010,0.3742982137988028,block_16,1024,0.0003100090957159791,cosine,0.13130366570025162,1024,8,13,adam,0.021217745373122873,0.9100127551020408,,,,PRUNED
519,0.9139923469387754,2026-04-22 02:31:04.486496,2026-04-22 02:31:16.440481,0 days 00:00:11.953985,0.32126749144865974,block_16,1024,9.718635937387834e-05,cosine,0.22040049443051948,1024,32,6,adam,0.015552198587962626,0.8650382653061224,0.9139923469387754,,,PRUNED
520,0.9348086734693877,2026-04-22 02:31:16.584060,2026-04-22 02:31:46.719365,0 days 00:00:30.135305,0.26530146736286,block_16,1024,0.00031829090817109284,cosine,0.3097315684648441,512,16,9,adam,0.005074154668135573,0.9348086734693877,,,,PRUNED
521,0.9282908163265307,2026-04-22 02:31:46.866233,2026-04-22 02:32:23.905462,0 days 00:00:37.039229,0.617739810007463,block_16,1024,0.0004020622858275689,cosine,0.04107290705483809,1024,2,14,adam,0.0004911569297459366,0.9282908163265307,,,,PRUNED
522,0.8310204081632654,2026-04-22 02:32:24.061591,2026-04-22 02:32:31.598082,0 days 00:00:07.536491,0.6732393285688663,block_16,1024,0.0003960342739099139,cosine,0.006583981919248694,1024,2,13,adam,0.07707860549028471,0.8310204081632654,,,,PRUNED
523,0.834795918367347,2026-04-22 02:32:31.741737,2026-04-22 02:32:40.621154,0 days 00:00:08.879417,0.48206451278947793,block_16,1024,0.00023117182613827927,cosine,0.002617215114067936,1024,32,14,adam,0.090684187083901,0.834795918367347,,,,PRUNED
524,0.9510204081632654,2026-04-22 02:32:40.774834,2026-04-22 02:34:02.259617,0 days 00:01:21.484783,0.2559562808783645,block_16,1024,0.0003215027234074203,cosine,0.22852378947677654,1024,8,9,adam,0.00787444804014348,0.9169897959183675,0.9376913265306123,0.9510204081632654,,PRUNED
525,0.9040816326530612,2026-04-22 02:34:02.400044,2026-04-22 02:34:14.281142,0 days 00:00:11.881098,0.3413934210058839,block_16,1024,0.00010431976324810061,cosine,0.19329845110750105,3072,2,7,adam,0.02251851865870017,0.8556377551020407,0.9040816326530612,,,PRUNED
526,0.815,2026-04-22 02:34:14.421053,2026-04-22 02:34:21.537746,0 days 00:00:07.116693,0.20998958967756923,block_16,1024,3.4812228571435784e-05,cosine,0.3627703706857565,3072,8,12,adam,0.005491530821172969,0.815,,,,PRUNED
527,0.9092984693877552,2026-04-22 02:34:21.681255,2026-04-22 02:34:36.863038,0 days 00:00:15.181783,0.34375608660705115,block_16,1024,0.00013944319336798547,cosine,0.10464410331107492,1024,2,14,adam,0.019972196766147917,0.9092984693877552,,,,PRUNED
528,0.9500255102040817,2026-04-22 02:34:37.020833,2026-04-22 02:35:58.017879,0 days 00:01:20.997046,0.50995183862547,block_16,1024,0.00013057836104839543,cosine,0.217057122391659,1024,16,8,adam,0.014036528288436923,0.8848469387755101,0.9223086734693878,0.9378954081632652,0.9500255102040817,PRUNED
529,0.6759566326530612,2026-04-22 02:35:58.175217,2026-04-22 02:36:04.624264,0 days 00:00:06.449047,0.424756720130703,block_16,1024,0.0005617615490875198,cosine,0.2149151074195912,512,8,10,adam,2.1352258752844356e-06,0.6759566326530612,,,,PRUNED
530,0.8224362244897959,2026-04-22 02:36:04.763239,2026-04-22 02:36:13.689614,0 days 00:00:08.926375,0.5046493648552571,block_16,1024,0.00023323354086522162,cosine,0.04048145295013683,512,32,14,adam,0.02040742341991406,0.8224362244897959,,,,PRUNED
531,0.8357015306122451,2026-04-22 02:36:13.836008,2026-04-22 02:36:21.630318,0 days 00:00:07.794310,0.21973446603055266,block_16,1024,0.0002773862183747149,cosine,0.1516019742440464,1024,2,14,adam,0.0034128213509302453,0.8357015306122451,,,,PRUNED
532,0.8512755102040817,2026-04-22 02:36:21.771450,2026-04-22 02:36:28.927018,0 days 00:00:07.155568,0.4954848276339996,block_16,1024,0.0001856835097909274,cosine,0.08035917605342299,512,8,12,adam,0.0031583455595086424,0.8512755102040817,,,,PRUNED
533,0.9463520408163266,2026-04-22 02:36:29.071363,2026-04-22 02:37:50.434058,0 days 00:01:21.362695,0.36756226840403283,block_16,1024,8.688437377575e-05,cosine,0.0550261273375619,512,16,7,adam,1.1860528527516549e-05,0.9370153061224489,0.9463520408163266,,,PRUNED
534,0.9503698979591837,2026-04-22 02:37:50.601427,2026-04-22 02:39:12.002971,0 days 00:01:21.401544,0.5790799753313082,block_16,1024,0.00018454530638588668,cosine,0.10758545355648327,1024,8,9,adam,0.020672997183323855,0.9375255102040816,0.9503698979591837,,,PRUNED
535,0.9021556122448979,2026-04-22 02:39:12.142730,2026-04-22 02:39:25.893886,0 days 00:00:13.751156,0.6850813791828186,block_16,1024,7.459097225919395e-05,cosine,0.09224600978686115,3072,2,12,adam,1.3770124488188458e-05,0.8619770408163265,0.9021556122448979,,,PRUNED
536,0.8478061224489797,2026-04-22 02:39:26.033734,2026-04-22 02:39:32.185213,0 days 00:00:06.151479,0.3266195528193381,block_16,1024,0.00016914559434497742,cosine,0.03398477414901823,1024,32,6,adam,0.07353152489832813,0.8478061224489797,,,,PRUNED
537,0.8448341836734695,2026-04-22 02:39:32.341108,2026-04-22 02:39:39.551678,0 days 00:00:07.210570,0.4737305789942119,block_16,1024,0.00014476676237243051,cosine,0.1123617445969979,1024,8,12,adam,0.019516598152593868,0.8448341836734695,,,,PRUNED
538,0.7831760204081633,2026-04-22 02:39:39.703590,2026-04-22 02:39:46.803794,0 days 00:00:07.100204,0.46100767720849994,block_16,1024,0.00035987476378000646,cosine,0.16477951488975268,3072,16,11,adam,0.019844985077792723,0.7831760204081633,,,,PRUNED
539,0.9358418367346939,2026-04-22 02:39:46.950954,2026-04-22 02:40:16.130545,0 days 00:00:29.179591,0.4116950560694099,block_16,1024,0.00044662728478004975,cosine,0.08876887532088093,1024,32,6,adam,0.004112716531674548,0.9358418367346939,,,,PRUNED
540,0.6836224489795919,2026-04-22 02:40:16.270503,2026-04-22 02:40:22.495379,0 days 00:00:06.224876,0.3020321683921021,block_16,1024,0.0007566108545824755,cosine,0.3277454408949177,1024,8,7,adam,0.0011234211722007373,0.6836224489795919,,,,PRUNED
541,0.935561224489796,2026-04-22 02:40:22.633984,2026-04-22 02:40:51.875843,0 days 00:00:29.241859,0.45989377014040234,block_16,1024,0.00040043051641914216,cosine,0.10559629830736458,1024,8,8,adam,0.0122629073568878,0.935561224489796,,,,PRUNED
542,0.8387627551020409,2026-04-22 02:40:52.059275,2026-04-22 02:41:00.918210,0 days 00:00:08.858935,0.6982098029129636,block_16,1024,9.291540312014663e-05,cosine,0.15657064108857022,1024,32,14,adam,0.09490379393898375,0.8387627551020409,,,,PRUNED
543,0.9109183673469387,2026-04-22 02:41:01.093673,2026-04-22 02:41:14.279535,0 days 00:00:13.185862,0.25468074287909076,block_16,1024,0.0001914905873900802,cosine,0.39344827826565426,1024,8,11,adam,0.032881131350506354,0.9109183673469387,,,,PRUNED
544,0.8104846938775511,2026-04-22 02:41:14.505317,2026-04-22 02:41:23.331970,0 days 00:00:08.826653,0.4658684033185818,block_16,1024,0.0001845932411897269,cosine,0.01824630826800097,3072,32,14,adam,0.025319098292500144,0.8104846938775511,,,,PRUNED
545,0.9164795918367347,2026-04-22 02:41:23.483961,2026-04-22 02:41:36.784532,0 days 00:00:13.300571,0.31529193608409006,block_16,1024,0.00017106931573058958,cosine,0.09276405245156732,1024,2,11,adam,0.04886103734112215,0.8758163265306124,0.9164795918367347,,,PRUNED
546,0.8325255102040816,2026-04-22 02:41:36.955851,2026-04-22 02:41:44.103889,0 days 00:00:07.148038,0.36371591630869277,block_16,1024,0.0002542156020943245,cosine,0.14714653191228244,1024,2,12,adam,0.05968982032235623,0.8325255102040816,,,,PRUNED
547,0.9075765306122449,2026-04-22 02:41:44.241805,2026-04-22 02:41:56.101653,0 days 00:00:11.859848,0.33986659560657906,block_16,1024,0.00012955962289602186,cosine,0.12396556720608223,1024,2,6,adam,0.052416273717446914,0.8563265306122448,0.9075765306122449,,,PRUNED
548,0.8294005102040817,2026-04-22 02:41:56.248863,2026-04-22 02:42:02.437255,0 days 00:00:06.188392,0.4171094896529287,block_16,1024,0.0002771025075002289,cosine,0.28247903432088245,1024,16,6,adam,0.0555366986582312,0.8294005102040817,,,,PRUNED
549,0.829515306122449,2026-04-22 02:42:02.577698,2026-04-22 02:42:11.378944,0 days 00:00:08.801246,0.6421063937443823,block_16,1024,0.0003800333448468304,cosine,0.1054222996055966,1024,32,14,adam,0.0026216117922940496,0.829515306122449,,,,PRUNED
550,0.756938775510204,2026-04-22 02:42:11.531476,2026-04-22 02:42:18.033455,0 days 00:00:06.501979,0.2396066800053147,block_16,1024,0.0008084994799138843,cosine,0.28067249950963363,3072,2,10,adam,0.0004024942379256282,0.756938775510204,,,,PRUNED
551,0.928125,2026-04-22 02:42:18.191273,2026-04-22 02:42:52.370858,0 days 00:00:34.179585,0.684317428924204,block_16,1024,0.0008361892210957404,cosine,0.08949874737956885,1024,32,10,adam,2.269364836808676e-06,0.928125,,,,PRUNED
552,0.8277551020408164,2026-04-22 02:42:52.523098,2026-04-22 02:42:58.736694,0 days 00:00:06.213596,0.4492936362454192,block_16,1024,4.917209052178032e-05,cosine,0.1297052323946871,1024,32,6,adam,0.05906174172748507,0.8277551020408164,,,,PRUNED
553,0.8299107142857143,2026-04-22 02:42:58.872207,2026-04-22 02:43:05.061348,0 days 00:00:06.189141,0.27643946923370777,block_16,1024,0.00042296242205750346,cosine,0.04631371759825351,1024,16,7,adam,0.016686180853866618,0.8299107142857143,,,,PRUNED
554,0.9448469387755102,2026-04-22 02:43:05.200885,2026-04-22 02:44:30.254449,0 days 00:01:25.053564,0.5476256913815266,block_16,1024,0.0007234289053570452,cosine,0.3715624212408502,2048,2,10,adam,0.0005783179082844704,0.9448469387755102,,,,PRUNED
555,0.9340433673469387,2026-04-22 02:44:30.408184,2026-04-22 02:45:00.418202,0 days 00:00:30.010018,0.4126735258658348,block_16,1024,0.0001034529921734227,cosine,0.19344639802668845,1024,16,9,adam,0.02754013101416149,0.9129974489795918,0.9340433673469387,,,PRUNED
556,0.8413010204081632,2026-04-22 02:45:00.558491,2026-04-22 02:45:07.420519,0 days 00:00:06.862028,0.33243280513438495,block_16,1024,0.00026176952323552226,cosine,0.06062393650708474,3072,2,11,adam,0.00582104757322176,0.8413010204081632,,,,PRUNED
557,0.9116709183673469,2026-04-22 02:45:07.566593,2026-04-22 02:45:19.598239,0 days 00:00:12.031646,0.2809677009820284,block_16,1024,0.00014016752747298582,cosine,0.07588947827927753,2048,32,7,adam,0.006467113697246188,0.8517729591836735,0.9116709183673469,,,PRUNED
558,0.9094132653061224,2026-04-22 02:45:19.746701,2026-04-22 02:45:31.695509,0 days 00:00:11.948808,0.22385837076821935,block_16,1024,6.966713375688908e-05,cosine,0.04958043158504315,1024,8,6,adam,0.02901328775038633,0.8595280612244898,0.9094132653061224,,,PRUNED
559,0.7829336734693878,2026-04-22 02:45:31.832524,2026-04-22 02:45:37.962794,0 days 00:00:06.130270,0.40401944042214805,block_16,1024,0.0005572336114051801,cosine,0.23825978874843626,1024,8,6,adam,0.0032575326147160056,0.7829336734693878,,,,PRUNED
560,0.8304464285714286,2026-04-22 02:45:38.092701,2026-04-22 02:45:44.336427,0 days 00:00:06.243726,0.2596590508643493,block_16,1024,0.0002416420413902646,cosine,0.2566281001448737,3072,32,7,adam,0.07363470576693809,0.8304464285714286,,,,PRUNED
561,0.9361734693877551,2026-04-22 02:45:44.475131,2026-04-22 02:46:13.706786,0 days 00:00:29.231655,0.38083656246807984,block_16,1024,0.00047389447599878454,cosine,0.14369145701906977,1024,2,7,adam,0.007725376016355375,0.9199999999999999,0.9361734693877551,,,PRUNED
562,0.8339285714285715,2026-04-22 02:46:13.838383,2026-04-22 02:46:20.341103,0 days 00:00:06.502720,0.42835691189361336,block_16,1024,0.0003627686036366965,cosine,0.22979469855194218,1024,16,9,adam,0.08868518972887467,0.8339285714285715,,,,PRUNED
563,0.905625,2026-04-22 02:46:20.471693,2026-04-22 02:46:32.530140,0 days 00:00:12.058447,0.3906225796288919,block_16,1024,0.0003556725751613563,cosine,0.13567250031784264,2048,16,8,adam,4.311761268002339e-05,0.905625,,,,PRUNED
564,0.8375255102040816,2026-04-22 02:46:32.683718,2026-04-22 02:46:39.846560,0 days 00:00:07.162842,0.24208466925807554,block_16,1024,0.0001421233839712261,cosine,0.296054265999241,1024,16,11,adam,0.020029259907506054,0.8375255102040816,,,,PRUNED
565,0.902359693877551,2026-04-22 02:46:39.988142,2026-04-22 02:46:52.074655,0 days 00:00:12.086513,0.22653255327185529,block_16,1024,0.0003140591351320474,cosine,0.09647226986220671,512,2,8,adam,0.008081908969105437,0.902359693877551,,,,PRUNED
566,0.7722704081632653,2026-04-22 02:46:52.213577,2026-04-22 02:46:58.963260,0 days 00:00:06.749683,0.49843707808679544,block_16,1024,4.852289115303395e-05,cosine,0.2904443755632428,512,16,10,adam,0.09855412897133996,0.7722704081632653,,,,PRUNED
567,0.9536224489795917,2026-04-22 02:46:59.118346,2026-04-22 02:49:14.806469,0 days 00:02:15.688123,0.5518640865792569,block_16,1024,0.00016032089205083566,cosine,0.09260600654861106,1024,8,12,adam,0.06621343249445279,0.9513265306122449,,,,COMPLETE
568,0.946454081632653,2026-04-22 02:49:14.946297,2026-04-22 02:51:02.157795,0 days 00:01:47.211498,0.478727433347894,block_16,1024,0.00019182748262381376,cosine,0.1231091732701902,512,16,14,adam,0.0003356591827538488,0.946454081632653,,,,PRUNED
569,0.828826530612245,2026-04-22 02:51:02.310521,2026-04-22 02:51:09.512340,0 days 00:00:07.201819,0.5527472968840175,block_16,1024,0.00018903553512672624,cosine,0.20484549113415834,1024,8,12,adam,0.03382908398390602,0.828826530612245,,,,PRUNED
570,0.9356760204081632,2026-04-22 02:51:09.669175,2026-04-22 02:51:41.933397,0 days 00:00:32.264222,0.4919758707038894,block_16,1024,0.00010203000440114158,cosine,0.05331944880771226,1024,32,9,adam,0.021370772765280287,0.9180612244897959,0.9356760204081632,,,PRUNED
571,0.8002295918367348,2026-04-22 02:51:42.078664,2026-04-22 02:51:48.618683,0 days 00:00:06.540019,0.3539901539546252,block_16,1024,0.0003742183344229204,cosine,0.016655348019127547,3072,8,10,adam,2.225320960090786e-05,0.8002295918367348,,,,PRUNED
572,0.8147066326530611,2026-04-22 02:51:48.781441,2026-04-22 02:51:56.885143,0 days 00:00:08.103702,0.4104801233249031,block_16,1024,0.0005070700174467056,cosine,0.24710442667592858,2048,32,12,adam,0.00018692258544255274,0.8147066326530611,,,,PRUNED
573,0.9167729591836735,2026-04-22 02:51:57.033569,2026-04-22 02:52:08.989681,0 days 00:00:11.956112,0.23615423223927037,block_16,1024,0.00020522972726253665,cosine,0.28263985984603207,2048,8,8,adam,1.554370204598491e-05,0.8559438775510205,0.9167729591836735,,,PRUNED
574,0.914515306122449,2026-04-22 02:52:09.169355,2026-04-22 02:52:22.861165,0 days 00:00:13.691810,0.6090108961530238,block_16,1024,0.0001711423798612927,cosine,0.03369334325272541,1024,16,11,adam,0.06284505377173356,0.8785331632653062,0.914515306122449,,,PRUNED
575,0.8391964285714286,2026-04-22 02:52:23.006806,2026-04-22 02:52:29.247450,0 days 00:00:06.240644,0.2411583183126699,block_16,1024,0.00043453275513370964,cosine,0.399587420980502,1024,8,8,adam,0.009730140466102237,0.8391964285714286,,,,PRUNED
576,0.8496938775510204,2026-04-22 02:52:29.393452,2026-04-22 02:52:36.546154,0 days 00:00:07.152702,0.5732231334096036,block_16,1024,0.00012402369410764922,cosine,0.03557228499305715,1024,8,12,adam,0.03452397689597067,0.8496938775510204,,,,PRUNED
577,0.9059311224489797,2026-04-22 02:52:36.697763,2026-04-22 02:52:49.990756,0 days 00:00:13.292993,0.5725132696304868,block_16,1024,0.00012332132262448325,cosine,0.22015608951670548,1024,32,9,adam,0.07193256699894944,0.9059311224489797,,,,PRUNED
578,0.8414285714285715,2026-04-22 02:52:50.122979,2026-04-22 02:52:56.307101,0 days 00:00:06.184122,0.35449503295150336,block_16,1024,0.000166260030248051,cosine,0.013121567571671815,512,32,6,adam,0.052317832678538845,0.8414285714285715,,,,PRUNED
579,0.9496173469387755,2026-04-22 02:52:56.442823,2026-04-22 02:54:42.423262,0 days 00:01:45.980439,0.5118995242933981,block_16,1024,0.00016762168684160292,cosine,0.0012881591366960018,1024,32,12,adam,0.008966993914330769,0.9496173469387755,,,,PRUNED
580,0.8061224489795917,2026-04-22 02:54:42.584910,2026-04-22 02:54:49.811653,0 days 00:00:07.226743,0.4908936487966264,block_16,1024,0.0004629065967240679,cosine,0.13617611377149413,3072,8,12,adam,0.046310386178448286,0.8061224489795917,,,,PRUNED
581,0.9064158163265307,2026-04-22 02:54:49.980740,2026-04-22 02:55:02.502561,0 days 00:00:12.521821,0.28443273390765655,block_16,1024,6.216906054109259e-05,cosine,0.29749385093716574,3072,16,9,adam,0.01931407297766636,0.9064158163265307,,,,PRUNED
582,0.9458163265306123,2026-04-22 02:55:02.656102,2026-04-22 02:56:31.770322,0 days 00:01:29.114220,0.3694051615280316,block_16,1024,5.445867117569969e-05,cosine,0.0583670241403622,1024,2,11,adam,0.04247301683473403,0.9458163265306123,,,,PRUNED
583,0.9345408163265305,2026-04-22 02:56:31.922662,2026-04-22 02:57:01.110162,0 days 00:00:29.187500,0.4289290010715274,block_16,1024,0.000161704048753267,cosine,0.21137188641148164,3072,32,7,adam,3.3188608013005198e-06,0.9345408163265305,,,,PRUNED
584,0.9425127551020409,2026-04-22 02:57:01.257880,2026-04-22 02:58:22.197794,0 days 00:01:20.939914,0.42929000465735295,block_16,1024,0.0007978533072922505,cosine,0.1670894715869104,512,32,7,adam,1.1500592939158646e-06,0.9425127551020409,,,,PRUNED
585,0.9372576530612244,2026-04-22 02:58:22.340536,2026-04-22 02:58:51.630931,0 days 00:00:29.290395,0.509318868104758,block_16,1024,0.00015931165089115383,cosine,0.22398056917103976,1024,8,7,adam,0.0028719610568536573,0.8869005102040816,0.9194005102040816,0.9372576530612244,,PRUNED
586,0.9126785714285715,2026-04-22 02:58:51.801281,2026-04-22 02:59:06.857085,0 days 00:00:15.055804,0.30882663047851594,block_16,1024,9.519701343387176e-05,cosine,0.2291622367339153,1024,2,14,adam,0.01402014927404643,0.9126785714285715,,,,PRUNED
