number,value,datetime_start,datetime_complete,duration,params_clip.feature_layer,params_clip.l2_normalize_features,params_loss.ua_enabled,params_optimizer.lr,params_optimizer.weight_decay,params_temporal.attn_dropout,params_temporal.dim_feedforward,params_temporal.mlp_dropout,params_temporal.mlp_hidden_dim,params_temporal.num_layers,user_attrs_best_val_auc,user_attrs_epoch_metrics,user_attrs_overrides,user_attrs_trial_dir,system_attrs_fixed_params,state
10,0.7336594202898551,2026-05-03 00:13:52.984125,2026-05-03 02:41:58.456655,0 days 02:28:05.472530,pre_proj,False,False,1.464616247298684e-05,0.0001,0.0,2048,0.14588915365595706,256,2,,"[{'epoch': 0, 'train_loss': 0.597847688264317, 'train_ce': 0.597847688264317, 'train_align': 0.0, 'train_uniform': 0.0, 'val_loss': 0.6859545865148868, 'val_auc': 0.545695652173913, 'val_acc': 0.5660377358490566, 'val_acc_at_best': 0.6018867924528302, 'best_threshold': 0.4166482985019684, 'lr': 1.464616247298684e-08}, {'epoch': 1, 'train_loss': 0.4383533717857467, 'train_ce': 0.4383533717857467, 'train_align': 0.0, 'train_uniform': 0.0, 'val_loss': 0.6946450635509671, 'val_auc': 0.7133985507246378, 'val_acc': 0.5735849056603773, 'val_acc_at_best': 0.6566037735849056, 'best_threshold': 0.21448570489883423, 'lr': 1.464616247298684e-05}, {'epoch': 2, 'train_loss': 0.3467906639062696, 'train_ce': 0.3467906639062696, 'train_align': 0.0, 'train_uniform': 0.0, 'val_loss': 0.6735016316597192, 'val_auc': 0.7336594202898551, 'val_acc': 0.6037735849056604, 'val_acc_at_best': 0.6849056603773584, 'best_threshold': 0.22490550577640533, 'lr': 1.2501281637997884e-05}]","{'clip.feature_layer': 'pre_proj', 'clip.l2_normalize_features': False, 'loss.ua_enabled': False, 'optimizer.lr': 1.464616247298684e-05, 'optimizer.weight_decay': 0.0001, 'temporal.num_layers': 2, 'temporal.dim_feedforward': 2048, 'temporal.attn_dropout': 0.0, 'temporal.mlp_dropout': 0.14588915365595706, 'temporal.mlp_hidden_dim': 256}",/home/jovyan/ThesisPEFT/DeepfakeBench/peft/searches/runs/peft_gend_pilot12/trial_0010,,PRUNED
11,0.8338623188405796,2026-05-03 02:41:58.600666,2026-05-03 06:48:30.769384,0 days 04:06:32.168718,pre_proj,False,False,3.526898898291157e-05,0.0001,0.0,1024,0.10262369664587076,256,2,0.8338623188405796,"[{'epoch': 0, 'train_loss': 0.7583166857560476, 'train_ce': 0.7583166857560476, 'train_align': 0.0, 'train_uniform': 0.0, 'val_loss': 0.712282437198567, 'val_auc': 0.3580072463768116, 'val_acc': 0.3886792452830189, 'val_acc_at_best': 0.5660377358490566, 'best_threshold': inf, 'lr': 3.526898898291157e-08}, {'epoch': 1, 'train_loss': 0.4228186301638683, 'train_ce': 0.4228186301638683, 'train_align': 0.0, 'train_uniform': 0.0, 'val_loss': 0.6916437794858554, 'val_auc': 0.7319275362318841, 'val_acc': 0.5924528301886792, 'val_acc_at_best': 0.6698113207547169, 'best_threshold': 0.13782231509685516, 'lr': 3.526898898291157e-05}, {'epoch': 2, 'train_loss': 0.3118915669278552, 'train_ce': 0.3118915669278552, 'train_align': 0.0, 'train_uniform': 0.0, 'val_loss': 0.7670990184933509, 'val_auc': 0.7975, 'val_acc': 0.6169811320754717, 'val_acc_at_best': 0.7358490566037735, 'best_threshold': 0.16708271205425262, 'lr': 3.0103965129160987e-05}, {'epoch': 3, 'train_loss': 0.2696967816968552, 'train_ce': 0.2696967816968552, 'train_align': 0.0, 'train_uniform': 0.0, 'val_loss': 0.67565748244524, 'val_auc': 0.8219202898550724, 'val_acc': 0.7, 'val_acc_at_best': 0.7528301886792453, 'best_threshold': 0.19682620465755463, 'lr': 1.7634494491455786e-05}, {'epoch': 4, 'train_loss': 0.23823560888775522, 'train_ce': 0.23823560888775522, 'train_align': 0.0, 'train_uniform': 0.0, 'val_loss': 0.7543256651821002, 'val_auc': 0.8338623188405796, 'val_acc': 0.6886792452830188, 'val_acc_at_best': 0.7547169811320755, 'best_threshold': 0.1465141326189041, 'lr': 5.165023853750583e-06}]","{'clip.feature_layer': 'pre_proj', 'clip.l2_normalize_features': False, 'loss.ua_enabled': False, 'optimizer.lr': 3.526898898291157e-05, 'optimizer.weight_decay': 0.0001, 'temporal.num_layers': 2, 'temporal.dim_feedforward': 1024, 'temporal.attn_dropout': 0.0, 'temporal.mlp_dropout': 0.10262369664587076, 'temporal.mlp_hidden_dim': 256}",/home/jovyan/ThesisPEFT/DeepfakeBench/peft/searches/runs/peft_gend_pilot12/trial_0011,,COMPLETE
