number,value,datetime_start,datetime_complete,duration,params_clip_layer,params_lr,params_lr_scheduler,params_mlp_dropout,params_mlp_hidden_dim,params_optimizer_type,system_attrs_completed_rung_0,system_attrs_completed_rung_1,system_attrs_completed_rung_2,state
208,0.7994260204081632,2026-04-21 23:27:09.410902,2026-04-21 23:27:15.495838,0 days 00:00:06.084936,block_16,0.013774570737531248,constant,0.3246780101359424,1024,adamw,0.7994260204081632,,,PRUNED
209,0.7759311224489797,2026-04-21 23:27:15.633825,2026-04-21 23:27:21.693684,0 days 00:00:06.059859,block_16,0.056584311596786376,constant,0.3921918737020494,4096,adamw,0.7759311224489797,,,PRUNED
210,0.9220790816326531,2026-04-21 23:27:21.852161,2026-04-21 23:27:51.139913,0 days 00:00:29.287752,block_16,0.007160406931692641,constant,0.2600725617301315,1024,adamw,0.9003826530612244,0.9220790816326531,,PRUNED
211,0.8999744897959184,2026-04-21 23:27:51.311875,2026-04-21 23:28:03.128912,0 days 00:00:11.817037,block_16,0.005270677302259076,constant,0.29545643824423395,1024,adamw,0.8544005102040817,0.8999744897959184,,PRUNED
212,0.8514285714285714,2026-04-21 23:28:03.267508,2026-04-21 23:28:09.340133,0 days 00:00:06.072625,block_16,0.006978325613645201,constant,0.339854320006125,1024,adamw,0.8514285714285714,,,PRUNED
213,0.9223086734693877,2026-04-21 23:28:09.472041,2026-04-21 23:28:38.571037,0 days 00:00:29.098996,block_16,0.006542716444162246,constant,0.2693565752231351,1024,adamw,0.9223086734693877,,,PRUNED
214,0.9224617346938776,2026-04-21 23:28:38.712617,2026-04-21 23:29:07.767755,0 days 00:00:29.055138,block_16,0.0054122623641837415,constant,0.29255239220066714,1024,adamw,0.9011479591836735,0.9224617346938776,,PRUNED
215,0.8347066326530612,2026-04-21 23:29:07.929500,2026-04-21 23:29:14.024269,0 days 00:00:06.094769,block_16,0.010136947316327848,constant,0.13758287732217603,4096,adamw,0.8347066326530612,,,PRUNED
216,0.8388775510204082,2026-04-21 23:29:14.176492,2026-04-21 23:29:20.283277,0 days 00:00:06.106785,block_16,0.008994757709667707,constant,0.2826434489512105,1024,adamw,0.8388775510204082,,,PRUNED
217,0.8962117346938775,2026-04-21 23:29:20.442425,2026-04-21 23:29:32.218852,0 days 00:00:11.776427,block_16,0.008715795969723952,constant,0.3273577383118207,2048,adamw,0.8962117346938775,,,PRUNED
218,0.8521301020408163,2026-04-21 23:29:32.370951,2026-04-21 23:29:38.471601,0 days 00:00:06.100650,block_16,0.0050534003812594845,constant,0.3189730965354111,1024,adamw,0.8521301020408163,,,PRUNED
219,0.8998086734693879,2026-04-21 23:29:38.621755,2026-04-21 23:29:50.438453,0 days 00:00:11.816698,block_16,0.005146275376090392,constant,0.23809143433328997,1024,adamw,0.8998086734693879,,,PRUNED
220,0.9212755102040816,2026-04-21 23:29:50.582764,2026-04-21 23:30:19.828637,0 days 00:00:29.245873,block_16,0.009499620126714384,constant,0.2720970789296395,3072,adamw,0.9212755102040816,,,PRUNED
221,0.8897448979591838,2026-04-21 23:30:19.979615,2026-04-21 23:30:31.808297,0 days 00:00:11.828682,block_16,0.011625965444207539,constant,0.2575167345443244,1024,adamw,0.8897448979591838,,,PRUNED
222,0.8507780612244897,2026-04-21 23:30:31.960675,2026-04-21 23:30:37.952247,0 days 00:00:05.991572,block_16,0.008363776082979456,constant,0.2682776923674165,1024,adamw,0.8507780612244897,,,PRUNED
223,0.9293622448979592,2026-04-21 23:30:38.092277,2026-04-21 23:31:51.864855,0 days 00:01:13.772578,block_16,0.007925233230180177,constant,0.2391961365404176,1024,adamw,0.9236479591836735,,,COMPLETE
224,0.922920918367347,2026-04-21 23:31:52.013754,2026-04-21 23:32:21.120817,0 days 00:00:29.107063,block_16,0.007826645392167488,constant,0.26479432950181075,1024,adamw,0.8703571428571428,0.9043367346938775,0.922920918367347,PRUNED
225,0.8123469387755102,2026-04-21 23:32:21.271804,2026-04-21 23:32:27.287426,0 days 00:00:06.015622,block_16,0.0086274489697589,constant,0.28555234562604237,4096,adamw,0.8123469387755102,,,PRUNED
226,0.8983035714285714,2026-04-21 23:32:27.436157,2026-04-21 23:32:39.207916,0 days 00:00:11.771759,block_16,0.007244905473000092,constant,0.28421936602401654,1024,adamw,0.8983035714285714,,,PRUNED
227,0.896109693877551,2026-04-21 23:32:39.358288,2026-04-21 23:32:51.140261,0 days 00:00:11.781973,block_16,0.007325292101842387,constant,0.325614668801728,1024,adamw,0.896109693877551,,,PRUNED
228,0.8995663265306123,2026-04-21 23:32:51.286952,2026-04-21 23:33:03.006347,0 days 00:00:11.719395,block_16,0.00511616977479195,constant,0.2598710621673934,1024,adamw,0.8544005102040816,0.8995663265306123,,PRUNED
229,0.9012117346938776,2026-04-21 23:33:03.142190,2026-04-21 23:33:14.905842,0 days 00:00:11.763652,block_16,0.008031834979687853,constant,0.2832137311891388,1024,adamw,0.8587882653061224,0.9012117346938776,,PRUNED
230,0.8517346938775511,2026-04-21 23:33:15.052791,2026-04-21 23:33:21.054293,0 days 00:00:06.001502,block_16,0.005037962719281718,constant,0.37170143258594474,1024,adamw,0.8517346938775511,,,PRUNED
231,0.9226785714285715,2026-04-21 23:33:21.196846,2026-04-21 23:33:50.105323,0 days 00:00:28.908477,block_16,0.026319941383338503,constant,0.16457111457829088,1024,adamw,0.9226785714285715,,,PRUNED
232,0.9314030612244898,2026-04-21 23:33:50.257387,2026-04-21 23:35:03.614458,0 days 00:01:13.357071,block_16,0.006887079451326914,constant,0.26360200542672085,1024,adamw,0.9231377551020409,,,COMPLETE
233,0.8524362244897961,2026-04-21 23:35:03.761534,2026-04-21 23:35:09.793067,0 days 00:00:06.031533,block_16,0.005065845819908211,constant,0.3130693465155646,1024,adamw,0.8524362244897961,,,PRUNED
234,0.8879974489795919,2026-04-21 23:35:09.935416,2026-04-21 23:35:21.720673,0 days 00:00:11.785257,block_16,0.01238343069333308,constant,0.21984380412728535,1024,adamw,0.8879974489795919,,,PRUNED
235,0.9221938775510204,2026-04-21 23:35:21.853921,2026-04-21 23:35:51.025489,0 days 00:00:29.171568,block_16,0.019192730691107895,constant,0.13904836188397074,1024,adamw,0.9221938775510204,,,PRUNED
236,0.8144387755102042,2026-04-21 23:35:51.171244,2026-04-21 23:35:57.325285,0 days 00:00:06.154041,block_16,0.005082601690710763,constant,0.17824132010366472,4096,adamw,0.8144387755102042,,,PRUNED
237,0.7780994897959184,2026-04-21 23:35:57.480985,2026-04-21 23:36:03.491153,0 days 00:00:06.010168,block_16,0.02114211817211076,constant,0.19994127173093465,1024,adamw,0.7780994897959184,,,PRUNED
238,0.8907908163265306,2026-04-21 23:36:03.711592,2026-04-21 23:36:15.605873,0 days 00:00:11.894281,block_16,0.04205492846232823,constant,0.13341483618146366,1024,adamw,0.8907908163265306,,,PRUNED
239,0.9219132653061225,2026-04-21 23:36:15.744209,2026-04-21 23:36:44.966451,0 days 00:00:29.222242,block_16,0.008743554776668702,constant,0.33345154665638566,1024,adamw,0.9219132653061225,,,PRUNED
240,0.9221683673469387,2026-04-21 23:36:45.105589,2026-04-21 23:37:14.034632,0 days 00:00:28.929043,block_16,0.006380080396285977,constant,0.21615447254416922,1024,adamw,0.9221683673469387,,,PRUNED
241,0.8978571428571429,2026-04-21 23:37:14.164010,2026-04-21 23:37:25.849163,0 days 00:00:11.685153,block_16,0.007197461523867024,constant,0.3507832907121401,1024,adamw,0.8978571428571429,,,PRUNED
242,0.8520535714285713,2026-04-21 23:37:25.988296,2026-04-21 23:37:31.931813,0 days 00:00:05.943517,block_16,0.005041402250984782,constant,0.3257842962478587,1024,adamw,0.8520535714285713,,,PRUNED
243,0.931530612244898,2026-04-21 23:37:32.069570,2026-04-21 23:38:45.988754,0 days 00:01:13.919184,block_16,0.0073510701628496595,constant,0.33650656730984035,1024,adamw,0.9232397959183674,,,COMPLETE
244,0.826173469387755,2026-04-21 23:38:46.145110,2026-04-21 23:38:52.163826,0 days 00:00:06.018716,block_16,0.009797518774014238,constant,0.3107969668445242,1024,adamw,0.826173469387755,,,PRUNED
245,0.8127295918367345,2026-04-21 23:38:52.305161,2026-04-21 23:38:58.406682,0 days 00:00:06.101521,block_16,0.01048746668778806,constant,0.06006678116732336,1024,adamw,0.8127295918367345,,,PRUNED
246,0.9222704081632653,2026-04-21 23:38:58.546755,2026-04-21 23:39:27.517118,0 days 00:00:28.970363,block_16,0.007533514532284905,constant,0.359286846417478,1024,adamw,0.9222704081632653,,,PRUNED
247,0.9293750000000001,2026-04-21 23:39:27.643833,2026-04-21 23:40:41.362202,0 days 00:01:13.718369,block_16,0.007520402506444958,constant,0.2644383419087288,1024,adamw,0.9008290816326531,0.9231760204081634,,COMPLETE
248,0.9221045918367348,2026-04-21 23:40:41.523553,2026-04-21 23:41:10.904012,0 days 00:00:29.380459,block_16,0.006403586296412332,constant,0.29555513520518806,1024,adamw,0.9006632653061224,0.9221045918367348,,PRUNED
249,0.8521811224489795,2026-04-21 23:41:11.053551,2026-04-21 23:41:17.196374,0 days 00:00:06.142823,block_16,0.006733127389692425,constant,0.26640415682330865,1024,adamw,0.8521811224489795,,,PRUNED
250,0.8497576530612245,2026-04-21 23:41:17.349933,2026-04-21 23:41:23.454651,0 days 00:00:06.104718,block_16,0.007892411678432161,constant,0.39414161235670575,1024,adamw,0.8497576530612245,,,PRUNED
251,0.8999617346938775,2026-04-21 23:41:23.655191,2026-04-21 23:41:35.480191,0 days 00:00:11.825000,block_16,0.005194727217993369,constant,0.2527622021862505,1024,adamw,0.8553316326530613,0.8999617346938775,,PRUNED
252,0.8954591836734693,2026-04-21 23:41:35.628634,2026-04-21 23:41:47.500758,0 days 00:00:11.872124,block_16,0.009126937809968264,constant,0.3030799147528954,1024,adamw,0.8954591836734693,,,PRUNED
253,0.931875,2026-04-21 23:41:47.635962,2026-04-21 23:43:01.541398,0 days 00:01:13.905436,block_16,0.006576024489989187,constant,0.28424078983825674,1024,adamw,0.9229719387755102,,,COMPLETE
254,0.9224489795918368,2026-04-21 23:43:01.693960,2026-04-21 23:43:30.566323,0 days 00:00:28.872363,block_16,0.006218158353305543,constant,0.31126701634760084,1024,adamw,0.8606887755102042,0.9034438775510204,0.9224489795918368,PRUNED
255,0.8912755102040817,2026-04-21 23:43:30.699972,2026-04-21 23:43:42.545784,0 days 00:00:11.845812,block_16,0.009944138618893187,constant,0.2456942928652632,1024,adamw,0.8912755102040817,,,PRUNED
256,0.8137372448979592,2026-04-21 23:43:42.693613,2026-04-21 23:43:48.788170,0 days 00:00:06.094557,block_16,0.005152856664637539,constant,0.2699337024442913,4096,adamw,0.8137372448979592,,,PRUNED
257,0.9317602040816326,2026-04-21 23:43:49.005766,2026-04-21 23:45:03.019250,0 days 00:01:14.013484,block_16,0.006801661652369542,constant,0.30020881751578976,1024,adamw,0.9018877551020408,0.9232397959183674,,COMPLETE
258,0.9220153061224491,2026-04-21 23:45:03.164863,2026-04-21 23:45:32.328885,0 days 00:00:29.164022,block_16,0.0072684163657555645,constant,0.3284498857688924,1024,adamw,0.9220153061224491,,,PRUNED
259,0.9225255102040816,2026-04-21 23:45:32.474913,2026-04-21 23:46:01.716549,0 days 00:00:29.241636,block_16,0.0051193389294321885,constant,0.2673720238459962,1024,adamw,0.9225255102040816,,,PRUNED
260,0.9219387755102041,2026-04-21 23:46:01.930990,2026-04-21 23:46:31.144828,0 days 00:00:29.213838,block_16,0.0058658086871033865,constant,0.3134187291054805,1024,adamw,0.9219387755102041,,,PRUNED
261,0.8028826530612244,2026-04-21 23:46:31.292063,2026-04-21 23:46:37.332343,0 days 00:00:06.040280,block_16,0.02365357483986381,constant,0.36393940629389554,2048,adamw,0.8028826530612244,,,PRUNED
262,0.8528698979591838,2026-04-21 23:46:37.464655,2026-04-21 23:46:43.427238,0 days 00:00:05.962583,block_16,0.0067462135048844876,constant,0.28911875787417746,1024,adamw,0.8528698979591838,,,PRUNED
263,0.9006377551020407,2026-04-21 23:46:43.551652,2026-04-21 23:46:55.413882,0 days 00:00:11.862230,block_16,0.006388415152550487,constant,0.3023243913644221,1024,adamw,0.8569515306122449,0.9006377551020407,,PRUNED
264,0.9001785714285715,2026-04-21 23:46:55.541095,2026-04-21 23:47:07.272092,0 days 00:00:11.730997,block_16,0.005273583691846369,constant,0.29347115684231634,1024,adamw,0.8544005102040817,0.9001785714285715,,PRUNED
265,0.8497831632653061,2026-04-21 23:47:07.397069,2026-04-21 23:47:13.438654,0 days 00:00:06.041585,block_16,0.007964589680857266,constant,0.21582938346489888,1024,adamw,0.8497831632653061,,,PRUNED
266,0.8460331632653061,2026-04-21 23:47:13.596574,2026-04-21 23:47:19.701642,0 days 00:00:06.105068,block_16,0.008245377410921325,constant,0.2946841760849712,1024,adamw,0.8460331632653061,,,PRUNED
267,0.9014285714285715,2026-04-21 23:47:19.858728,2026-04-21 23:47:31.811881,0 days 00:00:11.953153,block_16,0.007961114135071667,constant,0.3557537287917985,1024,adamw,0.8667602040816327,0.9014285714285715,,PRUNED
268,0.8526913265306123,2026-04-21 23:47:31.965781,2026-04-21 23:47:38.023370,0 days 00:00:06.057589,block_16,0.006802778371764664,constant,0.26108627927731276,1024,adamw,0.8526913265306123,,,PRUNED
269,0.8377678571428571,2026-04-21 23:47:38.169976,2026-04-21 23:47:44.208083,0 days 00:00:06.038107,block_16,0.019068841025945523,constant,0.07749226851811453,3072,adamw,0.8377678571428571,,,PRUNED
270,0.8332908163265306,2026-04-21 23:47:44.351678,2026-04-21 23:47:50.447693,0 days 00:00:06.096015,block_16,0.005205721323475274,constant,0.34678220041994523,2048,adamw,0.8332908163265306,,,PRUNED
271,0.8530612244897959,2026-04-21 23:47:50.613659,2026-04-21 23:47:56.643400,0 days 00:00:06.029741,block_16,0.005029197365174323,constant,0.2670150898880713,1024,adamw,0.8530612244897959,,,PRUNED
272,0.8984311224489797,2026-04-21 23:47:56.779644,2026-04-21 23:48:08.612304,0 days 00:00:11.832660,block_16,0.006003118152718895,constant,0.3552265654301803,1024,adamw,0.8984311224489797,,,PRUNED
273,0.8694770408163264,2026-04-21 23:48:08.745535,2026-04-21 23:48:20.619193,0 days 00:00:11.873658,block_16,0.02973938012373806,constant,0.21623580579746393,4096,adamw,0.8694770408163264,,,PRUNED
274,0.9312244897959183,2026-04-21 23:48:20.763121,2026-04-21 23:49:34.732652,0 days 00:01:13.969531,block_16,0.008016016248099743,constant,0.27674669227147625,1024,adamw,0.8628316326530612,0.903405612244898,0.9231760204081633,COMPLETE
275,0.921045918367347,2026-04-21 23:49:34.876523,2026-04-21 23:50:03.878988,0 days 00:00:29.002465,block_16,0.010756856943839002,constant,0.13730318191260094,2048,adamw,0.921045918367347,,,PRUNED
276,0.8106122448979591,2026-04-21 23:50:04.016872,2026-04-21 23:50:10.011473,0 days 00:00:05.994601,block_16,0.0132236096466765,constant,0.312171858675447,1024,adamw,0.8106122448979591,,,PRUNED
277,0.8530612244897959,2026-04-21 23:50:10.161667,2026-04-21 23:50:16.248824,0 days 00:00:06.087157,block_16,0.006691380391868935,constant,0.22406552995380524,1024,adamw,0.8530612244897959,,,PRUNED
278,0.9221683673469387,2026-04-21 23:50:16.396115,2026-04-21 23:50:45.439953,0 days 00:00:29.043838,block_16,0.005108619535606591,constant,0.3775478766349537,1024,adamw,0.9221683673469387,,,PRUNED
279,0.9225382653061225,2026-04-21 23:50:45.634502,2026-04-21 23:51:14.658074,0 days 00:00:29.023572,block_16,0.007991069730560347,constant,0.3152782339938904,1024,adamw,0.8680994897959184,0.9035841836734694,0.9225382653061225,PRUNED
280,0.8524744897959184,2026-04-21 23:51:14.794600,2026-04-21 23:51:20.825794,0 days 00:00:06.031194,block_16,0.006878551703297985,constant,0.2947393570821696,1024,adamw,0.8524744897959184,,,PRUNED
281,0.8994260204081632,2026-04-21 23:51:20.963153,2026-04-21 23:51:32.664374,0 days 00:00:11.701221,block_16,0.005076761632640885,constant,0.24491168821460543,1024,adamw,0.8541836734693877,0.8994260204081632,,PRUNED
282,0.8892091836734695,2026-04-21 23:51:32.813046,2026-04-21 23:51:44.540525,0 days 00:00:11.727479,block_16,0.006847363544079402,constant,0.32984614857625993,4096,adamw,0.8892091836734695,,,PRUNED
283,0.9000510204081633,2026-04-21 23:51:44.728797,2026-04-21 23:51:56.516638,0 days 00:00:11.787841,block_16,0.005274733959574579,constant,0.2887425897738605,1024,adamw,0.8541581632653061,0.9000510204081633,,PRUNED
284,0.8274872448979592,2026-04-21 23:51:56.663996,2026-04-21 23:52:02.726680,0 days 00:00:06.062684,block_16,0.008546527028806324,constant,0.2382396717416268,2048,adamw,0.8274872448979592,,,PRUNED
285,0.8880484693877551,2026-04-21 23:52:02.867417,2026-04-21 23:52:14.540847,0 days 00:00:11.673430,block_16,0.01051893655351235,constant,0.28173130476027275,1024,adamw,0.8880484693877551,,,PRUNED
286,0.852640306122449,2026-04-21 23:52:14.683420,2026-04-21 23:52:20.653747,0 days 00:00:05.970327,block_16,0.007027882512816006,constant,0.32725713794196126,1024,adamw,0.852640306122449,,,PRUNED
287,0.9309311224489796,2026-04-21 23:52:20.789238,2026-04-21 23:53:34.732008,0 days 00:01:13.942770,block_16,0.00785597561387581,constant,0.22475631523391276,1024,adamw,0.8711224489795918,0.9060204081632653,0.9234948979591837,COMPLETE
288,0.8535969387755102,2026-04-21 23:53:34.881158,2026-04-21 23:53:40.958476,0 days 00:00:06.077318,block_16,0.005405079545971636,constant,0.32146454595921914,1024,adamw,0.8535969387755102,,,PRUNED
289,0.853405612244898,2026-04-21 23:53:41.112213,2026-04-21 23:53:47.171493,0 days 00:00:06.059280,block_16,0.007162771573690667,constant,0.283548091498629,1024,adamw,0.853405612244898,,,PRUNED
290,0.8525255102040817,2026-04-21 23:53:47.337022,2026-04-21 23:53:53.373155,0 days 00:00:06.036133,block_16,0.005001211982738189,constant,0.285123004872005,1024,adamw,0.8525255102040817,,,PRUNED
291,0.8295025510204082,2026-04-21 23:53:53.518942,2026-04-21 23:53:59.612619,0 days 00:00:06.093677,block_16,0.009641557382486047,constant,0.3385307978919074,1024,adamw,0.8295025510204082,,,PRUNED
292,0.8430994897959184,2026-04-21 23:53:59.779757,2026-04-21 23:54:05.828878,0 days 00:00:06.049121,block_16,0.007399713679350523,constant,0.2890485159312818,2048,adamw,0.8430994897959184,,,PRUNED
293,0.9223086734693877,2026-04-21 23:54:06.004763,2026-04-21 23:54:34.902442,0 days 00:00:28.897679,block_16,0.0067105838542363214,constant,0.2319855552200242,1024,adamw,0.9030739795918369,0.9223086734693877,,PRUNED
294,0.9210841836734693,2026-04-21 23:54:35.027372,2026-04-21 23:55:04.045164,0 days 00:00:29.017792,block_16,0.007208168533427452,constant,0.25834761576132936,3072,adamw,0.9210841836734693,,,PRUNED
295,0.9314540816326531,2026-04-21 23:55:04.202603,2026-04-21 23:56:17.583380,0 days 00:01:13.380777,block_16,0.007860407150437117,constant,0.2869484706240421,1024,adamw,0.9228188775510204,,,COMPLETE
296,0.9309311224489796,2026-04-21 23:56:17.724639,2026-04-21 23:57:31.501956,0 days 00:01:13.777317,block_16,0.007349442791648637,constant,0.273847474932235,1024,adamw,0.9233035714285713,,,COMPLETE
297,0.897219387755102,2026-04-21 23:57:31.638211,2026-04-21 23:57:43.410450,0 days 00:00:11.772239,block_16,0.005062194680401016,constant,0.3505497810762757,1024,adamw,0.897219387755102,,,PRUNED
298,0.7703954081632652,2026-04-21 23:57:43.562916,2026-04-21 23:57:49.583950,0 days 00:00:06.021034,block_16,0.015885552056660517,constant,0.28082875821025594,2048,adamw,0.7703954081632652,,,PRUNED
299,0.9014795918367348,2026-04-21 23:57:49.722619,2026-04-21 23:58:01.528945,0 days 00:00:11.806326,block_16,0.005287806167481392,constant,0.22145179897275846,1024,adamw,0.8552678571428571,0.9014795918367348,,PRUNED
300,0.9227168367346938,2026-04-21 23:58:01.686226,2026-04-21 23:58:30.480869,0 days 00:00:28.794643,block_16,0.007205025609936998,constant,0.29780724209035175,1024,adamw,0.9227168367346938,,,PRUNED
301,0.8420918367346938,2026-04-21 23:58:30.606837,2026-04-21 23:58:36.593787,0 days 00:00:05.986950,block_16,0.00666356339579826,constant,0.3132185609246009,3072,adamw,0.8420918367346938,,,PRUNED
302,0.899030612244898,2026-04-21 23:58:36.734211,2026-04-21 23:58:48.408228,0 days 00:00:11.674017,block_16,0.005161258430853184,constant,0.2939065942146657,1024,adamw,0.899030612244898,,,PRUNED
303,0.879170918367347,2026-04-21 23:58:48.539012,2026-04-21 23:59:00.217100,0 days 00:00:11.678088,block_16,0.023464828991465677,constant,0.07322977691366406,4096,adamw,0.879170918367347,,,PRUNED
304,0.9226403061224491,2026-04-21 23:59:00.366543,2026-04-21 23:59:29.228737,0 days 00:00:28.862194,block_16,0.007839938530368691,constant,0.33741706208409716,1024,adamw,0.9226403061224491,,,PRUNED
305,0.8310204081632654,2026-04-21 23:59:29.370406,2026-04-21 23:59:35.400448,0 days 00:00:06.030042,block_16,0.009328590933135556,constant,0.24382828581366012,1024,adamw,0.8310204081632654,,,PRUNED
306,0.9310841836734693,2026-04-21 23:59:35.596100,2026-04-22 00:00:48.899454,0 days 00:01:13.303354,block_16,0.006444895530842572,constant,0.24783602608082583,1024,adamw,0.9229209183673469,,,COMPLETE
307,0.8401785714285713,2026-04-22 00:00:49.043514,2026-04-22 00:00:55.023344,0 days 00:00:05.979830,block_16,0.008722662430792392,constant,0.15234661319598514,1024,adamw,0.8401785714285713,,,PRUNED
308,0.9221683673469387,2026-04-22 00:00:55.169555,2026-04-22 00:01:24.247639,0 days 00:00:29.078084,block_16,0.01065055690641938,constant,0.2853905008009505,1024,adamw,0.9221683673469387,,,PRUNED
309,0.8275892857142857,2026-04-22 00:01:24.400632,2026-04-22 00:01:30.431414,0 days 00:00:06.030782,block_16,0.01799567733605714,constant,0.3380386945922274,2048,adamw,0.8275892857142857,,,PRUNED
310,0.8521045918367346,2026-04-22 00:01:30.574894,2026-04-22 00:01:36.585648,0 days 00:00:06.010754,block_16,0.006997963978560401,constant,0.33551069802494143,1024,adamw,0.8521045918367346,,,PRUNED
311,0.8471301020408164,2026-04-22 00:01:36.721168,2026-04-22 00:01:42.804655,0 days 00:00:06.083487,block_16,0.008530949817527791,constant,0.3982727770614825,1024,adamw,0.8471301020408164,,,PRUNED
312,0.9012372448979592,2026-04-22 00:01:42.954029,2026-04-22 00:01:54.813423,0 days 00:00:11.859394,block_16,0.0063381573215000545,constant,0.2604702569474904,1024,adamw,0.8640816326530613,0.9012372448979592,,PRUNED
313,0.9225382653061225,2026-04-22 00:01:54.962900,2026-04-22 00:02:24.032977,0 days 00:00:29.070077,block_16,0.00506481254767848,constant,0.2949417822136283,1024,adamw,0.9225382653061225,,,PRUNED
314,0.8996811224489796,2026-04-22 00:02:24.181419,2026-04-22 00:02:36.135179,0 days 00:00:11.953760,block_16,0.0076926482706251775,constant,0.28143805932041527,1024,adamw,0.8536862244897959,0.8996811224489796,,PRUNED
