number,value,datetime_start,datetime_complete,duration,params_clip_layer,params_lr,params_lr_scheduler,params_mlp_dropout,params_mlp_hidden_dim,params_optimizer_type,system_attrs_completed_rung_0,system_attrs_completed_rung_1,system_attrs_completed_rung_2,state
315,0.7896301020408164,2026-04-22 00:02:36.270604,2026-04-22 00:02:42.344443,0 days 00:00:06.073839,block_16,0.05735718450186528,constant,0.07528308686532131,3072,adamw,0.7896301020408164,,,PRUNED
316,0.8992091836734694,2026-04-22 00:02:42.495985,2026-04-22 00:02:54.462969,0 days 00:00:11.966984,block_16,0.0050623269951286295,constant,0.2490570370456618,1024,adamw,0.8539030612244898,0.8992091836734694,,PRUNED
317,0.9296045918367346,2026-04-22 00:02:54.616394,2026-04-22 00:04:09.061109,0 days 00:01:14.444715,block_16,0.007997369204809163,constant,0.3153096810217304,1024,adamw,0.8680357142857142,0.9031632653061225,0.9230739795918368,COMPLETE
318,0.899170918367347,2026-04-22 00:04:09.191369,2026-04-22 00:04:20.897456,0 days 00:00:11.706087,block_16,0.006027436444670723,constant,0.33401762915667416,1024,adamw,0.8560841836734694,0.899170918367347,,PRUNED
319,0.9228698979591836,2026-04-22 00:04:21.048486,2026-04-22 00:04:50.049570,0 days 00:00:29.001084,block_16,0.00765828877982374,constant,0.25519094452713337,1024,adamw,0.8594387755102041,0.9025765306122449,0.9228698979591836,PRUNED
320,0.8984566326530612,2026-04-22 00:04:50.174015,2026-04-22 00:05:01.909549,0 days 00:00:11.735534,block_16,0.00709630610630116,constant,0.18247852265209466,1024,adamw,0.8984566326530612,,,PRUNED
321,0.9317984693877551,2026-04-22 00:05:02.052141,2026-04-22 00:06:15.465152,0 days 00:01:13.413011,block_16,0.006782548134369856,constant,0.3064018599340413,1024,adamw,0.9228571428571428,,,COMPLETE
322,0.7961862244897959,2026-04-22 00:06:15.601350,2026-04-22 00:06:21.543454,0 days 00:00:05.942104,block_16,0.025956843269692158,constant,0.3965315748868947,2048,adamw,0.7961862244897959,,,PRUNED
323,0.9225637755102041,2026-04-22 00:06:21.667003,2026-04-22 00:06:50.429406,0 days 00:00:28.762403,block_16,0.005243111317799725,constant,0.2802423664155988,1024,adamw,0.900420918367347,0.9225637755102041,,PRUNED
324,0.9008545918367348,2026-04-22 00:06:50.569700,2026-04-22 00:07:02.233522,0 days 00:00:11.663822,block_16,0.0071209343943107,constant,0.2713701177439407,1024,adamw,0.8537755102040817,0.9008545918367348,,PRUNED
325,0.8887372448979591,2026-04-22 00:07:02.387525,2026-04-22 00:07:14.095635,0 days 00:00:11.708110,block_16,0.01100798970826102,constant,0.2617337182309158,1024,adamw,0.8887372448979591,,,PRUNED
326,0.853469387755102,2026-04-22 00:07:14.262135,2026-04-22 00:07:20.263698,0 days 00:00:06.001563,block_16,0.006638368146576409,constant,0.2866415284812127,1024,adamw,0.853469387755102,,,PRUNED
327,0.898545918367347,2026-04-22 00:07:20.398504,2026-04-22 00:07:32.035398,0 days 00:00:11.636894,block_16,0.005230200809840162,constant,0.3298376101446455,1024,adamw,0.898545918367347,,,PRUNED
328,0.9298341836734694,2026-04-22 00:07:32.181730,2026-04-22 00:08:45.817284,0 days 00:01:13.635554,block_16,0.007916239509966809,constant,0.2443803667021412,1024,adamw,0.9050127551020407,0.924030612244898,,COMPLETE
329,0.8241326530612245,2026-04-22 00:08:45.967773,2026-04-22 00:08:51.972162,0 days 00:00:06.004389,block_16,0.010825002318641318,constant,0.3816862358526807,3072,adamw,0.8241326530612245,,,PRUNED
330,0.8474107142857144,2026-04-22 00:08:52.119122,2026-04-22 00:08:58.139678,0 days 00:00:06.020556,block_16,0.010765456065960625,constant,0.24594282766469297,4096,adamw,0.8474107142857144,,,PRUNED
331,0.852359693877551,2026-04-22 00:08:58.279759,2026-04-22 00:09:04.234347,0 days 00:00:05.954588,block_16,0.005039870784301995,constant,0.2891955852324918,1024,adamw,0.852359693877551,,,PRUNED
332,0.9012117346938776,2026-04-22 00:09:04.368932,2026-04-22 00:09:16.120206,0 days 00:00:11.751274,block_16,0.007842308237186112,constant,0.3138566730517386,1024,adamw,0.8639285714285715,0.9012117346938776,,PRUNED
333,0.8533035714285714,2026-04-22 00:09:16.261794,2026-04-22 00:09:22.225431,0 days 00:00:05.963637,block_16,0.00686825513902798,constant,0.2605621752733226,1024,adamw,0.8533035714285714,,,PRUNED
334,0.8939923469387755,2026-04-22 00:09:22.441790,2026-04-22 00:09:34.133722,0 days 00:00:11.691932,block_16,0.014240031773157254,constant,0.34239202521361245,4096,adamw,0.854170918367347,0.8939923469387755,,PRUNED
335,0.9315688775510205,2026-04-22 00:09:34.285794,2026-04-22 00:10:47.726653,0 days 00:01:13.440859,block_16,0.005797645692051593,constant,0.3996918199951587,1024,adamw,0.9001147959183673,0.922780612244898,,COMPLETE
336,0.8971683673469387,2026-04-22 00:10:47.865094,2026-04-22 00:10:59.669278,0 days 00:00:11.804184,block_16,0.005963565049979669,constant,0.39938102331212455,2048,adamw,0.8971683673469387,,,PRUNED
337,0.8505102040816326,2026-04-22 00:10:59.837544,2026-04-22 00:11:05.894936,0 days 00:00:06.057392,block_16,0.006900358204392926,constant,0.39657839859555644,1024,adamw,0.8505102040816326,,,PRUNED
338,0.8510076530612244,2026-04-22 00:11:06.040249,2026-04-22 00:11:12.045306,0 days 00:00:06.005057,block_16,0.006788562325036605,constant,0.3786537702527511,1024,adamw,0.8510076530612244,,,PRUNED
339,0.9319132653061225,2026-04-22 00:11:12.174172,2026-04-22 00:12:25.786155,0 days 00:01:13.611983,block_16,0.005667486015262537,constant,0.38194952553416456,1024,adamw,0.9004336734693877,0.9230867346938775,,COMPLETE
340,0.8970663265306122,2026-04-22 00:12:25.924671,2026-04-22 00:12:37.691707,0 days 00:00:11.767036,block_16,0.006244000134625239,constant,0.380480345826029,1024,adamw,0.8970663265306122,,,PRUNED
341,0.9009056122448981,2026-04-22 00:12:37.914173,2026-04-22 00:12:49.697337,0 days 00:00:11.783164,block_16,0.006102237438935619,constant,0.2024976839076507,1024,adamw,0.8652295918367346,0.9009056122448981,,PRUNED
342,0.9225637755102041,2026-04-22 00:12:49.844583,2026-04-22 00:13:18.849813,0 days 00:00:29.005230,block_16,0.010673311452031346,constant,0.27837088914352454,1024,adamw,0.9225637755102041,,,PRUNED
343,0.7436479591836734,2026-04-22 00:13:18.999952,2026-04-22 00:13:25.013034,0 days 00:00:06.013082,block_16,0.015503092633348802,constant,0.2030624105926543,3072,adamw,0.7436479591836734,,,PRUNED
344,0.8531632653061224,2026-04-22 00:13:25.157381,2026-04-22 00:13:31.231826,0 days 00:00:06.074445,block_16,0.005323112329623941,constant,0.3377992044376321,1024,adamw,0.8531632653061224,,,PRUNED
345,0.9228316326530612,2026-04-22 00:13:31.373652,2026-04-22 00:14:00.501971,0 days 00:00:29.128319,block_16,0.007954236299027436,constant,0.31282679106111877,1024,adamw,0.8685969387755103,0.9035586734693877,0.9228316326530612,PRUNED
346,0.8917091836734694,2026-04-22 00:14:00.649153,2026-04-22 00:14:12.493962,0 days 00:00:11.844809,block_16,0.010085624550148073,constant,0.20603116063788074,1024,adamw,0.8917091836734694,,,PRUNED
347,0.9224107142857142,2026-04-22 00:14:12.654989,2026-04-22 00:14:41.665380,0 days 00:00:29.010391,block_16,0.006981445947257505,constant,0.257541208640491,1024,adamw,0.8548724489795918,0.9034948979591838,0.9224107142857142,PRUNED
348,0.8974617346938776,2026-04-22 00:14:41.877880,2026-04-22 00:14:53.718447,0 days 00:00:11.840567,block_16,0.0052044767870313945,constant,0.36428698070508736,1024,adamw,0.8974617346938776,,,PRUNED
349,0.8033545918367346,2026-04-22 00:14:53.874731,2026-04-22 00:14:59.958613,0 days 00:00:06.083882,block_16,0.07013744907400184,constant,0.11244832455293273,2048,adamw,0.8033545918367346,,,PRUNED
350,0.8465433673469388,2026-04-22 00:15:00.100566,2026-04-22 00:15:06.167682,0 days 00:00:06.067116,block_16,0.008153993234308977,constant,0.29203440881911497,1024,adamw,0.8465433673469388,,,PRUNED
351,0.8269132653061225,2026-04-22 00:15:06.315419,2026-04-22 00:15:12.351934,0 days 00:00:06.036515,block_16,0.005404814226363514,constant,0.22282534492224634,2048,adamw,0.8269132653061225,,,PRUNED
352,0.8251530612244898,2026-04-22 00:15:12.512660,2026-04-22 00:15:18.637035,0 days 00:00:06.124375,block_16,0.007837692626393524,constant,0.15220929096055164,3072,adamw,0.8251530612244898,,,PRUNED
353,0.9228698979591838,2026-04-22 00:15:18.782779,2026-04-22 00:15:47.986001,0 days 00:00:29.203222,block_16,0.005898068322399166,constant,0.2489759043970014,1024,adamw,0.8628698979591837,0.9051275510204081,0.9228698979591838,PRUNED
354,0.8218239795918366,2026-04-22 00:15:48.136398,2026-04-22 00:15:54.179408,0 days 00:00:06.043010,block_16,0.010111892522530695,constant,0.32443804625997696,1024,adamw,0.8218239795918366,,,PRUNED
355,0.8510076530612245,2026-04-22 00:15:54.334567,2026-04-22 00:16:00.471752,0 days 00:00:06.137185,block_16,0.005070596242678251,constant,0.38947387173726244,1024,adamw,0.8510076530612245,,,PRUNED
356,0.9226785714285713,2026-04-22 00:16:00.620811,2026-04-22 00:16:29.621528,0 days 00:00:29.000717,block_16,0.0052468480882771175,constant,0.2780369411413082,1024,adamw,0.9004336734693879,0.9226785714285713,,PRUNED
357,0.9184821428571428,2026-04-22 00:16:29.782415,2026-04-22 00:16:58.738526,0 days 00:00:28.956111,block_16,0.02426444427316041,constant,0.33355898764597386,2048,adamw,0.9184821428571428,,,PRUNED
358,0.8285204081632653,2026-04-22 00:16:58.874241,2026-04-22 00:17:04.937652,0 days 00:00:06.063411,block_16,0.0053256553532705,constant,0.3745876104526027,3072,adamw,0.8285204081632653,,,PRUNED
359,0.8531377551020408,2026-04-22 00:17:05.099351,2026-04-22 00:17:11.181449,0 days 00:00:06.082098,block_16,0.007734076510346017,constant,0.3076657213603128,1024,adamw,0.8531377551020408,,,PRUNED
360,0.8341709183673469,2026-04-22 00:17:11.330405,2026-04-22 00:17:17.278502,0 days 00:00:05.948097,block_16,0.0091797375099758,constant,0.23312844892037526,1024,adamw,0.8341709183673469,,,PRUNED
361,0.9225255102040816,2026-04-22 00:17:17.423420,2026-04-22 00:17:46.512094,0 days 00:00:29.088674,block_16,0.0067023015813794115,constant,0.29849097253243806,1024,adamw,0.9023724489795918,0.9225255102040816,,PRUNED
362,0.9017219387755101,2026-04-22 00:17:46.657960,2026-04-22 00:17:58.372696,0 days 00:00:11.714736,block_16,0.0057369224131844235,constant,0.23285790128130326,1024,adamw,0.8570280612244898,0.9017219387755101,,PRUNED
363,0.931734693877551,2026-04-22 00:17:58.512844,2026-04-22 00:19:12.180701,0 days 00:01:13.667857,block_16,0.006667166958907871,constant,0.30776637940038365,1024,adamw,0.9023979591836735,0.9231760204081633,,COMPLETE
364,0.8985841836734694,2026-04-22 00:19:12.339126,2026-04-22 00:19:24.144258,0 days 00:00:11.805132,block_16,0.007135430745219167,constant,0.3191544000576404,1024,adamw,0.8985841836734694,,,PRUNED
365,0.8526658163265305,2026-04-22 00:19:24.338267,2026-04-22 00:19:30.401556,0 days 00:00:06.063289,block_16,0.0050004544992847694,constant,0.2796565799162016,1024,adamw,0.8526658163265305,,,PRUNED
366,0.8984948979591837,2026-04-22 00:19:30.549756,2026-04-22 00:19:42.279355,0 days 00:00:11.729599,block_16,0.00521722061449989,constant,0.3286953605209856,1024,adamw,0.8539413265306123,0.8984948979591837,,PRUNED
367,0.8967602040816326,2026-04-22 00:19:42.434060,2026-04-22 00:19:54.336113,0 days 00:00:11.902053,block_16,0.008722568600594624,constant,0.2757483808321813,1024,adamw,0.8967602040816326,,,PRUNED
368,0.9225,2026-04-22 00:19:54.494805,2026-04-22 00:20:23.737707,0 days 00:00:29.242902,block_16,0.00576781903308225,constant,0.3128511488654355,4096,adamw,0.8621811224489795,0.9042729591836733,0.9225,PRUNED
369,0.8486096938775509,2026-04-22 00:20:23.878017,2026-04-22 00:20:29.935674,0 days 00:00:06.057657,block_16,0.008070134647741992,constant,0.2298782550341974,1024,adamw,0.8486096938775509,,,PRUNED
370,0.8224489795918368,2026-04-22 00:20:30.090845,2026-04-22 00:20:36.149585,0 days 00:00:06.058740,block_16,0.011991130178980257,constant,0.39500415350119533,1024,adamw,0.8224489795918368,,,PRUNED
371,0.9224744897959184,2026-04-22 00:20:36.278074,2026-04-22 00:21:05.270157,0 days 00:00:28.992083,block_16,0.007847211376647713,constant,0.28438111596195037,1024,adamw,0.9224744897959184,,,PRUNED
372,0.8930229591836734,2026-04-22 00:21:05.432205,2026-04-22 00:21:17.184996,0 days 00:00:11.752791,block_16,0.009545295828579136,constant,0.3440813012573574,1024,adamw,0.8930229591836734,,,PRUNED
373,0.852780612244898,2026-04-22 00:21:17.332755,2026-04-22 00:21:23.450925,0 days 00:00:06.118170,block_16,0.0068373019505332784,constant,0.26990553570671016,1024,adamw,0.852780612244898,,,PRUNED
374,0.9317602040816326,2026-04-22 00:21:23.592388,2026-04-22 00:22:37.106176,0 days 00:01:13.513788,block_16,0.006938441172113009,constant,0.3055685575466956,1024,adamw,0.9230229591836735,,,COMPLETE
375,0.8532780612244898,2026-04-22 00:22:37.244035,2026-04-22 00:22:43.192774,0 days 00:00:05.948739,block_16,0.005153055414100346,constant,0.32150551999434984,1024,adamw,0.8532780612244898,,,PRUNED
376,0.8899872448979592,2026-04-22 00:22:43.342606,2026-04-22 00:22:55.242095,0 days 00:00:11.899489,block_16,0.036236580975068114,constant,0.3126950491521238,4096,adamw,0.8899872448979592,,,PRUNED
377,0.9307780612244898,2026-04-22 00:22:55.384956,2026-04-22 00:24:09.227431,0 days 00:01:13.842475,block_16,0.0052398078982037796,constant,0.1533774165673592,1024,adamw,0.9017729591836735,0.9229336734693877,,COMPLETE
378,0.8533928571428571,2026-04-22 00:24:09.380904,2026-04-22 00:24:15.424853,0 days 00:00:06.043949,block_16,0.005007386285891508,constant,0.2407947887500994,1024,adamw,0.8533928571428571,,,PRUNED
379,0.9301785714285714,2026-04-22 00:24:15.565701,2026-04-22 00:25:28.912256,0 days 00:01:13.346555,block_16,0.007850308511105533,constant,0.3220815044295628,1024,adamw,0.9012372448979592,0.9233035714285714,,COMPLETE
380,0.8990816326530613,2026-04-22 00:25:29.070018,2026-04-22 00:25:40.826211,0 days 00:00:11.756193,block_16,0.007213969081212322,constant,0.32599495761625186,1024,adamw,0.8990816326530613,,,PRUNED
381,0.8977423469387755,2026-04-22 00:25:40.969906,2026-04-22 00:25:52.671133,0 days 00:00:11.701227,block_16,0.0072667390415297115,constant,0.35528274025337725,1024,adamw,0.8977423469387755,,,PRUNED
382,0.9227168367346937,2026-04-22 00:25:52.808860,2026-04-22 00:26:21.657318,0 days 00:00:28.848458,block_16,0.0053674381579118064,constant,0.3083125166102334,1024,adamw,0.9227168367346937,,,PRUNED
383,0.8406760204081632,2026-04-22 00:26:21.841258,2026-04-22 00:26:27.854851,0 days 00:00:06.013593,block_16,0.007178952405790892,constant,0.2943481397622706,2048,adamw,0.8406760204081632,,,PRUNED
384,0.7776658163265306,2026-04-22 00:26:27.994282,2026-04-22 00:26:33.959703,0 days 00:00:05.965421,block_16,0.043654848502173986,constant,0.3246687691696328,2048,adamw,0.7776658163265306,,,PRUNED
385,0.8530102040816325,2026-04-22 00:26:34.086899,2026-04-22 00:26:40.065636,0 days 00:00:05.978737,block_16,0.006728089152361074,constant,0.27359220813247886,1024,adamw,0.8530102040816325,,,PRUNED
386,0.9314158163265307,2026-04-22 00:26:40.225498,2026-04-22 00:27:53.835849,0 days 00:01:13.610351,block_16,0.005210772583621047,constant,0.29720990581334317,1024,adamw,0.9228826530612244,,,COMPLETE
387,0.8976275510204083,2026-04-22 00:27:53.979035,2026-04-22 00:28:05.774593,0 days 00:00:11.795558,block_16,0.007391816000422285,constant,0.36692249391547993,1024,adamw,0.8976275510204083,,,PRUNED
388,0.8990688775510204,2026-04-22 00:28:05.926788,2026-04-22 00:28:17.798859,0 days 00:00:11.872071,block_16,0.005076930073578928,constant,0.25070458249072686,1024,adamw,0.8542474489795919,0.8990688775510204,,PRUNED
389,0.8925127551020408,2026-04-22 00:28:17.937612,2026-04-22 00:28:29.810280,0 days 00:00:11.872668,block_16,0.008884655907465367,constant,0.37276228548882784,4096,adamw,0.8925127551020408,,,PRUNED
390,0.9212755102040816,2026-04-22 00:28:29.952526,2026-04-22 00:28:59.062768,0 days 00:00:29.110242,block_16,0.005720392619162491,constant,0.25001039348440257,3072,adamw,0.8702933673469389,0.9036989795918368,0.9212755102040816,PRUNED
391,0.9224107142857142,2026-04-22 00:28:59.216978,2026-04-22 00:29:28.216119,0 days 00:00:28.999141,block_16,0.005166216548639249,constant,0.37617347475792,1024,adamw,0.9224107142857142,,,PRUNED
392,0.8534821428571429,2026-04-22 00:29:28.364775,2026-04-22 00:29:34.354525,0 days 00:00:05.989750,block_16,0.007196035389859064,constant,0.2947535138673634,1024,adamw,0.8534821428571429,,,PRUNED
393,0.9200255102040816,2026-04-22 00:29:34.502867,2026-04-22 00:30:03.365812,0 days 00:00:28.862945,block_16,0.015707573349570642,constant,0.3613471982273385,2048,adamw,0.9200255102040816,,,PRUNED
394,0.8976020408163266,2026-04-22 00:30:03.510432,2026-04-22 00:30:15.274637,0 days 00:00:11.764205,block_16,0.008813701444464205,constant,0.31285526799622965,3072,adamw,0.8976020408163266,,,PRUNED
395,0.8510841836734695,2026-04-22 00:30:15.413971,2026-04-22 00:30:21.456065,0 days 00:00:06.042094,block_16,0.007229975643670697,constant,0.3182902639884361,1024,adamw,0.8510841836734695,,,PRUNED
396,0.818686224489796,2026-04-22 00:30:21.600145,2026-04-22 00:30:27.565099,0 days 00:00:05.964954,block_16,0.011249052434048062,constant,0.3200213812849341,1024,adamw,0.818686224489796,,,PRUNED
397,0.9315816326530613,2026-04-22 00:30:27.718159,2026-04-22 00:31:41.163163,0 days 00:01:13.445004,block_16,0.007561966616541177,constant,0.22198791358854764,1024,adamw,0.9021683673469387,0.924311224489796,,COMPLETE
398,0.9225382653061225,2026-04-22 00:31:41.304945,2026-04-22 00:32:10.158841,0 days 00:00:28.853896,block_16,0.0063660744268216685,constant,0.2813845470970193,1024,adamw,0.9225382653061225,,,PRUNED
399,0.9011224489795918,2026-04-22 00:32:10.362022,2026-04-22 00:32:22.114674,0 days 00:00:11.752652,block_16,0.005269815546492814,constant,0.2082038844439466,1024,adamw,0.8556887755102041,0.9011224489795918,,PRUNED
