number,value,datetime_start,datetime_complete,duration,params_clip_layer,params_lr,params_lr_scheduler,params_mlp_dropout,params_mlp_hidden_dim,params_optimizer_type,system_attrs_completed_rung_0,system_attrs_completed_rung_1,system_attrs_completed_rung_2,state
0,0.9300510204081632,2026-04-21 21:42:41.688519,2026-04-21 21:43:55.816050,0 days 00:01:14.127531,block_16,0.013786796469674746,constant,0.10459808211767094,1024,adamw,,,,COMPLETE
1,0.9324489795918367,2026-04-21 21:43:55.962847,2026-04-21 21:45:09.717973,0 days 00:01:13.755126,block_16,0.005851694339817631,constant,0.389468448256698,1024,adamw,0.8995025510204081,0.9228316326530612,,COMPLETE
2,0.9294642857142857,2026-04-21 21:45:09.860840,2026-04-21 21:46:25.044964,0 days 00:01:15.184124,block_16,0.0476429360852012,constant,0.23366475107128326,4096,adamw,0.7821556122448979,0.8447767857142857,0.917984693877551,COMPLETE
3,0.7758801020408164,2026-04-21 21:46:25.187970,2026-04-21 21:46:31.312716,0 days 00:00:06.124746,block_16,0.016105594676022232,constant,0.17822664515279213,2048,adamw,0.7758801020408164,,,PRUNED
4,0.8969515306122449,2026-04-21 21:46:31.444644,2026-04-21 21:46:43.219789,0 days 00:00:11.775145,block_16,0.01719293123969148,constant,0.0662576444519992,1024,adamw,0.8969515306122449,,,PRUNED
5,0.9280484693877551,2026-04-21 21:46:43.363991,2026-04-21 21:47:57.471732,0 days 00:01:14.107741,block_16,0.025911836468209465,constant,0.33293907184076144,4096,adamw,0.9154081632653062,,,COMPLETE
6,0.9296173469387755,2026-04-21 21:47:57.620957,2026-04-21 21:49:12.103175,0 days 00:01:14.482218,block_16,0.011408369940408102,constant,0.2233119185389446,2048,adamw,0.919936224489796,,,COMPLETE
7,0.9224744897959184,2026-04-21 21:49:12.268595,2026-04-21 21:49:41.613496,0 days 00:00:29.344901,block_16,0.00548799925106472,constant,0.23202380741223383,1024,adamw,0.9026658163265306,0.9224744897959184,,PRUNED
8,0.9321428571428572,2026-04-21 21:49:41.763738,2026-04-21 21:50:56.570585,0 days 00:01:14.806847,block_16,0.021976128462431514,constant,0.3631895726496771,2048,adamw,0.8036479591836734,0.8826147959183673,0.9190051020408163,COMPLETE
9,0.9314795918367347,2026-04-21 21:50:56.724459,2026-04-21 21:52:11.446420,0 days 00:01:14.721961,block_16,0.025243812351202467,constant,0.16386561576714254,1024,adamw,0.9214668367346939,,,COMPLETE
10,0.8993877551020407,2026-04-21 21:52:11.590225,2026-04-21 21:52:23.526632,0 days 00:00:11.936407,block_16,0.007187149560259538,constant,0.3823630171988805,1024,adamw,0.8993877551020407,,,PRUNED
11,0.877780612244898,2026-04-21 21:52:23.678300,2026-04-21 21:52:35.506641,0 days 00:00:11.828341,block_16,0.02686666423786663,constant,0.3723870984160529,2048,adamw,0.877780612244898,,,PRUNED
12,0.9189285714285714,2026-04-21 21:52:35.655122,2026-04-21 21:53:04.859226,0 days 00:00:29.204104,block_16,0.006894352184346654,constant,0.3571974984189833,2048,adamw,0.9189285714285714,,,PRUNED
13,0.7934821428571428,2026-04-21 21:53:05.022406,2026-04-21 21:53:11.039496,0 days 00:00:06.017090,block_16,0.01477667994912702,constant,0.31972651052363305,1024,adamw,0.7934821428571428,,,PRUNED
14,0.8795408163265307,2026-04-21 21:53:11.215916,2026-04-21 21:53:23.015726,0 days 00:00:11.799810,block_16,0.05562956403005612,constant,0.39423497680288755,3072,adamw,0.8795408163265307,,,PRUNED
15,0.929515306122449,2026-04-21 21:53:23.148455,2026-04-21 21:54:37.484154,0 days 00:01:14.335699,block_16,0.009582762486629412,constant,0.34933543364137837,3072,adamw,0.8308290816326531,0.8944515306122449,0.9209438775510204,COMPLETE
16,0.9197066326530612,2026-04-21 21:54:37.630820,2026-04-21 21:55:06.827795,0 days 00:00:29.196975,block_16,0.0065652002181838115,constant,0.35144070745778977,4096,adamw,0.9042474489795919,0.9197066326530612,,PRUNED
17,0.8770153061224489,2026-04-21 21:55:06.954953,2026-04-21 21:55:18.988377,0 days 00:00:12.033424,block_16,0.0364490771657369,constant,0.23963574574108104,2048,adamw,0.8770153061224489,,,PRUNED
18,0.9160204081632654,2026-04-21 21:55:19.143246,2026-04-21 21:55:48.465080,0 days 00:00:29.321834,block_16,0.01998815208705585,constant,0.38432531236436096,3072,adamw,0.9160204081632654,,,PRUNED
19,0.8842729591836735,2026-04-21 21:55:48.599197,2026-04-21 21:56:00.436307,0 days 00:00:11.837110,block_16,0.013029683479181675,constant,0.38796082332522436,1024,adamw,0.8166964285714287,0.8842729591836735,,PRUNED
20,0.879170918367347,2026-04-21 21:56:00.587113,2026-04-21 21:56:12.442572,0 days 00:00:11.855459,block_16,0.06846347866996175,constant,0.35477593158195864,2048,adamw,0.879170918367347,,,PRUNED
21,0.8637755102040816,2026-04-21 21:56:12.566594,2026-04-21 21:56:24.415666,0 days 00:00:11.849072,block_16,0.026140989990766233,constant,0.16758147236280435,1024,adamw,0.8637755102040816,,,PRUNED
22,0.8804719387755102,2026-04-21 21:56:24.586741,2026-04-21 21:56:36.418521,0 days 00:00:11.831780,block_16,0.054584970803980636,constant,0.06678042849163794,1024,adamw,0.8182397959183673,0.8804719387755102,,PRUNED
23,0.8961479591836734,2026-04-21 21:56:36.567232,2026-04-21 21:56:48.322742,0 days 00:00:11.755510,block_16,0.005138307426815165,constant,0.39760810221238624,1024,adamw,0.8961479591836734,,,PRUNED
24,0.9194642857142856,2026-04-21 21:56:48.463588,2026-04-21 21:57:17.617838,0 days 00:00:29.154250,block_16,0.03309724936781277,constant,0.1030536002722887,3072,adamw,0.826530612244898,0.890625,0.9194642857142856,PRUNED
25,0.919375,2026-04-21 21:57:17.777316,2026-04-21 21:57:47.092763,0 days 00:00:29.315447,block_16,0.021170478205177354,constant,0.22608345765493873,3072,adamw,0.8224362244897958,0.8947193877551021,0.919375,PRUNED
26,0.9185204081632652,2026-04-21 21:57:47.228695,2026-04-21 21:58:16.333146,0 days 00:00:29.104451,block_16,0.047007223409601805,constant,0.28598477223635854,1024,adamw,0.9185204081632652,,,PRUNED
27,0.9265688775510205,2026-04-21 21:58:16.486371,2026-04-21 21:59:31.147576,0 days 00:01:14.661205,block_16,0.005392159114088112,constant,0.10234983545434101,4096,adamw,0.9223852040816327,,,COMPLETE
28,0.8885969387755103,2026-04-21 21:59:31.297277,2026-04-21 21:59:43.344243,0 days 00:00:12.046966,block_16,0.03411918913273193,constant,0.12477318994912123,4096,adamw,0.8885969387755103,,,PRUNED
29,0.8846428571428572,2026-04-21 21:59:43.496762,2026-04-21 21:59:55.559215,0 days 00:00:12.062453,block_16,0.02075133952180344,constant,0.2751700943010157,2048,adamw,0.8846428571428572,,,PRUNED
30,0.9312755102040817,2026-04-21 21:59:55.708020,2026-04-21 22:01:11.477179,0 days 00:01:15.769159,block_16,0.014618013121769599,constant,0.15356574680351393,1024,adamw,0.9229081632653061,,,COMPLETE
31,0.8874617346938776,2026-04-21 22:01:11.625507,2026-04-21 22:01:23.537345,0 days 00:00:11.911838,block_16,0.014106399729314092,constant,0.21726590042919725,1024,adamw,0.8874617346938776,,,PRUNED
32,0.8862117346938776,2026-04-21 22:01:23.673522,2026-04-21 22:01:35.491804,0 days 00:00:11.818282,block_16,0.012935124635358905,constant,0.1581726682275573,1024,adamw,0.8862117346938776,,,PRUNED
33,0.8917474489795919,2026-04-21 22:01:35.641277,2026-04-21 22:01:47.557182,0 days 00:00:11.915905,block_16,0.010690236679936854,constant,0.11181064340316874,3072,adamw,0.8261734693877549,0.8917474489795919,,PRUNED
34,0.9291326530612245,2026-04-21 22:01:47.764539,2026-04-21 22:03:02.133429,0 days 00:01:14.368890,block_16,0.012861679189599384,constant,0.20164417187001754,4096,adamw,0.9237627551020408,,,COMPLETE
35,0.7935331632653062,2026-04-21 22:03:02.266457,2026-04-21 22:03:08.404281,0 days 00:00:06.137824,block_16,0.028925334565823555,constant,0.1633615384091828,1024,adamw,0.7935331632653062,,,PRUNED
36,0.9205357142857143,2026-04-21 22:03:08.555737,2026-04-21 22:03:37.717514,0 days 00:00:29.161777,block_16,0.02053542584015198,constant,0.09542078462911396,2048,adamw,0.9205357142857143,,,PRUNED
37,0.818954081632653,2026-04-21 22:03:37.841700,2026-04-21 22:03:43.922530,0 days 00:00:06.080830,block_16,0.019956797075047092,constant,0.3453192930317406,2048,adamw,0.818954081632653,,,PRUNED
38,0.8940178571428572,2026-04-21 22:03:44.056802,2026-04-21 22:03:55.985610,0 days 00:00:11.928808,block_16,0.00923388210996326,constant,0.12334421531919063,1024,adamw,0.8940178571428572,,,PRUNED
39,0.9305357142857144,2026-04-21 22:03:56.148653,2026-04-21 22:05:10.678406,0 days 00:01:14.529753,block_16,0.007278970103532753,constant,0.3167914030290182,1024,adamw,0.8494387755102041,0.8971683673469388,0.921951530612245,COMPLETE
40,0.8766581632653061,2026-04-21 22:05:10.802399,2026-04-21 22:05:22.687236,0 days 00:00:11.884837,block_16,0.024322567496853433,constant,0.3901208288051042,4096,adamw,0.8766581632653061,,,PRUNED
41,0.9319132653061225,2026-04-21 22:05:22.829315,2026-04-21 22:06:37.515836,0 days 00:01:14.686521,block_16,0.006083266279047179,constant,0.2942552834592636,1024,adamw,0.9028443877551019,0.923265306122449,,COMPLETE
42,0.9222704081632653,2026-04-21 22:06:37.650719,2026-04-21 22:07:07.238889,0 days 00:00:29.588170,block_16,0.006095737457750703,constant,0.2258839607265289,4096,adamw,0.9021938775510204,0.9222704081632653,,PRUNED
43,0.9203826530612245,2026-04-21 22:07:07.391833,2026-04-21 22:07:37.745823,0 days 00:00:30.353990,block_16,0.006517831738273413,constant,0.2266489377058134,3072,adamw,0.9203826530612245,,,PRUNED
44,0.9312882653061225,2026-04-21 22:07:37.899684,2026-04-21 22:08:53.512807,0 days 00:01:15.613123,block_16,0.005021481186311554,constant,0.3029672111040352,1024,adamw,0.8520535714285715,0.8983035714285715,0.9225510204081633,COMPLETE
45,0.9315943877551021,2026-04-21 22:08:53.681613,2026-04-21 22:10:10.207722,0 days 00:01:16.526109,block_16,0.006547547161334279,constant,0.3054506906786433,1024,adamw,0.8550127551020409,0.8985204081632653,0.9219770408163265,COMPLETE
46,0.9196428571428572,2026-04-21 22:10:10.353245,2026-04-21 22:10:39.914015,0 days 00:00:29.560770,block_16,0.005480305690147728,constant,0.3002760840920862,2048,adamw,0.8270663265306122,0.8986224489795918,0.9196428571428572,PRUNED
47,0.9310586734693878,2026-04-21 22:10:40.046527,2026-04-21 22:11:54.704960,0 days 00:01:14.658433,block_16,0.00795427361577351,constant,0.2639012459719815,1024,adamw,0.870140306122449,0.9044770408163265,0.9224617346938775,COMPLETE
48,0.895841836734694,2026-04-21 22:11:54.872674,2026-04-21 22:12:06.967599,0 days 00:00:12.094925,block_16,0.008758955781764981,constant,0.3146336726685273,1024,adamw,0.8430357142857142,0.895841836734694,,PRUNED
49,0.9205484693877551,2026-04-21 22:12:07.098150,2026-04-21 22:12:37.223886,0 days 00:00:30.125736,block_16,0.005187326428170412,constant,0.3857927766815858,3072,adamw,0.900140306122449,0.9205484693877551,,PRUNED
50,0.9209948979591838,2026-04-21 22:12:37.362986,2026-04-21 22:13:06.741292,0 days 00:00:29.378306,block_16,0.014130568297426841,constant,0.05974308407901663,4096,adamw,0.9032908163265306,0.9209948979591838,,PRUNED
51,0.9316581632653061,2026-04-21 22:13:06.887391,2026-04-21 22:14:21.855439,0 days 00:01:14.968048,block_16,0.006401858559959499,constant,0.26140524400932685,1024,adamw,0.8624872448979592,0.9031377551020409,0.922576530612245,COMPLETE
52,0.9311224489795917,2026-04-21 22:14:22.006691,2026-04-21 22:15:37.689903,0 days 00:01:15.683212,block_16,0.005061636459547853,constant,0.23170732777145656,1024,adamw,0.8543239795918366,0.8992474489795919,0.9223596938775509,COMPLETE
53,0.9309183673469388,2026-04-21 22:15:37.828709,2026-04-21 22:16:54.310485,0 days 00:01:16.481776,block_16,0.007804597041246224,constant,0.3754250754385016,1024,adamw,0.9230739795918368,,,COMPLETE
54,0.9167474489795919,2026-04-21 22:16:54.454720,2026-04-21 22:17:24.228344,0 days 00:00:29.773624,block_16,0.018436131120165424,constant,0.39256282563783523,2048,adamw,0.9167474489795919,,,PRUNED
55,0.9314158163265306,2026-04-21 22:17:24.383354,2026-04-21 22:18:39.958801,0 days 00:01:15.575447,block_16,0.00539112543649583,constant,0.31562489376198744,1024,adamw,0.8536989795918367,0.8999234693877551,0.9225510204081633,COMPLETE
56,0.931530612244898,2026-04-21 22:18:40.102767,2026-04-21 22:19:57.351322,0 days 00:01:17.248555,block_16,0.005648367547686501,constant,0.2920244013475401,1024,adamw,0.8548086734693878,0.9026403061224489,0.9229081632653061,COMPLETE
57,0.8439923469387757,2026-04-21 22:19:57.488166,2026-04-21 22:20:03.713277,0 days 00:00:06.225111,block_16,0.008669388581640753,constant,0.2810966991426245,1024,adamw,0.8439923469387757,,,PRUNED
58,0.9196173469387755,2026-04-21 22:20:03.865405,2026-04-21 22:20:33.941925,0 days 00:00:30.076520,block_16,0.009560493112585059,constant,0.2963288046896784,4096,adamw,0.9196173469387755,,,PRUNED
59,0.9320663265306123,2026-04-21 22:20:34.079711,2026-04-21 22:21:50.170849,0 days 00:01:16.091138,block_16,0.006723896165827295,constant,0.267726265069689,1024,adamw,0.8525382653061224,0.902844387755102,0.9236734693877551,COMPLETE
60,0.7557397959183674,2026-04-21 22:21:50.323958,2026-04-21 22:21:56.577996,0 days 00:00:06.254038,block_16,0.07099145443636672,constant,0.15735732467868296,3072,adamw,0.7557397959183674,,,PRUNED
61,0.851045918367347,2026-04-21 22:21:56.739676,2026-04-21 22:22:02.965043,0 days 00:00:06.225367,block_16,0.008278648725837966,constant,0.22418377572427947,1024,adamw,0.851045918367347,,,PRUNED
62,0.9320535714285715,2026-04-21 22:22:03.113321,2026-04-21 22:23:18.116315,0 days 00:01:15.002994,block_16,0.0059140633551019025,constant,0.28257869830113747,1024,adamw,0.8595408163265306,0.9043622448979591,0.9229591836734694,COMPLETE
63,0.8281377551020409,2026-04-21 22:23:18.371113,2026-04-21 22:23:24.514730,0 days 00:00:06.143617,block_16,0.008865321112120489,constant,0.3023649361635117,3072,adamw,0.8281377551020409,,,PRUNED
64,0.9310841836734693,2026-04-21 22:23:24.660415,2026-04-21 22:24:39.651003,0 days 00:01:14.990588,block_16,0.00693742118586771,constant,0.26355862084101334,1024,adamw,0.8541071428571427,0.9025382653061225,0.9229081632653061,COMPLETE
65,0.898469387755102,2026-04-21 22:24:39.824577,2026-04-21 22:24:51.816731,0 days 00:00:11.992154,block_16,0.0050671850758604335,constant,0.2878859082702679,1024,adamw,0.898469387755102,,,PRUNED
66,0.9191326530612246,2026-04-21 22:24:51.954648,2026-04-21 22:25:21.795557,0 days 00:00:29.840909,block_16,0.036299524801703155,constant,0.38294504539083446,2048,adamw,0.9191326530612246,,,PRUNED
67,0.9211352040816326,2026-04-21 22:25:21.938148,2026-04-21 22:25:51.493777,0 days 00:00:29.555629,block_16,0.0081316646780667,constant,0.18950587788857468,2048,adamw,0.9016964285714286,0.9211352040816326,,PRUNED
68,0.8998086734693878,2026-04-21 22:25:51.638843,2026-04-21 22:26:03.439704,0 days 00:00:11.800861,block_16,0.005690792840856097,constant,0.38905709494547785,1024,adamw,0.8530484693877551,0.8998086734693878,,PRUNED
69,0.8455867346938776,2026-04-21 22:26:03.564887,2026-04-21 22:26:09.737862,0 days 00:00:06.172975,block_16,0.008614576823114329,constant,0.2528408905801817,1024,adamw,0.8455867346938776,,,PRUNED
70,0.8390433673469389,2026-04-21 22:26:09.890968,2026-04-21 22:26:16.136582,0 days 00:00:06.245614,block_16,0.005474660695603925,constant,0.28188846114837496,4096,adamw,0.8390433673469389,,,PRUNED
71,0.9314413265306122,2026-04-21 22:26:16.316012,2026-04-21 22:27:31.018923,0 days 00:01:14.702911,block_16,0.005327731149730407,constant,0.2632241056556237,1024,adamw,0.8547448979591837,0.900969387755102,0.9228061224489796,COMPLETE
72,0.8119132653061225,2026-04-21 22:27:31.161733,2026-04-21 22:27:37.360584,0 days 00:00:06.198851,block_16,0.012795832454519483,constant,0.3026795798016818,2048,adamw,0.8119132653061225,,,PRUNED
73,0.806734693877551,2026-04-21 22:27:37.502039,2026-04-21 22:27:43.647986,0 days 00:00:06.145947,block_16,0.05238364163658378,constant,0.39979472293068985,1024,adamw,0.806734693877551,,,PRUNED
74,0.8473214285714287,2026-04-21 22:27:43.790452,2026-04-21 22:27:49.916805,0 days 00:00:06.126353,block_16,0.00828860110120654,constant,0.30920714983936864,1024,adamw,0.8473214285714287,,,PRUNED
75,0.894872448979592,2026-04-21 22:27:50.072114,2026-04-21 22:28:01.978190,0 days 00:00:11.906076,block_16,0.06802982426226993,constant,0.282614591812701,4096,adamw,0.894872448979592,,,PRUNED
76,0.8419260204081632,2026-04-21 22:28:02.139010,2026-04-21 22:28:08.375706,0 days 00:00:06.236696,block_16,0.008211436348015404,constant,0.3935342963652169,2048,adamw,0.8419260204081632,,,PRUNED
77,0.8993622448979591,2026-04-21 22:28:08.541064,2026-04-21 22:28:20.635205,0 days 00:00:12.094141,block_16,0.0058253480605398355,constant,0.32327707961199525,1024,adamw,0.8553443877551021,0.8993622448979591,,PRUNED
78,0.8481505102040816,2026-04-21 22:28:20.808707,2026-04-21 22:28:27.053874,0 days 00:00:06.245167,block_16,0.006161905865131286,constant,0.29123911923763324,3072,adamw,0.8481505102040816,,,PRUNED
79,0.9223852040816326,2026-04-21 22:28:27.210405,2026-04-21 22:28:57.273377,0 days 00:00:30.062972,block_16,0.007637503767330224,constant,0.29992804204335366,1024,adamw,0.8522193877551021,0.900280612244898,0.9223852040816326,PRUNED
80,0.922359693877551,2026-04-21 22:28:57.440122,2026-04-21 22:29:26.962236,0 days 00:00:29.522114,block_16,0.006152366349351198,constant,0.2238268896395022,1024,adamw,0.8651275510204082,0.9029464285714285,0.922359693877551,PRUNED
81,0.7975,2026-04-21 22:29:27.097392,2026-04-21 22:29:33.206635,0 days 00:00:06.109243,block_16,0.028433327250147952,constant,0.20861568718918697,1024,adamw,0.7975,,,PRUNED
82,0.815625,2026-04-21 22:29:33.338714,2026-04-21 22:29:39.405824,0 days 00:00:06.067110,block_16,0.048562209862099595,constant,0.15573729174257894,1024,adamw,0.815625,,,PRUNED
83,0.9198341836734694,2026-04-21 22:29:39.546857,2026-04-21 22:30:08.676901,0 days 00:00:29.130044,block_16,0.025240415290812244,constant,0.31103297325215934,2048,adamw,0.9198341836734694,,,PRUNED
84,0.8329464285714285,2026-04-21 22:30:08.818777,2026-04-21 22:30:14.907285,0 days 00:00:06.088508,block_16,0.010436423899250832,constant,0.38279221097464944,4096,adamw,0.8329464285714285,,,PRUNED
85,0.8169260204081633,2026-04-21 22:30:15.031953,2026-04-21 22:30:21.070922,0 days 00:00:06.038969,block_16,0.01946377087468333,constant,0.12404775089992609,1024,adamw,0.8169260204081633,,,PRUNED
86,0.9316326530612244,2026-04-21 22:30:21.216299,2026-04-21 22:31:35.931625,0 days 00:01:14.715326,block_16,0.005613542283746021,constant,0.2932220159485393,1024,adamw,0.8546301020408164,0.9021173469387757,0.9233928571428571,COMPLETE
87,0.8855102040816326,2026-04-21 22:31:36.074225,2026-04-21 22:31:47.883788,0 days 00:00:11.809563,block_16,0.07475850275663094,constant,0.20709946769873197,2048,adamw,0.8855102040816326,,,PRUNED
88,0.8982525510204082,2026-04-21 22:31:48.025452,2026-04-21 22:31:59.849672,0 days 00:00:11.824220,block_16,0.005198886447568408,constant,0.3517504522072942,1024,adamw,0.8534438775510205,0.8982525510204082,,PRUNED
89,0.8984311224489796,2026-04-21 22:31:59.993498,2026-04-21 22:32:11.871440,0 days 00:00:11.877942,block_16,0.0050762061925559605,constant,0.2920873973453559,1024,adamw,0.852997448979592,0.8984311224489796,,PRUNED
90,0.8204846938775511,2026-04-21 22:32:12.023770,2026-04-21 22:32:18.161539,0 days 00:00:06.137769,block_16,0.01194899296547438,constant,0.31762148505632304,1024,adamw,0.8204846938775511,,,PRUNED
91,0.8994387755102041,2026-04-21 22:32:18.311663,2026-04-21 22:32:30.340364,0 days 00:00:12.028701,block_16,0.006468549665625293,constant,0.28723436972537175,1024,adamw,0.8548214285714286,0.8994387755102041,,PRUNED
92,0.9309438775510204,2026-04-21 22:32:30.489560,2026-04-21 22:33:45.269468,0 days 00:01:14.779908,block_16,0.007162589501171064,constant,0.2572430593379487,1024,adamw,0.9233928571428571,,,COMPLETE
93,0.931658163265306,2026-04-21 22:33:45.426943,2026-04-21 22:34:59.620567,0 days 00:01:14.193624,block_16,0.006711178851200887,constant,0.30975010346666104,1024,adamw,0.9021301020408163,0.9229464285714286,,COMPLETE
94,0.8162244897959184,2026-04-21 22:34:59.768869,2026-04-21 22:35:05.892273,0 days 00:00:06.123404,block_16,0.006362068835727598,constant,0.24410152000370883,2048,adamw,0.8162244897959184,,,PRUNED
95,0.9313647959183674,2026-04-21 22:35:06.042496,2026-04-21 22:36:20.168189,0 days 00:01:14.125693,block_16,0.007738480281881447,constant,0.34245796627260916,1024,adamw,0.9222831632653061,,,COMPLETE
96,0.9317219387755101,2026-04-21 22:36:20.327812,2026-04-21 22:37:34.982356,0 days 00:01:14.654544,block_16,0.0052089128131349504,constant,0.28700961040032497,1024,adamw,0.9230867346938776,,,COMPLETE
97,0.851658163265306,2026-04-21 22:37:35.129568,2026-04-21 22:37:41.215533,0 days 00:00:06.085965,block_16,0.00501294548750396,constant,0.3292617872178753,1024,adamw,0.851658163265306,,,PRUNED
98,0.920140306122449,2026-04-21 22:37:41.356934,2026-04-21 22:38:10.632070,0 days 00:00:29.275136,block_16,0.005006045349487972,constant,0.3663384514065956,4096,adamw,0.920140306122449,,,PRUNED
99,0.9316326530612244,2026-04-21 22:38:10.776475,2026-04-21 22:39:25.337417,0 days 00:01:14.560942,block_16,0.005712427250525049,constant,0.24789268820801003,1024,adamw,0.9230102040816327,,,COMPLETE
100,0.9223979591836735,2026-04-21 22:39:25.489761,2026-04-21 22:39:54.989723,0 days 00:00:29.499962,block_16,0.005334252905318771,constant,0.23390290877876097,1024,adamw,0.9015688775510203,0.9223979591836735,,PRUNED
101,0.9317219387755101,2026-04-21 22:39:55.142977,2026-04-21 22:41:12.165593,0 days 00:01:17.022616,block_16,0.008294395342963777,constant,0.2639654910494431,1024,adamw,0.9005484693877551,0.9229974489795918,,COMPLETE
102,0.9220535714285714,2026-04-21 22:41:12.314287,2026-04-21 22:41:42.520459,0 days 00:00:30.206172,block_16,0.012307091859114912,constant,0.26164800791534293,1024,adamw,0.9220535714285714,,,PRUNED
