number,value,datetime_start,datetime_complete,duration,params_clip_layer,params_lr,params_lr_scheduler,params_mlp_dropout,params_mlp_hidden_dim,params_optimizer_type,state
246,0.9258163265306122,2026-04-21 18:00:05.648054,2026-04-21 18:00:40.573563,0 days 00:00:34.925509,block_16,0.0060003499391885935,constant,0.1963166594389939,1024,adamw,PRUNED
247,0.9083801020408162,2026-04-21 18:00:40.721657,2026-04-21 18:00:58.284776,0 days 00:00:17.563119,block_16,0.005073775605420709,constant,0.14833609038679033,1024,adamw,PRUNED
248,0.908545918367347,2026-04-21 18:00:58.452991,2026-04-21 18:01:15.878278,0 days 00:00:17.425287,block_16,0.005309459270895939,constant,0.21138011857974537,1024,adamw,PRUNED
249,0.9091581632653061,2026-04-21 18:01:16.041154,2026-04-21 18:01:33.438935,0 days 00:00:17.397781,block_16,0.005653094939562228,constant,0.2608555858960677,1024,adamw,PRUNED
250,0.9142346938775511,2026-04-21 18:01:33.564836,2026-04-21 18:01:56.636114,0 days 00:00:23.071278,block_16,0.011063703323003667,constant,0.1868379184761804,2048,adamw,PRUNED
251,0.9056377551020408,2026-04-21 18:01:56.763929,2026-04-21 18:02:14.184856,0 days 00:00:17.420927,block_16,0.023733593122224266,constant,0.21685147640071972,4096,adamw,PRUNED
252,0.9144515306122449,2026-04-21 18:02:14.326885,2026-04-21 18:02:34.664712,0 days 00:00:20.337827,block_16,0.008327667378465157,constant,0.20600100516409067,1024,adamw,PRUNED
253,0.9145280612244898,2026-04-21 18:02:34.816425,2026-04-21 18:02:55.132538,0 days 00:00:20.316113,block_16,0.05980396259300157,constant,0.2800285923787629,4096,adamw,PRUNED
254,0.9085331632653062,2026-04-21 18:02:55.278374,2026-04-21 18:03:12.616818,0 days 00:00:17.338444,block_16,0.005072467409920663,constant,0.13918332125826055,1024,adamw,PRUNED
255,0.9037755102040816,2026-04-21 18:03:12.749605,2026-04-21 18:03:30.125431,0 days 00:00:17.375826,block_16,0.020294957259233443,constant,0.35180218760121496,3072,adamw,PRUNED
256,0.9079974489795919,2026-04-21 18:03:30.260273,2026-04-21 18:03:47.691248,0 days 00:00:17.430975,block_16,0.00837070600412601,constant,0.3652917110949204,1024,adamw,PRUNED
257,0.9143622448979591,2026-04-21 18:03:47.844543,2026-04-21 18:04:08.096506,0 days 00:00:20.251963,block_16,0.005664133000010207,constant,0.224391845751016,3072,adamw,PRUNED
258,0.9144642857142857,2026-04-21 18:04:08.241261,2026-04-21 18:04:28.475301,0 days 00:00:20.234040,block_16,0.019508953579329448,constant,0.07481407790697535,1024,adamw,PRUNED
259,0.9082270408163265,2026-04-21 18:04:28.615396,2026-04-21 18:04:46.061793,0 days 00:00:17.446397,block_16,0.005103217285673723,constant,0.18516635275270882,1024,adamw,PRUNED
260,0.9080867346938775,2026-04-21 18:04:46.206507,2026-04-21 18:05:03.632301,0 days 00:00:17.425794,block_16,0.005221372891628078,constant,0.2381322731785347,1024,adamw,PRUNED
261,0.9012117346938775,2026-04-21 18:05:03.764033,2026-04-21 18:05:21.290341,0 days 00:00:17.526308,block_16,0.07044123863535244,constant,0.39774700403108293,3072,adamw,PRUNED
262,0.9202040816326531,2026-04-21 18:05:21.425612,2026-04-21 18:06:24.975815,0 days 00:01:03.550203,block_16,0.005704378056894224,constant,0.12620056583787714,3072,adamw,PRUNED
263,0.905688775510204,2026-04-21 18:06:25.146759,2026-04-21 18:06:43.050161,0 days 00:00:17.903402,block_16,0.006350211097840736,constant,0.3892774847244172,1024,adamw,PRUNED
264,0.9133801020408163,2026-04-21 18:06:43.209697,2026-04-21 18:07:04.096748,0 days 00:00:20.887051,block_16,0.007060285126850479,constant,0.1425827823889981,3072,adamw,PRUNED
265,0.9110204081632653,2026-04-21 18:07:04.242308,2026-04-21 18:07:25.012962,0 days 00:00:20.770654,block_16,0.007424185665905361,constant,0.12051999087061356,3072,adamw,PRUNED
266,0.9129081632653061,2026-04-21 18:07:25.147460,2026-04-21 18:07:45.715052,0 days 00:00:20.567592,block_16,0.005140073472746017,constant,0.23847207317389324,3072,adamw,PRUNED
267,0.9007142857142857,2026-04-21 18:07:45.883994,2026-04-21 18:08:03.399259,0 days 00:00:17.515265,block_16,0.0204290613866633,constant,0.1997660401137598,1024,adamw,PRUNED
268,0.9068367346938776,2026-04-21 18:08:03.645461,2026-04-21 18:08:21.117690,0 days 00:00:17.472229,block_16,0.016834491631960814,constant,0.3208874277401824,1024,adamw,PRUNED
269,0.9065433673469387,2026-04-21 18:08:21.282138,2026-04-21 18:08:38.890774,0 days 00:00:17.608636,block_16,0.02785573951207732,constant,0.34047420747814494,2048,adamw,PRUNED
270,0.9075892857142858,2026-04-21 18:08:39.030467,2026-04-21 18:08:56.715960,0 days 00:00:17.685493,block_16,0.017014840035544078,constant,0.2262968981999228,2048,adamw,PRUNED
271,0.9118239795918368,2026-04-21 18:08:56.881361,2026-04-21 18:09:17.540244,0 days 00:00:20.658883,block_16,0.00595400819385417,constant,0.051510468079354,3072,adamw,PRUNED
272,0.9144387755102041,2026-04-21 18:09:17.701084,2026-04-21 18:09:38.350279,0 days 00:00:20.649195,block_16,0.00566822136032081,constant,0.16096658843124723,3072,adamw,PRUNED
273,0.9253698979591837,2026-04-21 18:09:38.520575,2026-04-21 18:10:16.260012,0 days 00:00:37.739437,block_16,0.008030702654939938,constant,0.15099955550330718,1024,adamw,PRUNED
274,0.9182142857142858,2026-04-21 18:10:16.414129,2026-04-21 18:10:39.786609,0 days 00:00:23.372480,block_16,0.009350593237989572,constant,0.12457295931279068,4096,adamw,PRUNED
275,0.8981887755102042,2026-04-21 18:10:39.934513,2026-04-21 18:10:57.428339,0 days 00:00:17.493826,block_16,0.024222472250340684,constant,0.12748151849786457,1024,adamw,PRUNED
276,0.9051913265306123,2026-04-21 18:10:57.589647,2026-04-21 18:11:15.282373,0 days 00:00:17.692726,block_16,0.009134947615455758,constant,0.23687250836577628,1024,adamw,PRUNED
277,0.9115178571428572,2026-04-21 18:11:15.460975,2026-04-21 18:11:36.683822,0 days 00:00:21.222847,block_16,0.005849645131015869,constant,0.10806239280356153,3072,adamw,PRUNED
278,0.9030484693877552,2026-04-21 18:11:36.864058,2026-04-21 18:11:54.959648,0 days 00:00:18.095590,block_16,0.014510489164706921,constant,0.08627699483962083,1024,adamw,PRUNED
279,0.9133673469387755,2026-04-21 18:11:55.128838,2026-04-21 18:12:15.885253,0 days 00:00:20.756415,block_16,0.00868900699510291,constant,0.3867202360806197,2048,adamw,PRUNED
280,0.9126147959183674,2026-04-21 18:12:16.042927,2026-04-21 18:12:36.665012,0 days 00:00:20.622085,block_16,0.03395960634662535,constant,0.32844799690751,4096,adamw,PRUNED
281,0.9187244897959184,2026-04-21 18:12:36.813672,2026-04-21 18:13:00.042781,0 days 00:00:23.229109,block_16,0.005076029212102807,constant,0.14368869527396116,4096,adamw,PRUNED
282,0.9076275510204082,2026-04-21 18:13:00.172990,2026-04-21 18:13:17.794452,0 days 00:00:17.621462,block_16,0.006627254307465731,constant,0.342502590293142,1024,adamw,PRUNED
283,0.9088265306122449,2026-04-21 18:13:17.937804,2026-04-21 18:13:35.753538,0 days 00:00:17.815734,block_16,0.005225500793334629,constant,0.21655884480221743,1024,adamw,PRUNED
284,0.9311479591836735,2026-04-21 18:13:35.910303,2026-04-21 18:14:51.181546,0 days 00:01:15.271243,block_16,0.0076319339391654395,constant,0.18046640491145652,1024,adamw,COMPLETE
285,0.9043494897959183,2026-04-21 18:14:51.328109,2026-04-21 18:15:09.047301,0 days 00:00:17.719192,block_16,0.009791509897725804,constant,0.15043992593054517,1024,adamw,PRUNED
286,0.926109693877551,2026-04-21 18:15:09.200849,2026-04-21 18:15:47.306580,0 days 00:00:38.105731,block_16,0.007535969956769825,constant,0.1619292688206466,1024,adamw,PRUNED
287,0.9049999999999999,2026-04-21 18:15:47.462187,2026-04-21 18:16:05.293017,0 days 00:00:17.830830,block_16,0.009047925891611196,constant,0.2079360594444063,1024,adamw,PRUNED
288,0.8660841836734694,2026-04-21 18:16:05.444666,2026-04-21 18:16:23.366939,0 days 00:00:17.922273,block_16,0.04575718414346369,constant,0.2408092438214083,4096,adamw,PRUNED
289,0.9090688775510204,2026-04-21 18:16:23.529565,2026-04-21 18:16:41.223612,0 days 00:00:17.694047,block_16,0.007704127779043379,constant,0.17401921922958177,1024,adamw,PRUNED
290,0.9178571428571428,2026-04-21 18:16:41.365796,2026-04-21 18:17:04.792480,0 days 00:00:23.426684,block_16,0.007250486210966906,constant,0.21806669413102978,2048,adamw,PRUNED
291,0.9281505102040817,2026-04-21 18:17:04.932859,2026-04-21 18:18:00.811188,0 days 00:00:55.878329,block_16,0.007608228100964963,constant,0.19506121327823012,1024,adamw,PRUNED
292,0.9078698979591837,2026-04-21 18:18:00.975000,2026-04-21 18:18:18.820427,0 days 00:00:17.845427,block_16,0.00849768699232281,constant,0.2576674031895736,1024,adamw,PRUNED
293,0.8973852040816327,2026-04-21 18:18:18.986357,2026-04-21 18:18:36.864478,0 days 00:00:17.878121,block_16,0.039614976485328864,constant,0.1519288154176605,4096,adamw,PRUNED
294,0.9079591836734694,2026-04-21 18:18:37.029573,2026-04-21 18:18:54.875957,0 days 00:00:17.846384,block_16,0.005055177739118623,constant,0.19190776126232748,1024,adamw,PRUNED
295,0.914234693877551,2026-04-21 18:18:55.033578,2026-04-21 18:19:18.513245,0 days 00:00:23.479667,block_16,0.013345132836334752,constant,0.11632498621532766,2048,adamw,PRUNED
296,0.9145790816326531,2026-04-21 18:19:18.670500,2026-04-21 18:19:39.365180,0 days 00:00:20.694680,block_16,0.007333507339840344,constant,0.2027079051313942,1024,adamw,PRUNED
297,0.9136479591836735,2026-04-21 18:19:39.516859,2026-04-21 18:20:00.283830,0 days 00:00:20.766971,block_16,0.006868262579916407,constant,0.09252797719736441,1024,adamw,PRUNED
298,0.9067729591836735,2026-04-21 18:20:00.452875,2026-04-21 18:20:18.333061,0 days 00:00:17.880186,block_16,0.012466136602485408,constant,0.3870226821296774,1024,adamw,PRUNED
299,0.9053188775510205,2026-04-21 18:20:18.509837,2026-04-21 18:20:36.249237,0 days 00:00:17.739400,block_16,0.005123487653322949,constant,0.39287825032701157,1024,adamw,PRUNED
300,0.9116454081632653,2026-04-21 18:20:36.406928,2026-04-21 18:20:57.078180,0 days 00:00:20.671252,block_16,0.005272017926508717,constant,0.131409586619693,3072,adamw,PRUNED
301,0.9081505102040816,2026-04-21 18:20:57.256708,2026-04-21 18:21:14.975670,0 days 00:00:17.718962,block_16,0.007047399800741057,constant,0.15299118043304374,1024,adamw,PRUNED
302,0.9053316326530613,2026-04-21 18:21:15.136639,2026-04-21 18:21:32.822098,0 days 00:00:17.685459,block_16,0.01400413944733839,constant,0.08100998213266618,3072,adamw,PRUNED
303,0.9039413265306122,2026-04-21 18:21:32.973975,2026-04-21 18:21:50.703773,0 days 00:00:17.729798,block_16,0.022682709492779698,constant,0.16598309069587955,2048,adamw,PRUNED
304,0.9088010204081631,2026-04-21 18:21:50.869810,2026-04-21 18:22:08.529436,0 days 00:00:17.659626,block_16,0.017951876361258216,constant,0.3451396113596051,2048,adamw,PRUNED
305,0.9074489795918367,2026-04-21 18:22:08.692678,2026-04-21 18:22:26.466200,0 days 00:00:17.773522,block_16,0.005143326600727322,constant,0.23584672270526025,1024,adamw,PRUNED
306,0.9086607142857143,2026-04-21 18:22:26.611391,2026-04-21 18:22:44.191236,0 days 00:00:17.579845,block_16,0.0054267261929621625,constant,0.1376722986946018,1024,adamw,PRUNED
307,0.9188520408163265,2026-04-21 18:22:44.347097,2026-04-21 18:23:08.014515,0 days 00:00:23.667418,block_16,0.011911043499587805,constant,0.2396637403973219,2048,adamw,PRUNED
308,0.9271811224489795,2026-04-21 18:23:08.206252,2026-04-21 18:24:00.998244,0 days 00:00:52.791992,block_16,0.005201006262411525,constant,0.18819527224697952,1024,adamw,PRUNED
309,0.919515306122449,2026-04-21 18:24:01.167054,2026-04-21 18:24:24.680269,0 days 00:00:23.513215,block_16,0.013086414789301283,constant,0.12761590619894447,1024,adamw,PRUNED
310,0.9079209183673469,2026-04-21 18:24:24.832873,2026-04-21 18:24:42.360096,0 days 00:00:17.527223,block_16,0.006595941237720762,constant,0.2537257586538171,1024,adamw,PRUNED
311,0.8969005102040816,2026-04-21 18:24:42.514823,2026-04-21 18:24:59.961451,0 days 00:00:17.446628,block_16,0.030191716973412414,constant,0.2907313984001152,1024,adamw,PRUNED
312,0.904170918367347,2026-04-21 18:25:00.121684,2026-04-21 18:25:17.685778,0 days 00:00:17.564094,block_16,0.012863987726119413,constant,0.0617146202671066,1024,adamw,PRUNED
313,0.9067857142857143,2026-04-21 18:25:17.839946,2026-04-21 18:25:35.260422,0 days 00:00:17.420476,block_16,0.030295109682832073,constant,0.39378991572704297,2048,adamw,PRUNED
314,0.9142474489795919,2026-04-21 18:25:35.406009,2026-04-21 18:25:55.825127,0 days 00:00:20.419118,block_16,0.006943134373218958,constant,0.1912236340307535,1024,adamw,PRUNED
315,0.8959183673469387,2026-04-21 18:25:55.982933,2026-04-21 18:26:13.535800,0 days 00:00:17.552867,block_16,0.027538277351813585,constant,0.1786058876448022,1024,adamw,PRUNED
316,0.9083418367346938,2026-04-21 18:26:13.671381,2026-04-21 18:26:30.969545,0 days 00:00:17.298164,block_16,0.005050611808577693,constant,0.17679178110139138,1024,adamw,PRUNED
317,0.9197193877551021,2026-04-21 18:26:31.110890,2026-04-21 18:26:54.270341,0 days 00:00:23.159451,block_16,0.005998407325530545,constant,0.38466287862711,4096,adamw,PRUNED
318,0.9063647959183674,2026-04-21 18:26:54.413411,2026-04-21 18:27:11.814773,0 days 00:00:17.401362,block_16,0.008627626807648024,constant,0.23470739480481106,1024,adamw,PRUNED
319,0.9069642857142857,2026-04-21 18:27:11.962842,2026-04-21 18:27:29.350772,0 days 00:00:17.387930,block_16,0.013559341117750555,constant,0.1672297537375766,1024,adamw,PRUNED
320,0.9205612244897959,2026-04-21 18:27:29.491912,2026-04-21 18:27:53.730419,0 days 00:00:24.238507,block_16,0.02117438928028687,constant,0.3180274460997217,4096,adamw,PRUNED
321,0.9148469387755102,2026-04-21 18:27:53.874442,2026-04-21 18:28:17.751807,0 days 00:00:23.877365,block_16,0.012494987687224623,constant,0.1965959786208658,2048,adamw,PRUNED
322,0.9051275510204082,2026-04-21 18:28:17.894130,2026-04-21 18:28:35.417270,0 days 00:00:17.523140,block_16,0.007691387886350697,constant,0.39806943868178696,1024,adamw,PRUNED
323,0.9067602040816326,2026-04-21 18:28:35.566526,2026-04-21 18:28:53.135320,0 days 00:00:17.568794,block_16,0.0051039552865153655,constant,0.2666868777989249,1024,adamw,PRUNED
324,0.9115051020408163,2026-04-21 18:28:53.309415,2026-04-21 18:29:13.896160,0 days 00:00:20.586745,block_16,0.0064342860978662125,constant,0.14905602328888054,2048,adamw,PRUNED
325,0.9032525510204082,2026-04-21 18:29:14.051490,2026-04-21 18:29:31.777904,0 days 00:00:17.726414,block_16,0.011676641321749065,constant,0.3475427727537603,1024,adamw,PRUNED
326,0.9083673469387755,2026-04-21 18:29:31.911725,2026-04-21 18:29:49.587408,0 days 00:00:17.675683,block_16,0.007140183469925537,constant,0.18485850656815364,1024,adamw,PRUNED
327,0.9060969387755103,2026-04-21 18:29:49.740370,2026-04-21 18:30:07.392720,0 days 00:00:17.652350,block_16,0.021797094312747876,constant,0.3799161193813849,4096,adamw,PRUNED
328,0.927219387755102,2026-04-21 18:30:07.557436,2026-04-21 18:31:00.003013,0 days 00:00:52.445577,block_16,0.0052235925740480305,constant,0.19161494904458615,1024,adamw,PRUNED
329,0.9268239795918367,2026-04-21 18:31:00.147381,2026-04-21 18:31:52.462379,0 days 00:00:52.314998,block_16,0.005610410977761877,constant,0.127214624489977,1024,adamw,PRUNED
330,0.9067346938775511,2026-04-21 18:31:52.601701,2026-04-21 18:32:10.203689,0 days 00:00:17.601988,block_16,0.006156141586058994,constant,0.3369877825557368,1024,adamw,PRUNED
331,0.9204081632653061,2026-04-21 18:32:10.360747,2026-04-21 18:32:33.844636,0 days 00:00:23.483889,block_16,0.018350064711194068,constant,0.10258959132319784,1024,adamw,PRUNED
332,0.896122448979592,2026-04-21 18:32:33.996602,2026-04-21 18:32:51.681161,0 days 00:00:17.684559,block_16,0.026061980799115536,constant,0.0634150009555687,1024,adamw,PRUNED
333,0.9102168367346939,2026-04-21 18:32:51.837087,2026-04-21 18:33:12.423630,0 days 00:00:20.586543,block_16,0.011732222364536048,constant,0.1651188015592246,3072,adamw,PRUNED
334,0.926951530612245,2026-04-21 18:33:12.590491,2026-04-21 18:34:04.650105,0 days 00:00:52.059614,block_16,0.0074058239955156055,constant,0.22448489640759497,1024,adamw,PRUNED
335,0.9088392857142856,2026-04-21 18:34:04.797420,2026-04-21 18:34:22.331853,0 days 00:00:17.534433,block_16,0.005354385510825336,constant,0.22204279766725826,1024,adamw,PRUNED
336,0.9054591836734694,2026-04-21 18:34:22.464491,2026-04-21 18:34:40.012717,0 days 00:00:17.548226,block_16,0.03932653715308057,constant,0.20566532647288208,4096,adamw,PRUNED
337,0.9092091836734694,2026-04-21 18:34:40.175091,2026-04-21 18:34:57.627473,0 days 00:00:17.452382,block_16,0.008112684891079682,constant,0.1912234337180755,1024,adamw,PRUNED
338,0.9180102040816327,2026-04-21 18:34:57.777424,2026-04-21 18:35:20.918713,0 days 00:00:23.141289,block_16,0.015048492321929277,constant,0.15018749768614933,2048,adamw,PRUNED
339,0.9270280612244898,2026-04-21 18:35:21.070917,2026-04-21 18:36:13.037720,0 days 00:00:51.966803,block_16,0.008078827343221035,constant,0.15420930698707663,1024,adamw,PRUNED
340,0.9050765306122448,2026-04-21 18:36:13.188046,2026-04-21 18:36:30.694576,0 days 00:00:17.506530,block_16,0.009575928928546059,constant,0.39330443336602244,1024,adamw,PRUNED
341,0.9077933673469387,2026-04-21 18:36:30.837556,2026-04-21 18:36:48.375294,0 days 00:00:17.537738,block_16,0.007206158694842226,constant,0.22892091236427753,1024,adamw,PRUNED
342,0.9072321428571428,2026-04-21 18:36:48.511251,2026-04-21 18:37:06.046730,0 days 00:00:17.535479,block_16,0.030044590782941066,constant,0.3010646197206642,2048,adamw,PRUNED
343,0.914375,2026-04-21 18:37:06.179430,2026-04-21 18:37:29.613716,0 days 00:00:23.434286,block_16,0.030700908141275355,constant,0.28935019574493887,4096,adamw,PRUNED
344,0.9269515306122449,2026-04-21 18:37:29.761751,2026-04-21 18:38:22.427388,0 days 00:00:52.665637,block_16,0.005262800432147655,constant,0.15699050405310339,1024,adamw,PRUNED
345,0.9255612244897959,2026-04-21 18:38:22.568043,2026-04-21 18:38:57.827055,0 days 00:00:35.259012,block_16,0.005573523579175285,constant,0.2179560741865518,1024,adamw,PRUNED
346,0.9000127551020408,2026-04-21 18:38:57.960413,2026-04-21 18:39:15.690303,0 days 00:00:17.729890,block_16,0.034771519303004775,constant,0.2878487679285701,3072,adamw,PRUNED
347,0.9079209183673469,2026-04-21 18:39:15.857613,2026-04-21 18:39:33.607634,0 days 00:00:17.750021,block_16,0.011229928102412577,constant,0.33071927968756987,3072,adamw,PRUNED
348,0.908188775510204,2026-04-21 18:39:33.763662,2026-04-21 18:39:51.452721,0 days 00:00:17.689059,block_16,0.005027982879452733,constant,0.16324450627310164,1024,adamw,PRUNED
349,0.9131760204081633,2026-04-21 18:39:51.600045,2026-04-21 18:40:12.216686,0 days 00:00:20.616641,block_16,0.008133431650810248,constant,0.11202491106243473,3072,adamw,PRUNED
